#
# There is insufficient memory for the Java Runtime Environment to continue.
# Native memory allocation (malloc) failed to allocate 56336 bytes for Chunk::new
# Possible reasons:
#   The system is out of physical RAM or swap space
#   The process is running with CompressedOops enabled, and the Java Heap may be blocking the growth of the native heap
# Possible solutions:
#   Reduce memory load on the system
#   Increase physical memory or swap space
#   Check if swap backing store is full
#   Decrease Java heap size (-Xmx/-Xms)
#   Decrease number of Java threads
#   Decrease Java thread stack sizes (-Xss)
#   Set larger code cache with -XX:ReservedCodeCacheSize=
#   JVM is running with Unscaled Compressed Oops mode in which the Java heap is
#     placed in the first 4GB address space. The Java Heap base address is the
#     maximum limit for the native heap growth. Please use -XX:HeapBaseMinAddress
#     to set the Java Heap base and to place the Java Heap above 4GB virtual address.
# This output file may be truncated or incomplete.
#
#  Out of Memory Error (src/hotspot/share/memory/arena.cpp:197), pid=9164, tid=14936
#
# JRE version: OpenJDK Runtime Environment (11.0.15) (build 11.0.15+0-b2043.56-9505619)
# Java VM: OpenJDK 64-Bit Server VM (11.0.15+0-b2043.56-9505619, mixed mode, tiered, compressed oops, g1 gc, windows-amd64)
# No core dump will be written. Minidumps are not enabled by default on client versions of Windows
#

---------------  S U M M A R Y ------------

Command Line: --add-opens=java.base/java.util=ALL-UNNAMED --add-opens=java.base/java.lang=ALL-UNNAMED --add-opens=java.base/java.lang.invoke=ALL-UNNAMED --add-opens=java.base/java.util=ALL-UNNAMED --add-opens=java.prefs/java.util.prefs=ALL-UNNAMED --add-opens=java.prefs/java.util.prefs=ALL-UNNAMED --add-opens=java.base/java.nio.charset=ALL-UNNAMED --add-opens=java.base/java.net=ALL-UNNAMED --add-opens=java.base/java.util.concurrent.atomic=ALL-UNNAMED -Xmx1536M -Dfile.encoding=windows-1252 -Duser.country=US -Duser.language=en -Duser.variant org.gradle.launcher.daemon.bootstrap.GradleDaemon 7.5

Host: Intel(R) Core(TM) i7-2600 CPU @ 3.40GHz, 8 cores, 11G,  Windows 10 , 64 bit Build 19041 (10.0.19041.3570)
Time: Thu Oct 26 01:07:28 2023 Pakistan Standard Time elapsed time: 387.434181 seconds (0d 0h 6m 27s)

---------------  T H R E A D  ---------------

Current thread (0x0000011f50136000):  JavaThread "C2 CompilerThread0" daemon [_thread_in_native, id=14936, stack(0x0000001f0a700000,0x0000001f0a800000)]


Current CompileTask:
C2: 387434 16248       4       sun.nio.cs.SingleByte$Decoder::decodeArrayLoop (154 bytes)

Stack: [0x0000001f0a700000,0x0000001f0a800000]
Native frames: (J=compiled Java code, j=interpreted, Vv=VM code, C=native code)
V  [jvm.dll+0x64135a]
V  [jvm.dll+0x7d39f9]
V  [jvm.dll+0x7d51b9]
V  [jvm.dll+0x7d58a3]
V  [jvm.dll+0x2691c5]
V  [jvm.dll+0xc1a5c]
V  [jvm.dll+0xc200c]
V  [jvm.dll+0x3774a7]
V  [jvm.dll+0x1b35e4]
V  [jvm.dll+0x22163e]
V  [jvm.dll+0x220498]
V  [jvm.dll+0x19e851]
V  [jvm.dll+0x230479]
V  [jvm.dll+0x22e5ef]
V  [jvm.dll+0x794de1]
V  [jvm.dll+0x78dc24]
V  [jvm.dll+0x6400f6]
C  [ucrtbase.dll+0x21bb2]
C  [KERNEL32.DLL+0x17344]
C  [ntdll.dll+0x526b1]


---------------  P R O C E S S  ---------------

Threads class SMR info:
_java_thread_list=0x0000011f50645d30, length=135, elements={
0x0000011f366d6800, 0x0000011f4f8ae800, 0x0000011f500b3800, 0x0000011f5012d800,
0x0000011f5012f800, 0x0000011f50131000, 0x0000011f50136000, 0x0000011f50139800,
0x0000011f5017a800, 0x0000011f502a3800, 0x0000011f528f6800, 0x0000011f51919800,
0x0000011f523e9000, 0x0000011f525a6800, 0x0000011f525a2000, 0x0000011f525a1000,
0x0000011f525a3800, 0x0000011f525a2800, 0x0000011f525a6000, 0x0000011f538e1000,
0x0000011f538de800, 0x0000011f538e4800, 0x0000011f538df800, 0x0000011f538e6000,
0x0000011f538eb800, 0x0000011f5019c800, 0x0000011f501a0000, 0x0000011f501a6800,
0x0000011f501a1800, 0x0000011f501a2800, 0x0000011f5019d800, 0x0000011f5019a000,
0x0000011f5655e000, 0x0000011f56559800, 0x0000011f5655b800, 0x0000011f5655d000,
0x0000011f56558000, 0x0000011f5655c000, 0x0000011f5655e800, 0x0000011f56559000,
0x0000011f5655f800, 0x0000011f56566000, 0x0000011f56562800, 0x0000011f56560000,
0x0000011f56564800, 0x0000011f56563800, 0x0000011f56561000, 0x0000011f5019b000,
0x0000011f5019c000, 0x0000011f5019e000, 0x0000011f50199800, 0x0000011f50198800,
0x0000011f501a4000, 0x0000011f5019f000, 0x0000011f501a3000, 0x0000011f501a4800,
0x0000011f501a5800, 0x0000011f501a7000, 0x0000011f538e8800, 0x0000011f538e7000,
0x0000011f538e7800, 0x0000011f538e9000, 0x0000011f538e3800, 0x0000011f538ec800,
0x0000011f538ea000, 0x0000011f538ed800, 0x0000011f538eb000, 0x0000011f525a7800,
0x0000011f525a5000, 0x0000011f525a4800, 0x0000011f50202000, 0x0000011f50200800,
0x0000011f50201000, 0x0000011f501fe000, 0x0000011f50203000, 0x0000011f501fd000,
0x0000011f50203800, 0x0000011f50204800, 0x0000011f501ff800, 0x0000011f501ff000,
0x0000011f50209800, 0x0000011f50205800, 0x0000011f50206000, 0x0000011f5020b000,
0x0000011f50207000, 0x0000011f5020c000, 0x0000011f50207800, 0x0000011f50208800,
0x0000011f5020a000, 0x0000011f51283800, 0x0000011f51284800, 0x0000011f5127e800,
0x0000011f51282000, 0x0000011f51283000, 0x0000011f51285000, 0x0000011f5127f800,
0x0000011f51286000, 0x0000011f51280800, 0x0000011f51287000, 0x0000011f51281000,
0x0000011f5128d800, 0x0000011f51287800, 0x0000011f5128c800, 0x0000011f5128a000,
0x0000011f51288800, 0x0000011f51289800, 0x0000011f5128b000, 0x0000011f5128b800,
0x0000011f5ba6f000, 0x0000011f5ba6d800, 0x0000011f5ba69800, 0x0000011f5ba6c800,
0x0000011f5ba6e000, 0x0000011f5ba70000, 0x0000011f5ba6a000, 0x0000011f5ba6b000,
0x0000011f5ba6b800, 0x0000011f53676000, 0x0000011f53677800, 0x0000011f53678800,
0x0000011f53672800, 0x0000011f53676800, 0x0000011f53673800, 0x0000011f53674800,
0x0000011f53679000, 0x0000011f53675000, 0x0000011f5655a800, 0x0000011f56557000,
0x0000011f56565000, 0x0000011f56562000, 0x0000011f5e5eb800, 0x0000011f5e5ea800,
0x0000011f5e5ee000, 0x0000011f5e5ec800, 0x0000011f5e5ed000
}

Java Threads: ( => current thread )
  0x0000011f366d6800 JavaThread "main" [_thread_blocked, id=1280, stack(0x0000001f09b00000,0x0000001f09c00000)]
  0x0000011f4f8ae800 JavaThread "Reference Handler" daemon [_thread_blocked, id=14844, stack(0x0000001f0a200000,0x0000001f0a300000)]
  0x0000011f500b3800 JavaThread "Finalizer" daemon [_thread_blocked, id=12052, stack(0x0000001f0a300000,0x0000001f0a400000)]
  0x0000011f5012d800 JavaThread "Signal Dispatcher" daemon [_thread_blocked, id=6136, stack(0x0000001f0a400000,0x0000001f0a500000)]
  0x0000011f5012f800 JavaThread "Attach Listener" daemon [_thread_blocked, id=256, stack(0x0000001f0a500000,0x0000001f0a600000)]
  0x0000011f50131000 JavaThread "Service Thread" daemon [_thread_blocked, id=8748, stack(0x0000001f0a600000,0x0000001f0a700000)]
=>0x0000011f50136000 JavaThread "C2 CompilerThread0" daemon [_thread_in_native, id=14936, stack(0x0000001f0a700000,0x0000001f0a800000)]
  0x0000011f50139800 JavaThread "C1 CompilerThread0" daemon [_thread_blocked, id=14208, stack(0x0000001f0a800000,0x0000001f0a900000)]
  0x0000011f5017a800 JavaThread "Sweeper thread" daemon [_thread_blocked, id=16644, stack(0x0000001f0a900000,0x0000001f0aa00000)]
  0x0000011f502a3800 JavaThread "Common-Cleaner" daemon [_thread_blocked, id=14756, stack(0x0000001f0aa00000,0x0000001f0ab00000)]
  0x0000011f528f6800 JavaThread "Daemon health stats" [_thread_blocked, id=13484, stack(0x0000001f0b000000,0x0000001f0b100000)]
  0x0000011f51919800 JavaThread "Incoming local TCP Connector on port 58815" [_thread_in_native, id=12500, stack(0x0000001f0ac00000,0x0000001f0ad00000)]
  0x0000011f523e9000 JavaThread "Daemon periodic checks" [_thread_blocked, id=7968, stack(0x0000001f0b100000,0x0000001f0b200000)]
  0x0000011f525a6800 JavaThread "Cache worker for journal cache (C:\Users\Muzaffar\.gradle\caches\journal-1)" [_thread_blocked, id=9416, stack(0x0000001f0b900000,0x0000001f0ba00000)]
  0x0000011f525a2000 JavaThread "File lock request listener" [_thread_in_native, id=8312, stack(0x0000001f0ba00000,0x0000001f0bb00000)]
  0x0000011f525a1000 JavaThread "Cache worker for file hash cache (C:\Users\Muzaffar\.gradle\caches\7.5\fileHashes)" [_thread_blocked, id=15092, stack(0x0000001f0bb00000,0x0000001f0bc00000)]
  0x0000011f525a3800 JavaThread "File watcher server" daemon [_thread_in_native, id=1512, stack(0x0000001f0c200000,0x0000001f0c300000)]
  0x0000011f525a2800 JavaThread "File watcher consumer" daemon [_thread_blocked, id=12944, stack(0x0000001f0c300000,0x0000001f0c400000)]
  0x0000011f525a6000 JavaThread "Cache worker for file content cache (C:\Users\Muzaffar\.gradle\caches\7.5\fileContent)" [_thread_blocked, id=10252, stack(0x0000001f0c600000,0x0000001f0c700000)]
  0x0000011f538e1000 JavaThread "Cache worker for execution history cache (C:\Users\Muzaffar\.gradle\caches\7.5\executionHistory)" [_thread_blocked, id=17116, stack(0x0000001f0c900000,0x0000001f0ca00000)]
  0x0000011f538de800 JavaThread "jar transforms" [_thread_blocked, id=9508, stack(0x0000001f0cb00000,0x0000001f0cc00000)]
  0x0000011f538e4800 JavaThread "jar transforms Thread 2" [_thread_blocked, id=8264, stack(0x0000001f0cc00000,0x0000001f0cd00000)]
  0x0000011f538df800 JavaThread "jar transforms Thread 3" [_thread_blocked, id=15432, stack(0x0000001f0cd00000,0x0000001f0ce00000)]
  0x0000011f538e6000 JavaThread "jar transforms Thread 4" [_thread_blocked, id=16580, stack(0x0000001f0ce00000,0x0000001f0cf00000)]
  0x0000011f538eb800 JavaThread "jar transforms Thread 5" [_thread_blocked, id=2560, stack(0x0000001f0d000000,0x0000001f0d100000)]
  0x0000011f5019c800 JavaThread "jar transforms Thread 6" [_thread_blocked, id=12676, stack(0x0000001f12000000,0x0000001f12100000)]
  0x0000011f501a0000 JavaThread "jar transforms Thread 7" [_thread_blocked, id=3196, stack(0x0000001f12100000,0x0000001f12200000)]
  0x0000011f501a6800 JavaThread "jar transforms Thread 8" [_thread_blocked, id=9720, stack(0x0000001f12200000,0x0000001f12300000)]
  0x0000011f501a1800 JavaThread "Memory manager" [_thread_blocked, id=7012, stack(0x0000001f12500000,0x0000001f12600000)]
  0x0000011f501a2800 JavaThread "Cache worker for kotlin-dsl (C:\Users\Muzaffar\.gradle\caches\7.5\kotlin-dsl)" [_thread_blocked, id=9284, stack(0x0000001f12600000,0x0000001f12700000)]
  0x0000011f5019d800 JavaThread "Daemon Thread 2" [_thread_blocked, id=10032, stack(0x0000001f09800000,0x0000001f09900000)]
  0x0000011f5019a000 JavaThread "Daemon worker Thread 2" [_thread_blocked, id=11228, stack(0x0000001f0b200000,0x0000001f0b300000)]
  0x0000011f5655e000 JavaThread "Handler for socket connection from /127.0.0.1:58815 to /127.0.0.1:59760" [_thread_in_native, id=11724, stack(0x0000001f09900000,0x0000001f09a00000)]
  0x0000011f56559800 JavaThread "Cancel handler" [_thread_blocked, id=15508, stack(0x0000001f09a00000,0x0000001f09b00000)]
  0x0000011f5655b800 JavaThread "Asynchronous log dispatcher for DefaultDaemonConnection: socket connection from /127.0.0.1:58815 to /127.0.0.1:59760" [_thread_blocked, id=14520, stack(0x0000001f0b300000,0x0000001f0b400000)]
  0x0000011f5655d000 JavaThread "Stdin handler" [_thread_blocked, id=16936, stack(0x0000001f0b400000,0x0000001f0b500000)]
  0x0000011f56558000 JavaThread "Daemon client event forwarder" [_thread_blocked, id=5348, stack(0x0000001f0b500000,0x0000001f0b600000)]
  0x0000011f5655c000 JavaThread "Cache worker for checksums cache (F:\Abubakar Work\ENGAPP\android\.gradle\7.5\checksums)" [_thread_blocked, id=15980, stack(0x0000001f0b600000,0x0000001f0b700000)]
  0x0000011f5655e800 JavaThread "Cache worker for cache directory md-rule (C:\Users\Muzaffar\.gradle\caches\7.5\md-rule)" [_thread_blocked, id=15440, stack(0x0000001f0b700000,0x0000001f0b800000)]
  0x0000011f56559000 JavaThread "Cache worker for file hash cache (F:\Abubakar Work\ENGAPP\android\.gradle\7.5\fileHashes)" [_thread_blocked, id=4268, stack(0x0000001f0b800000,0x0000001f0b900000)]
  0x0000011f5655f800 JavaThread "Cache worker for cache directory md-supplier (C:\Users\Muzaffar\.gradle\caches\7.5\md-supplier)" [_thread_blocked, id=10004, stack(0x0000001f0c100000,0x0000001f0c200000)]
  0x0000011f56566000 JavaThread "Cache worker for dependencies-accessors (F:\Abubakar Work\ENGAPP\android\.gradle\7.5\dependencies-accessors)" [_thread_blocked, id=12212, stack(0x0000001f0c700000,0x0000001f0c800000)]
  0x0000011f56562800 JavaThread "Cache worker for Build Output Cleanup Cache (F:\Abubakar Work\ENGAPP\android\.gradle\buildOutputCleanup)" [_thread_blocked, id=17380, stack(0x0000001f0c800000,0x0000001f0c900000)]
  0x0000011f56560000 JavaThread "Unconstrained build operations" [_thread_blocked, id=7744, stack(0x0000001f0cf00000,0x0000001f0d000000)]
  0x0000011f56564800 JavaThread "Unconstrained build operations Thread 2" [_thread_blocked, id=13004, stack(0x0000001f0d100000,0x0000001f0d200000)]
  0x0000011f56563800 JavaThread "Unconstrained build operations Thread 3" [_thread_blocked, id=9928, stack(0x0000001f0d200000,0x0000001f0d300000)]
  0x0000011f56561000 JavaThread "Unconstrained build operations Thread 4" [_thread_blocked, id=7296, stack(0x0000001f0d300000,0x0000001f0d400000)]
  0x0000011f5019b000 JavaThread "Unconstrained build operations Thread 5" [_thread_blocked, id=9448, stack(0x0000001f0d400000,0x0000001f0d500000)]
  0x0000011f5019c000 JavaThread "Unconstrained build operations Thread 6" [_thread_blocked, id=10632, stack(0x0000001f0d500000,0x0000001f0d600000)]
  0x0000011f5019e000 JavaThread "Unconstrained build operations Thread 7" [_thread_blocked, id=8084, stack(0x0000001f0d600000,0x0000001f0d700000)]
  0x0000011f50199800 JavaThread "Unconstrained build operations Thread 8" [_thread_blocked, id=10940, stack(0x0000001f0d700000,0x0000001f0d800000)]
  0x0000011f50198800 JavaThread "Unconstrained build operations Thread 9" [_thread_blocked, id=11120, stack(0x0000001f0d800000,0x0000001f0d900000)]
  0x0000011f501a4000 JavaThread "Unconstrained build operations Thread 10" [_thread_blocked, id=12068, stack(0x0000001f0d900000,0x0000001f0da00000)]
  0x0000011f5019f000 JavaThread "Unconstrained build operations Thread 11" [_thread_blocked, id=15484, stack(0x0000001f0da00000,0x0000001f0db00000)]
  0x0000011f501a3000 JavaThread "Unconstrained build operations Thread 12" [_thread_blocked, id=11540, stack(0x0000001f0db00000,0x0000001f0dc00000)]
  0x0000011f501a4800 JavaThread "Unconstrained build operations Thread 13" [_thread_blocked, id=1540, stack(0x0000001f0dc00000,0x0000001f0dd00000)]
  0x0000011f501a5800 JavaThread "Unconstrained build operations Thread 14" [_thread_blocked, id=12916, stack(0x0000001f0dd00000,0x0000001f0de00000)]
  0x0000011f501a7000 JavaThread "Unconstrained build operations Thread 15" [_thread_blocked, id=5748, stack(0x0000001f0de00000,0x0000001f0df00000)]
  0x0000011f538e8800 JavaThread "Unconstrained build operations Thread 16" [_thread_blocked, id=5600, stack(0x0000001f0df00000,0x0000001f0e000000)]
  0x0000011f538e7000 JavaThread "Unconstrained build operations Thread 17" [_thread_blocked, id=2052, stack(0x0000001f0e000000,0x0000001f0e100000)]
  0x0000011f538e7800 JavaThread "Unconstrained build operations Thread 18" [_thread_blocked, id=17340, stack(0x0000001f0e100000,0x0000001f0e200000)]
  0x0000011f538e9000 JavaThread "Unconstrained build operations Thread 19" [_thread_blocked, id=11892, stack(0x0000001f0e200000,0x0000001f0e300000)]
  0x0000011f538e3800 JavaThread "Unconstrained build operations Thread 20" [_thread_blocked, id=4820, stack(0x0000001f0e300000,0x0000001f0e400000)]
  0x0000011f538ec800 JavaThread "Unconstrained build operations Thread 21" [_thread_blocked, id=10504, stack(0x0000001f0e400000,0x0000001f0e500000)]
  0x0000011f538ea000 JavaThread "Unconstrained build operations Thread 22" [_thread_blocked, id=3768, stack(0x0000001f0e500000,0x0000001f0e600000)]
  0x0000011f538ed800 JavaThread "Unconstrained build operations Thread 23" [_thread_blocked, id=740, stack(0x0000001f0e600000,0x0000001f0e700000)]
  0x0000011f538eb000 JavaThread "Unconstrained build operations Thread 24" [_thread_blocked, id=3716, stack(0x0000001f0e700000,0x0000001f0e800000)]
  0x0000011f525a7800 JavaThread "Unconstrained build operations Thread 25" [_thread_blocked, id=7384, stack(0x0000001f0e800000,0x0000001f0e900000)]
  0x0000011f525a5000 JavaThread "Unconstrained build operations Thread 26" [_thread_blocked, id=8172, stack(0x0000001f0e900000,0x0000001f0ea00000)]
  0x0000011f525a4800 JavaThread "Unconstrained build operations Thread 27" [_thread_blocked, id=5904, stack(0x0000001f0ea00000,0x0000001f0eb00000)]
  0x0000011f50202000 JavaThread "Unconstrained build operations Thread 28" [_thread_blocked, id=12172, stack(0x0000001f0eb00000,0x0000001f0ec00000)]
  0x0000011f50200800 JavaThread "Unconstrained build operations Thread 29" [_thread_blocked, id=1368, stack(0x0000001f0ec00000,0x0000001f0ed00000)]
  0x0000011f50201000 JavaThread "Unconstrained build operations Thread 30" [_thread_blocked, id=2296, stack(0x0000001f0ed00000,0x0000001f0ee00000)]
  0x0000011f501fe000 JavaThread "Unconstrained build operations Thread 31" [_thread_blocked, id=12928, stack(0x0000001f0ee00000,0x0000001f0ef00000)]
  0x0000011f50203000 JavaThread "Unconstrained build operations Thread 32" [_thread_blocked, id=12508, stack(0x0000001f0ef00000,0x0000001f0f000000)]
  0x0000011f501fd000 JavaThread "Unconstrained build operations Thread 33" [_thread_blocked, id=2364, stack(0x0000001f0f000000,0x0000001f0f100000)]
  0x0000011f50203800 JavaThread "Unconstrained build operations Thread 34" [_thread_blocked, id=14840, stack(0x0000001f0f100000,0x0000001f0f200000)]
  0x0000011f50204800 JavaThread "Unconstrained build operations Thread 35" [_thread_blocked, id=11040, stack(0x0000001f0f200000,0x0000001f0f300000)]
  0x0000011f501ff800 JavaThread "Unconstrained build operations Thread 36" [_thread_blocked, id=11736, stack(0x0000001f0f300000,0x0000001f0f400000)]
  0x0000011f501ff000 JavaThread "Unconstrained build operations Thread 37" [_thread_blocked, id=17208, stack(0x0000001f0f400000,0x0000001f0f500000)]
  0x0000011f50209800 JavaThread "Unconstrained build operations Thread 38" [_thread_blocked, id=14996, stack(0x0000001f0f500000,0x0000001f0f600000)]
  0x0000011f50205800 JavaThread "Unconstrained build operations Thread 39" [_thread_blocked, id=5212, stack(0x0000001f0f600000,0x0000001f0f700000)]
  0x0000011f50206000 JavaThread "Unconstrained build operations Thread 40" [_thread_blocked, id=16996, stack(0x0000001f0f700000,0x0000001f0f800000)]
  0x0000011f5020b000 JavaThread "Unconstrained build operations Thread 41" [_thread_blocked, id=15160, stack(0x0000001f0f800000,0x0000001f0f900000)]
  0x0000011f50207000 JavaThread "Unconstrained build operations Thread 42" [_thread_blocked, id=17352, stack(0x0000001f0f900000,0x0000001f0fa00000)]
  0x0000011f5020c000 JavaThread "Unconstrained build operations Thread 43" [_thread_blocked, id=9680, stack(0x0000001f0fa00000,0x0000001f0fb00000)]
  0x0000011f50207800 JavaThread "Unconstrained build operations Thread 44" [_thread_blocked, id=1584, stack(0x0000001f0fb00000,0x0000001f0fc00000)]
  0x0000011f50208800 JavaThread "Unconstrained build operations Thread 45" [_thread_blocked, id=12224, stack(0x0000001f0fc00000,0x0000001f0fd00000)]
  0x0000011f5020a000 JavaThread "Unconstrained build operations Thread 46" [_thread_blocked, id=12988, stack(0x0000001f0fd00000,0x0000001f0fe00000)]
  0x0000011f51283800 JavaThread "Unconstrained build operations Thread 47" [_thread_blocked, id=6428, stack(0x0000001f0fe00000,0x0000001f0ff00000)]
  0x0000011f51284800 JavaThread "Unconstrained build operations Thread 48" [_thread_blocked, id=6292, stack(0x0000001f0ff00000,0x0000001f10000000)]
  0x0000011f5127e800 JavaThread "Unconstrained build operations Thread 49" [_thread_blocked, id=16808, stack(0x0000001f10000000,0x0000001f10100000)]
  0x0000011f51282000 JavaThread "Unconstrained build operations Thread 50" [_thread_blocked, id=1004, stack(0x0000001f10100000,0x0000001f10200000)]
  0x0000011f51283000 JavaThread "Unconstrained build operations Thread 51" [_thread_blocked, id=2040, stack(0x0000001f10200000,0x0000001f10300000)]
  0x0000011f51285000 JavaThread "Unconstrained build operations Thread 52" [_thread_blocked, id=8068, stack(0x0000001f10300000,0x0000001f10400000)]
  0x0000011f5127f800 JavaThread "Unconstrained build operations Thread 53" [_thread_blocked, id=1172, stack(0x0000001f10400000,0x0000001f10500000)]
  0x0000011f51286000 JavaThread "Unconstrained build operations Thread 54" [_thread_blocked, id=15672, stack(0x0000001f10500000,0x0000001f10600000)]
  0x0000011f51280800 JavaThread "Unconstrained build operations Thread 55" [_thread_blocked, id=11488, stack(0x0000001f10600000,0x0000001f10700000)]
  0x0000011f51287000 JavaThread "Unconstrained build operations Thread 56" [_thread_blocked, id=15688, stack(0x0000001f10700000,0x0000001f10800000)]
  0x0000011f51281000 JavaThread "Unconstrained build operations Thread 57" [_thread_blocked, id=10184, stack(0x0000001f10800000,0x0000001f10900000)]
  0x0000011f5128d800 JavaThread "Unconstrained build operations Thread 58" [_thread_blocked, id=7952, stack(0x0000001f10900000,0x0000001f10a00000)]
  0x0000011f51287800 JavaThread "Unconstrained build operations Thread 59" [_thread_blocked, id=8596, stack(0x0000001f10a00000,0x0000001f10b00000)]
  0x0000011f5128c800 JavaThread "Unconstrained build operations Thread 60" [_thread_blocked, id=6840, stack(0x0000001f10b00000,0x0000001f10c00000)]
  0x0000011f5128a000 JavaThread "Unconstrained build operations Thread 61" [_thread_blocked, id=11572, stack(0x0000001f10c00000,0x0000001f10d00000)]
  0x0000011f51288800 JavaThread "Unconstrained build operations Thread 62" [_thread_blocked, id=11420, stack(0x0000001f10d00000,0x0000001f10e00000)]
  0x0000011f51289800 JavaThread "Unconstrained build operations Thread 63" [_thread_blocked, id=13268, stack(0x0000001f10e00000,0x0000001f10f00000)]
  0x0000011f5128b000 JavaThread "Unconstrained build operations Thread 64" [_thread_blocked, id=12980, stack(0x0000001f10f00000,0x0000001f11000000)]
  0x0000011f5128b800 JavaThread "Unconstrained build operations Thread 65" [_thread_blocked, id=1032, stack(0x0000001f11000000,0x0000001f11100000)]
  0x0000011f5ba6f000 JavaThread "Unconstrained build operations Thread 66" [_thread_blocked, id=1040, stack(0x0000001f11100000,0x0000001f11200000)]
  0x0000011f5ba6d800 JavaThread "Unconstrained build operations Thread 67" [_thread_blocked, id=516, stack(0x0000001f11200000,0x0000001f11300000)]
  0x0000011f5ba69800 JavaThread "Unconstrained build operations Thread 68" [_thread_blocked, id=14504, stack(0x0000001f11300000,0x0000001f11400000)]
  0x0000011f5ba6c800 JavaThread "Unconstrained build operations Thread 69" [_thread_blocked, id=14052, stack(0x0000001f11400000,0x0000001f11500000)]
  0x0000011f5ba6e000 JavaThread "Unconstrained build operations Thread 70" [_thread_blocked, id=14644, stack(0x0000001f11500000,0x0000001f11600000)]
  0x0000011f5ba70000 JavaThread "Unconstrained build operations Thread 71" [_thread_blocked, id=2968, stack(0x0000001f11600000,0x0000001f11700000)]
  0x0000011f5ba6a000 JavaThread "Unconstrained build operations Thread 72" [_thread_blocked, id=15824, stack(0x0000001f11700000,0x0000001f11800000)]
  0x0000011f5ba6b000 JavaThread "Unconstrained build operations Thread 73" [_thread_blocked, id=8628, stack(0x0000001f11800000,0x0000001f11900000)]
  0x0000011f5ba6b800 JavaThread "Unconstrained build operations Thread 74" [_thread_blocked, id=6948, stack(0x0000001f11900000,0x0000001f11a00000)]
  0x0000011f53676000 JavaThread "Unconstrained build operations Thread 75" [_thread_blocked, id=4472, stack(0x0000001f11a00000,0x0000001f11b00000)]
  0x0000011f53677800 JavaThread "Unconstrained build operations Thread 76" [_thread_blocked, id=11652, stack(0x0000001f11b00000,0x0000001f11c00000)]
  0x0000011f53678800 JavaThread "Unconstrained build operations Thread 77" [_thread_blocked, id=4048, stack(0x0000001f11c00000,0x0000001f11d00000)]
  0x0000011f53672800 JavaThread "Unconstrained build operations Thread 78" [_thread_blocked, id=13432, stack(0x0000001f11d00000,0x0000001f11e00000)]
  0x0000011f53676800 JavaThread "Unconstrained build operations Thread 79" [_thread_blocked, id=10496, stack(0x0000001f11e00000,0x0000001f11f00000)]
  0x0000011f53673800 JavaThread "Unconstrained build operations Thread 80" [_thread_blocked, id=15272, stack(0x0000001f12300000,0x0000001f12400000)]
  0x0000011f53674800 JavaThread "included builds" [_thread_blocked, id=6332, stack(0x0000001f11f00000,0x0000001f12000000)]
  0x0000011f53679000 JavaThread "Execution worker" [_thread_blocked, id=7492, stack(0x0000001f12400000,0x0000001f12500000)]
  0x0000011f53675000 JavaThread "Execution worker Thread 2" [_thread_blocked, id=15536, stack(0x0000001f12700000,0x0000001f12800000)]
  0x0000011f5655a800 JavaThread "Execution worker Thread 3" [_thread_blocked, id=12112, stack(0x0000001f12800000,0x0000001f12900000)]
  0x0000011f56557000 JavaThread "Execution worker Thread 4" [_thread_blocked, id=5136, stack(0x0000001f12900000,0x0000001f12a00000)]
  0x0000011f56565000 JavaThread "Execution worker Thread 5" [_thread_blocked, id=6780, stack(0x0000001f12a00000,0x0000001f12b00000)]
  0x0000011f56562000 JavaThread "Execution worker Thread 6" [_thread_blocked, id=3820, stack(0x0000001f12b00000,0x0000001f12c00000)]
  0x0000011f5e5eb800 JavaThread "Execution worker Thread 7" [_thread_blocked, id=11896, stack(0x0000001f12c00000,0x0000001f12d00000)]
  0x0000011f5e5ea800 JavaThread "Cache worker for execution history cache (F:\Abubakar Work\ENGAPP\android\.gradle\7.5\executionHistory)" [_thread_blocked, id=8132, stack(0x0000001f12d00000,0x0000001f12e00000)]
  0x0000011f5e5ee000 JavaThread "Exec process Thread 7" [_thread_in_native, id=15676, stack(0x0000001f12e00000,0x0000001f12f00000)]
  0x0000011f5e5ec800 JavaThread "Exec process Thread 8" [_thread_in_native, id=16756, stack(0x0000001f12f00000,0x0000001f13000000)]
  0x0000011f5e5ed000 JavaThread "Exec process Thread 9" [_thread_in_native, id=17072, stack(0x0000001f13000000,0x0000001f13100000)]

Other Threads:
  0x0000011f4f8ac800 VMThread "VM Thread" [stack: 0x0000001f0a100000,0x0000001f0a200000] [id=636]
  0x0000011f502bb000 WatcherThread [stack: 0x0000001f0ab00000,0x0000001f0ac00000] [id=1884]
  0x0000011f366ef000 GCTaskThread "GC Thread#0" [stack: 0x0000001f09c00000,0x0000001f09d00000] [id=12800]
  0x0000011f5124a800 GCTaskThread "GC Thread#1" [stack: 0x0000001f0ad00000,0x0000001f0ae00000] [id=16600]
  0x0000011f506b5800 GCTaskThread "GC Thread#2" [stack: 0x0000001f0ae00000,0x0000001f0af00000] [id=15872]
  0x0000011f5064e800 GCTaskThread "GC Thread#3" [stack: 0x0000001f0af00000,0x0000001f0b000000] [id=9236]
  0x0000011f50b85800 GCTaskThread "GC Thread#4" [stack: 0x0000001f0bc00000,0x0000001f0bd00000] [id=2688]
  0x0000011f50b97000 GCTaskThread "GC Thread#5" [stack: 0x0000001f0bd00000,0x0000001f0be00000] [id=4956]
  0x0000011f52574800 GCTaskThread "GC Thread#6" [stack: 0x0000001f0be00000,0x0000001f0bf00000] [id=9032]
  0x0000011f512d4000 GCTaskThread "GC Thread#7" [stack: 0x0000001f0bf00000,0x0000001f0c000000] [id=8908]
  0x0000011f36715800 ConcurrentGCThread "G1 Main Marker" [stack: 0x0000001f09d00000,0x0000001f09e00000] [id=5016]
  0x0000011f36716800 ConcurrentGCThread "G1 Conc#0" [stack: 0x0000001f09e00000,0x0000001f09f00000] [id=12188]
  0x0000011f51063800 ConcurrentGCThread "G1 Conc#1" [stack: 0x0000001f0c000000,0x0000001f0c100000] [id=9740]
  0x0000011f4f715000 ConcurrentGCThread "G1 Refine#0" [stack: 0x0000001f09f00000,0x0000001f0a000000] [id=14196]
  0x0000011f4f716000 ConcurrentGCThread "G1 Young RemSet Sampling" [stack: 0x0000001f0a000000,0x0000001f0a100000] [id=6748]

Threads with active compile tasks:
C2 CompilerThread0   387467 16248       4       sun.nio.cs.SingleByte$Decoder::decodeArrayLoop (154 bytes)

VM state:not at safepoint (normal execution)

VM Mutex/Monitor currently owned by a thread: None

Heap address: 0x00000000a0000000, size: 1536 MB, Compressed Oops mode: 32-bit
Narrow klass base: 0x0000000000000000, Narrow klass shift: 3
Compressed class space size: 1073741824 Address: 0x0000000100000000

Heap:
 garbage-first heap   total 314368K, used 236200K [0x00000000a0000000, 0x0000000100000000)
  region size 1024K, 50 young (51200K), 8 survivors (8192K)
 Metaspace       used 102608K, capacity 107648K, committed 107912K, reserved 1142784K
  class space    used 13363K, capacity 14936K, committed 14976K, reserved 1048576K
Heap Regions: E=young(eden), S=young(survivor), O=old, HS=humongous(starts), HC=humongous(continues), CS=collection set, F=free, A=archive, TAMS=top-at-mark-start (previous, next)
|   0|0x00000000a0000000, 0x00000000a0100000, 0x00000000a0100000|100%| O|  |TAMS 0x00000000a0100000, 0x00000000a0000000| Untracked 
|   1|0x00000000a0100000, 0x00000000a0200000, 0x00000000a0200000|100%| O|  |TAMS 0x00000000a0200000, 0x00000000a0100000| Untracked 
|   2|0x00000000a0200000, 0x00000000a0300000, 0x00000000a0300000|100%| O|  |TAMS 0x00000000a0300000, 0x00000000a0200000| Untracked 
|   3|0x00000000a0300000, 0x00000000a0400000, 0x00000000a0400000|100%|HS|  |TAMS 0x00000000a0400000, 0x00000000a0300000| Complete 
|   4|0x00000000a0400000, 0x00000000a0500000, 0x00000000a0500000|100%|HC|  |TAMS 0x00000000a0500000, 0x00000000a0400000| Complete 
|   5|0x00000000a0500000, 0x00000000a0600000, 0x00000000a0600000|100%|HC|  |TAMS 0x00000000a0600000, 0x00000000a0500000| Complete 
|   6|0x00000000a0600000, 0x00000000a0700000, 0x00000000a0700000|100%| O|  |TAMS 0x00000000a0700000, 0x00000000a0600000| Untracked 
|   7|0x00000000a0700000, 0x00000000a0800000, 0x00000000a0800000|100%| O|  |TAMS 0x00000000a0800000, 0x00000000a0700000| Untracked 
|   8|0x00000000a0800000, 0x00000000a0900000, 0x00000000a0900000|100%| O|  |TAMS 0x00000000a0900000, 0x00000000a0800000| Untracked 
|   9|0x00000000a0900000, 0x00000000a0a00000, 0x00000000a0a00000|100%| O|  |TAMS 0x00000000a0a00000, 0x00000000a0900000| Untracked 
|  10|0x00000000a0a00000, 0x00000000a0b00000, 0x00000000a0b00000|100%| O|  |TAMS 0x00000000a0b00000, 0x00000000a0a00000| Untracked 
|  11|0x00000000a0b00000, 0x00000000a0c00000, 0x00000000a0c00000|100%| O|  |TAMS 0x00000000a0c00000, 0x00000000a0b00000| Untracked 
|  12|0x00000000a0c00000, 0x00000000a0d00000, 0x00000000a0d00000|100%| O|  |TAMS 0x00000000a0d00000, 0x00000000a0c00000| Complete 
|  13|0x00000000a0d00000, 0x00000000a0e00000, 0x00000000a0e00000|100%| O|  |TAMS 0x00000000a0e00000, 0x00000000a0d00000| Untracked 
|  14|0x00000000a0e00000, 0x00000000a0f00000, 0x00000000a0f00000|100%| O|  |TAMS 0x00000000a0f00000, 0x00000000a0e00000| Untracked 
|  15|0x00000000a0f00000, 0x00000000a1000000, 0x00000000a1000000|100%| O|  |TAMS 0x00000000a1000000, 0x00000000a0f00000| Untracked 
|  16|0x00000000a1000000, 0x00000000a1100000, 0x00000000a1100000|100%| O|  |TAMS 0x00000000a1100000, 0x00000000a1000000| Untracked 
|  17|0x00000000a1100000, 0x00000000a1200000, 0x00000000a1200000|100%|HS|  |TAMS 0x00000000a1200000, 0x00000000a1100000| Complete 
|  18|0x00000000a1200000, 0x00000000a1300000, 0x00000000a1300000|100%| O|  |TAMS 0x00000000a1300000, 0x00000000a1200000| Untracked 
|  19|0x00000000a1300000, 0x00000000a1400000, 0x00000000a1400000|100%| O|  |TAMS 0x00000000a1400000, 0x00000000a1300000| Untracked 
|  20|0x00000000a1400000, 0x00000000a1500000, 0x00000000a1500000|100%| O|  |TAMS 0x00000000a1500000, 0x00000000a1400000| Untracked 
|  21|0x00000000a1500000, 0x00000000a1600000, 0x00000000a1600000|100%| O|  |TAMS 0x00000000a1600000, 0x00000000a1500000| Untracked 
|  22|0x00000000a1600000, 0x00000000a1700000, 0x00000000a1700000|100%| O|  |TAMS 0x00000000a1700000, 0x00000000a1600000| Untracked 
|  23|0x00000000a1700000, 0x00000000a1800000, 0x00000000a1800000|100%|HS|  |TAMS 0x00000000a1800000, 0x00000000a1700000| Complete 
|  24|0x00000000a1800000, 0x00000000a1900000, 0x00000000a1900000|100%|HC|  |TAMS 0x00000000a1900000, 0x00000000a1800000| Complete 
|  25|0x00000000a1900000, 0x00000000a1a00000, 0x00000000a1a00000|100%|HS|  |TAMS 0x00000000a1a00000, 0x00000000a1900000| Complete 
|  26|0x00000000a1a00000, 0x00000000a1b00000, 0x00000000a1b00000|100%|HS|  |TAMS 0x00000000a1b00000, 0x00000000a1a00000| Complete 
|  27|0x00000000a1b00000, 0x00000000a1c00000, 0x00000000a1c00000|100%|HS|  |TAMS 0x00000000a1c00000, 0x00000000a1b00000| Complete 
|  28|0x00000000a1c00000, 0x00000000a1d00000, 0x00000000a1d00000|100%|HC|  |TAMS 0x00000000a1d00000, 0x00000000a1c00000| Complete 
|  29|0x00000000a1d00000, 0x00000000a1e00000, 0x00000000a1e00000|100%|HC|  |TAMS 0x00000000a1e00000, 0x00000000a1d00000| Complete 
|  30|0x00000000a1e00000, 0x00000000a1f00000, 0x00000000a1f00000|100%|HC|  |TAMS 0x00000000a1f00000, 0x00000000a1e00000| Complete 
|  31|0x00000000a1f00000, 0x00000000a2000000, 0x00000000a2000000|100%|HS|  |TAMS 0x00000000a2000000, 0x00000000a1f00000| Complete 
|  32|0x00000000a2000000, 0x00000000a2100000, 0x00000000a2100000|100%|HC|  |TAMS 0x00000000a2100000, 0x00000000a2000000| Complete 
|  33|0x00000000a2100000, 0x00000000a2200000, 0x00000000a2200000|100%| O|  |TAMS 0x00000000a2200000, 0x00000000a2100000| Untracked 
|  34|0x00000000a2200000, 0x00000000a2300000, 0x00000000a2300000|100%| O|  |TAMS 0x00000000a2300000, 0x00000000a2200000| Untracked 
|  35|0x00000000a2300000, 0x00000000a2400000, 0x00000000a2400000|100%| O|  |TAMS 0x00000000a2400000, 0x00000000a2300000| Untracked 
|  36|0x00000000a2400000, 0x00000000a2500000, 0x00000000a2500000|100%| O|  |TAMS 0x00000000a2500000, 0x00000000a2400000| Complete 
|  37|0x00000000a2500000, 0x00000000a2600000, 0x00000000a2600000|100%| O|  |TAMS 0x00000000a2600000, 0x00000000a2500000| Untracked 
|  38|0x00000000a2600000, 0x00000000a2700000, 0x00000000a2700000|100%| O|  |TAMS 0x00000000a2700000, 0x00000000a2600000| Complete 
|  39|0x00000000a2700000, 0x00000000a2800000, 0x00000000a2800000|100%| O|  |TAMS 0x00000000a2800000, 0x00000000a2700000| Untracked 
|  40|0x00000000a2800000, 0x00000000a2900000, 0x00000000a2900000|100%| O|  |TAMS 0x00000000a2900000, 0x00000000a2800000| Untracked 
|  41|0x00000000a2900000, 0x00000000a2a00000, 0x00000000a2a00000|100%| O|  |TAMS 0x00000000a2a00000, 0x00000000a2900000| Untracked 
|  42|0x00000000a2a00000, 0x00000000a2b00000, 0x00000000a2b00000|100%| O|  |TAMS 0x00000000a2b00000, 0x00000000a2a00000| Untracked 
|  43|0x00000000a2b00000, 0x00000000a2c00000, 0x00000000a2c00000|100%| O|  |TAMS 0x00000000a2c00000, 0x00000000a2b00000| Untracked 
|  44|0x00000000a2c00000, 0x00000000a2d00000, 0x00000000a2d00000|100%| O|  |TAMS 0x00000000a2d00000, 0x00000000a2c00000| Untracked 
|  45|0x00000000a2d00000, 0x00000000a2e00000, 0x00000000a2e00000|100%| O|  |TAMS 0x00000000a2e00000, 0x00000000a2d00000| Untracked 
|  46|0x00000000a2e00000, 0x00000000a2f00000, 0x00000000a2f00000|100%| O|  |TAMS 0x00000000a2f00000, 0x00000000a2e00000| Complete 
|  47|0x00000000a2f00000, 0x00000000a3000000, 0x00000000a3000000|100%| O|  |TAMS 0x00000000a3000000, 0x00000000a2f00000| Untracked 
|  48|0x00000000a3000000, 0x00000000a3100000, 0x00000000a3100000|100%| O|  |TAMS 0x00000000a3100000, 0x00000000a3000000| Untracked 
|  49|0x00000000a3100000, 0x00000000a3200000, 0x00000000a3200000|100%| O|  |TAMS 0x00000000a3200000, 0x00000000a3100000| Complete 
|  50|0x00000000a3200000, 0x00000000a3300000, 0x00000000a3300000|100%| O|  |TAMS 0x00000000a3300000, 0x00000000a3200000| Complete 
|  51|0x00000000a3300000, 0x00000000a3400000, 0x00000000a3400000|100%| O|  |TAMS 0x00000000a3400000, 0x00000000a3300000| Complete 
|  52|0x00000000a3400000, 0x00000000a3500000, 0x00000000a3500000|100%|HS|  |TAMS 0x00000000a3500000, 0x00000000a3400000| Complete 
|  53|0x00000000a3500000, 0x00000000a3600000, 0x00000000a3600000|100%|HS|  |TAMS 0x00000000a3600000, 0x00000000a3500000| Complete 
|  54|0x00000000a3600000, 0x00000000a3700000, 0x00000000a3700000|100%| O|  |TAMS 0x00000000a3700000, 0x00000000a3600000| Untracked 
|  55|0x00000000a3700000, 0x00000000a3800000, 0x00000000a3800000|100%| O|  |TAMS 0x00000000a3800000, 0x00000000a3700000| Untracked 
|  56|0x00000000a3800000, 0x00000000a3900000, 0x00000000a3900000|100%| O|  |TAMS 0x00000000a3900000, 0x00000000a3800000| Untracked 
|  57|0x00000000a3900000, 0x00000000a3a00000, 0x00000000a3a00000|100%| O|  |TAMS 0x00000000a3a00000, 0x00000000a3900000| Complete 
|  58|0x00000000a3a00000, 0x00000000a3b00000, 0x00000000a3b00000|100%| O|  |TAMS 0x00000000a3b00000, 0x00000000a3a00000| Untracked 
|  59|0x00000000a3b00000, 0x00000000a3c00000, 0x00000000a3c00000|100%| O|  |TAMS 0x00000000a3c00000, 0x00000000a3b00000| Complete 
|  60|0x00000000a3c00000, 0x00000000a3d00000, 0x00000000a3d00000|100%| O|  |TAMS 0x00000000a3d00000, 0x00000000a3c00000| Complete 
|  61|0x00000000a3d00000, 0x00000000a3e00000, 0x00000000a3e00000|100%| O|  |TAMS 0x00000000a3e00000, 0x00000000a3d00000| Untracked 
|  62|0x00000000a3e00000, 0x00000000a3f00000, 0x00000000a3f00000|100%| O|  |TAMS 0x00000000a3f00000, 0x00000000a3e00000| Complete 
|  63|0x00000000a3f00000, 0x00000000a4000000, 0x00000000a4000000|100%| O|  |TAMS 0x00000000a4000000, 0x00000000a3f00000| Complete 
|  64|0x00000000a4000000, 0x00000000a4100000, 0x00000000a4100000|100%| O|  |TAMS 0x00000000a4100000, 0x00000000a4000000| Untracked 
|  65|0x00000000a4100000, 0x00000000a4200000, 0x00000000a4200000|100%| O|  |TAMS 0x00000000a4200000, 0x00000000a4100000| Complete 
|  66|0x00000000a4200000, 0x00000000a4300000, 0x00000000a4300000|100%| O|  |TAMS 0x00000000a4300000, 0x00000000a4200000| Complete 
|  67|0x00000000a4300000, 0x00000000a4400000, 0x00000000a4400000|100%| O|  |TAMS 0x00000000a4400000, 0x00000000a4300000| Untracked 
|  68|0x00000000a4400000, 0x00000000a4500000, 0x00000000a4500000|100%| O|  |TAMS 0x00000000a4500000, 0x00000000a4400000| Untracked 
|  69|0x00000000a4500000, 0x00000000a4600000, 0x00000000a4600000|100%| O|  |TAMS 0x00000000a4600000, 0x00000000a4500000| Untracked 
|  70|0x00000000a4600000, 0x00000000a4700000, 0x00000000a4700000|100%| O|  |TAMS 0x00000000a4700000, 0x00000000a4600000| Untracked 
|  71|0x00000000a4700000, 0x00000000a4800000, 0x00000000a4800000|100%| O|  |TAMS 0x00000000a4800000, 0x00000000a4700000| Complete 
|  72|0x00000000a4800000, 0x00000000a4900000, 0x00000000a4900000|100%| O|  |TAMS 0x00000000a4900000, 0x00000000a4800000| Complete 
|  73|0x00000000a4900000, 0x00000000a4a00000, 0x00000000a4a00000|100%| O|  |TAMS 0x00000000a4a00000, 0x00000000a4900000| Untracked 
|  74|0x00000000a4a00000, 0x00000000a4b00000, 0x00000000a4b00000|100%| O|  |TAMS 0x00000000a4b00000, 0x00000000a4a00000| Untracked 
|  75|0x00000000a4b00000, 0x00000000a4c00000, 0x00000000a4c00000|100%| O|  |TAMS 0x00000000a4c00000, 0x00000000a4b00000| Complete 
|  76|0x00000000a4c00000, 0x00000000a4d00000, 0x00000000a4d00000|100%|HS|  |TAMS 0x00000000a4d00000, 0x00000000a4c00000| Complete 
|  77|0x00000000a4d00000, 0x00000000a4e00000, 0x00000000a4e00000|100%|HS|  |TAMS 0x00000000a4e00000, 0x00000000a4d00000| Complete 
|  78|0x00000000a4e00000, 0x00000000a4f00000, 0x00000000a4f00000|100%| O|  |TAMS 0x00000000a4f00000, 0x00000000a4e00000| Untracked 
|  79|0x00000000a4f00000, 0x00000000a5000000, 0x00000000a5000000|100%| O|  |TAMS 0x00000000a5000000, 0x00000000a4f00000| Complete 
|  80|0x00000000a5000000, 0x00000000a5100000, 0x00000000a5100000|100%| O|  |TAMS 0x00000000a5100000, 0x00000000a5000000| Complete 
|  81|0x00000000a5100000, 0x00000000a5200000, 0x00000000a5200000|100%| O|  |TAMS 0x00000000a5200000, 0x00000000a5100000| Complete 
|  82|0x00000000a5200000, 0x00000000a5300000, 0x00000000a5300000|100%| O|  |TAMS 0x00000000a5300000, 0x00000000a5200000| Untracked 
|  83|0x00000000a5300000, 0x00000000a5400000, 0x00000000a5400000|100%| O|  |TAMS 0x00000000a5400000, 0x00000000a5300000| Untracked 
|  84|0x00000000a5400000, 0x00000000a5500000, 0x00000000a5500000|100%| O|  |TAMS 0x00000000a5500000, 0x00000000a5400000| Untracked 
|  85|0x00000000a5500000, 0x00000000a5600000, 0x00000000a5600000|100%| O|  |TAMS 0x00000000a5600000, 0x00000000a5500000| Complete 
|  86|0x00000000a5600000, 0x00000000a5700000, 0x00000000a5700000|100%| O|  |TAMS 0x00000000a5700000, 0x00000000a5600000| Complete 
|  87|0x00000000a5700000, 0x00000000a5800000, 0x00000000a5800000|100%| O|  |TAMS 0x00000000a5800000, 0x00000000a5700000| Untracked 
|  88|0x00000000a5800000, 0x00000000a5900000, 0x00000000a5900000|100%| O|  |TAMS 0x00000000a5900000, 0x00000000a5800000| Untracked 
|  89|0x00000000a5900000, 0x00000000a5a00000, 0x00000000a5a00000|100%| O|  |TAMS 0x00000000a5a00000, 0x00000000a5900000| Untracked 
|  90|0x00000000a5a00000, 0x00000000a5b00000, 0x00000000a5b00000|100%| O|  |TAMS 0x00000000a5b00000, 0x00000000a5a00000| Untracked 
|  91|0x00000000a5b00000, 0x00000000a5c00000, 0x00000000a5c00000|100%| O|  |TAMS 0x00000000a5c00000, 0x00000000a5b00000| Untracked 
|  92|0x00000000a5c00000, 0x00000000a5d00000, 0x00000000a5d00000|100%| O|  |TAMS 0x00000000a5d00000, 0x00000000a5c00000| Complete 
|  93|0x00000000a5d00000, 0x00000000a5e00000, 0x00000000a5e00000|100%| O|  |TAMS 0x00000000a5e00000, 0x00000000a5d00000| Untracked 
|  94|0x00000000a5e00000, 0x00000000a5f00000, 0x00000000a5f00000|100%| O|  |TAMS 0x00000000a5f00000, 0x00000000a5e00000| Untracked 
|  95|0x00000000a5f00000, 0x00000000a6000000, 0x00000000a6000000|100%| O|  |TAMS 0x00000000a6000000, 0x00000000a5f00000| Complete 
|  96|0x00000000a6000000, 0x00000000a6100000, 0x00000000a6100000|100%|HS|  |TAMS 0x00000000a6100000, 0x00000000a6000000| Complete 
|  97|0x00000000a6100000, 0x00000000a6200000, 0x00000000a6200000|100%|HS|  |TAMS 0x00000000a6200000, 0x00000000a6100000| Complete 
|  98|0x00000000a6200000, 0x00000000a6300000, 0x00000000a6300000|100%| O|  |TAMS 0x00000000a6300000, 0x00000000a6200000| Untracked 
|  99|0x00000000a6300000, 0x00000000a6400000, 0x00000000a6400000|100%| O|  |TAMS 0x00000000a6400000, 0x00000000a6300000| Complete 
| 100|0x00000000a6400000, 0x00000000a6500000, 0x00000000a6500000|100%| O|  |TAMS 0x00000000a6500000, 0x00000000a6400000| Untracked 
| 101|0x00000000a6500000, 0x00000000a6600000, 0x00000000a6600000|100%| O|  |TAMS 0x00000000a6600000, 0x00000000a6500000| Untracked 
| 102|0x00000000a6600000, 0x00000000a6700000, 0x00000000a6700000|100%| O|  |TAMS 0x00000000a6700000, 0x00000000a6600000| Untracked 
| 103|0x00000000a6700000, 0x00000000a6800000, 0x00000000a6800000|100%| O|  |TAMS 0x00000000a6800000, 0x00000000a6700000| Untracked 
| 104|0x00000000a6800000, 0x00000000a6900000, 0x00000000a6900000|100%| O|  |TAMS 0x00000000a6900000, 0x00000000a6800000| Complete 
| 105|0x00000000a6900000, 0x00000000a6a00000, 0x00000000a6a00000|100%| O|  |TAMS 0x00000000a6a00000, 0x00000000a6900000| Complete 
| 106|0x00000000a6a00000, 0x00000000a6b00000, 0x00000000a6b00000|100%| O|  |TAMS 0x00000000a6b00000, 0x00000000a6a00000| Untracked 
| 107|0x00000000a6b00000, 0x00000000a6c00000, 0x00000000a6c00000|100%| O|  |TAMS 0x00000000a6c00000, 0x00000000a6b00000| Untracked 
| 108|0x00000000a6c00000, 0x00000000a6d00000, 0x00000000a6d00000|100%| O|  |TAMS 0x00000000a6d00000, 0x00000000a6c00000| Complete 
| 109|0x00000000a6d00000, 0x00000000a6e00000, 0x00000000a6e00000|100%| O|  |TAMS 0x00000000a6e00000, 0x00000000a6d00000| Untracked 
| 110|0x00000000a6e00000, 0x00000000a6f00000, 0x00000000a6f00000|100%| O|  |TAMS 0x00000000a6f00000, 0x00000000a6e00000| Untracked 
| 111|0x00000000a6f00000, 0x00000000a7000000, 0x00000000a7000000|100%| O|  |TAMS 0x00000000a7000000, 0x00000000a6f00000| Untracked 
| 112|0x00000000a7000000, 0x00000000a7100000, 0x00000000a7100000|100%| O|  |TAMS 0x00000000a7100000, 0x00000000a7000000| Complete 
| 113|0x00000000a7100000, 0x00000000a7200000, 0x00000000a7200000|100%| O|  |TAMS 0x00000000a7200000, 0x00000000a7100000| Untracked 
| 114|0x00000000a7200000, 0x00000000a7300000, 0x00000000a7300000|100%| O|  |TAMS 0x00000000a7300000, 0x00000000a7200000| Untracked 
| 115|0x00000000a7300000, 0x00000000a7400000, 0x00000000a7400000|100%| O|  |TAMS 0x00000000a7400000, 0x00000000a7300000| Untracked 
| 116|0x00000000a7400000, 0x00000000a7500000, 0x00000000a7500000|100%| O|  |TAMS 0x00000000a7500000, 0x00000000a7400000| Complete 
| 117|0x00000000a7500000, 0x00000000a7600000, 0x00000000a7600000|100%| O|  |TAMS 0x00000000a7600000, 0x00000000a7500000| Complete 
| 118|0x00000000a7600000, 0x00000000a7700000, 0x00000000a7700000|100%| O|  |TAMS 0x00000000a7700000, 0x00000000a7600000| Complete 
| 119|0x00000000a7700000, 0x00000000a7800000, 0x00000000a7800000|100%| O|  |TAMS 0x00000000a7800000, 0x00000000a7700000| Untracked 
| 120|0x00000000a7800000, 0x00000000a7900000, 0x00000000a7900000|100%| O|  |TAMS 0x00000000a7900000, 0x00000000a7800000| Complete 
| 121|0x00000000a7900000, 0x00000000a7a00000, 0x00000000a7a00000|100%| O|  |TAMS 0x00000000a7a00000, 0x00000000a7900000| Untracked 
| 122|0x00000000a7a00000, 0x00000000a7b00000, 0x00000000a7b00000|100%| O|  |TAMS 0x00000000a7b00000, 0x00000000a7a00000| Untracked 
| 123|0x00000000a7b00000, 0x00000000a7c00000, 0x00000000a7c00000|100%| O|  |TAMS 0x00000000a7c00000, 0x00000000a7b00000| Untracked 
| 124|0x00000000a7c00000, 0x00000000a7d00000, 0x00000000a7d00000|100%| O|  |TAMS 0x00000000a7d00000, 0x00000000a7c00000| Complete 
| 125|0x00000000a7d00000, 0x00000000a7e00000, 0x00000000a7e00000|100%| O|  |TAMS 0x00000000a7e00000, 0x00000000a7d00000| Complete 
| 126|0x00000000a7e00000, 0x00000000a7f00000, 0x00000000a7f00000|100%| O|  |TAMS 0x00000000a7f00000, 0x00000000a7e00000| Untracked 
| 127|0x00000000a7f00000, 0x00000000a8000000, 0x00000000a8000000|100%| O|  |TAMS 0x00000000a8000000, 0x00000000a7f00000| Untracked 
| 128|0x00000000a8000000, 0x00000000a8100000, 0x00000000a8100000|100%| O|  |TAMS 0x00000000a8100000, 0x00000000a8000000| Untracked 
| 129|0x00000000a8100000, 0x00000000a8200000, 0x00000000a8200000|100%| O|  |TAMS 0x00000000a8200000, 0x00000000a8100000| Untracked 
| 130|0x00000000a8200000, 0x00000000a8300000, 0x00000000a8300000|100%| O|  |TAMS 0x00000000a8300000, 0x00000000a8200000| Untracked 
| 131|0x00000000a8300000, 0x00000000a8400000, 0x00000000a8400000|100%| O|  |TAMS 0x00000000a8400000, 0x00000000a8300000| Untracked 
| 132|0x00000000a8400000, 0x00000000a8500000, 0x00000000a8500000|100%| O|  |TAMS 0x00000000a8500000, 0x00000000a8400000| Untracked 
| 133|0x00000000a8500000, 0x00000000a8600000, 0x00000000a8600000|100%| O|  |TAMS 0x00000000a8600000, 0x00000000a8500000| Untracked 
| 134|0x00000000a8600000, 0x00000000a8700000, 0x00000000a8700000|100%| O|  |TAMS 0x00000000a8700000, 0x00000000a8600000| Complete 
| 135|0x00000000a8700000, 0x00000000a8800000, 0x00000000a8800000|100%| O|  |TAMS 0x00000000a8800000, 0x00000000a8700000| Complete 
| 136|0x00000000a8800000, 0x00000000a8900000, 0x00000000a8900000|100%| O|  |TAMS 0x00000000a8900000, 0x00000000a8800000| Complete 
| 137|0x00000000a8900000, 0x00000000a8a00000, 0x00000000a8a00000|100%| O|  |TAMS 0x00000000a8a00000, 0x00000000a8900000| Complete 
| 138|0x00000000a8a00000, 0x00000000a8b00000, 0x00000000a8b00000|100%| O|  |TAMS 0x00000000a8b00000, 0x00000000a8a00000| Untracked 
| 139|0x00000000a8b00000, 0x00000000a8c00000, 0x00000000a8c00000|100%| O|  |TAMS 0x00000000a8c00000, 0x00000000a8b00000| Untracked 
| 140|0x00000000a8c00000, 0x00000000a8d00000, 0x00000000a8d00000|100%| O|  |TAMS 0x00000000a8d00000, 0x00000000a8c00000| Untracked 
| 141|0x00000000a8d00000, 0x00000000a8e00000, 0x00000000a8e00000|100%| O|  |TAMS 0x00000000a8e00000, 0x00000000a8d00000| Untracked 
| 142|0x00000000a8e00000, 0x00000000a8f00000, 0x00000000a8f00000|100%| O|  |TAMS 0x00000000a8f00000, 0x00000000a8e00000| Untracked 
| 143|0x00000000a8f00000, 0x00000000a9000000, 0x00000000a9000000|100%| O|  |TAMS 0x00000000a9000000, 0x00000000a8f00000| Untracked 
| 144|0x00000000a9000000, 0x00000000a9100000, 0x00000000a9100000|100%| O|  |TAMS 0x00000000a9100000, 0x00000000a9000000| Untracked 
| 145|0x00000000a9100000, 0x00000000a9200000, 0x00000000a9200000|100%| O|  |TAMS 0x00000000a9200000, 0x00000000a9100000| Complete 
| 146|0x00000000a9200000, 0x00000000a9300000, 0x00000000a9300000|100%| O|  |TAMS 0x00000000a9300000, 0x00000000a9200000| Complete 
| 147|0x00000000a9300000, 0x00000000a9400000, 0x00000000a9400000|100%| O|  |TAMS 0x00000000a9400000, 0x00000000a9300000| Complete 
| 148|0x00000000a9400000, 0x00000000a9500000, 0x00000000a9500000|100%| O|  |TAMS 0x00000000a9500000, 0x00000000a9400000| Untracked 
| 149|0x00000000a9500000, 0x00000000a9600000, 0x00000000a9600000|100%| O|  |TAMS 0x00000000a9600000, 0x00000000a9500000| Complete 
| 150|0x00000000a9600000, 0x00000000a9700000, 0x00000000a9700000|100%| O|  |TAMS 0x00000000a9700000, 0x00000000a9600000| Complete 
| 151|0x00000000a9700000, 0x00000000a9800000, 0x00000000a9800000|100%| O|  |TAMS 0x00000000a9800000, 0x00000000a9700000| Complete 
| 152|0x00000000a9800000, 0x00000000a9900000, 0x00000000a9900000|100%| O|  |TAMS 0x00000000a9900000, 0x00000000a9800000| Untracked 
| 153|0x00000000a9900000, 0x00000000a9a00000, 0x00000000a9a00000|100%| O|  |TAMS 0x00000000a9a00000, 0x00000000a9900000| Complete 
| 154|0x00000000a9a00000, 0x00000000a9b00000, 0x00000000a9b00000|100%| O|  |TAMS 0x00000000a9b00000, 0x00000000a9a00000| Untracked 
| 155|0x00000000a9b00000, 0x00000000a9c00000, 0x00000000a9c00000|100%| O|  |TAMS 0x00000000a9c00000, 0x00000000a9b00000| Complete 
| 156|0x00000000a9c00000, 0x00000000a9d00000, 0x00000000a9d00000|100%| O|  |TAMS 0x00000000a9d00000, 0x00000000a9c00000| Complete 
| 157|0x00000000a9d00000, 0x00000000a9e00000, 0x00000000a9e00000|100%| O|  |TAMS 0x00000000a9e00000, 0x00000000a9d00000| Untracked 
| 158|0x00000000a9e00000, 0x00000000a9f00000, 0x00000000a9f00000|100%| O|  |TAMS 0x00000000a9f00000, 0x00000000a9e00000| Untracked 
| 159|0x00000000a9f00000, 0x00000000aa000000, 0x00000000aa000000|100%| O|  |TAMS 0x00000000aa000000, 0x00000000a9f00000| Complete 
| 160|0x00000000aa000000, 0x00000000aa100000, 0x00000000aa100000|100%| O|  |TAMS 0x00000000aa100000, 0x00000000aa000000| Untracked 
| 161|0x00000000aa100000, 0x00000000aa200000, 0x00000000aa200000|100%| O|  |TAMS 0x00000000aa200000, 0x00000000aa100000| Untracked 
| 162|0x00000000aa200000, 0x00000000aa300000, 0x00000000aa300000|100%| O|  |TAMS 0x00000000aa300000, 0x00000000aa200000| Complete 
| 163|0x00000000aa300000, 0x00000000aa400000, 0x00000000aa400000|100%| O|  |TAMS 0x00000000aa400000, 0x00000000aa300000| Complete 
| 164|0x00000000aa400000, 0x00000000aa500000, 0x00000000aa500000|100%| O|  |TAMS 0x00000000aa500000, 0x00000000aa400000| Untracked 
| 165|0x00000000aa500000, 0x00000000aa600000, 0x00000000aa600000|100%| O|  |TAMS 0x00000000aa600000, 0x00000000aa500000| Untracked 
| 166|0x00000000aa600000, 0x00000000aa700000, 0x00000000aa700000|100%| O|  |TAMS 0x00000000aa700000, 0x00000000aa600000| Untracked 
| 167|0x00000000aa700000, 0x00000000aa800000, 0x00000000aa800000|100%| O|  |TAMS 0x00000000aa800000, 0x00000000aa700000| Complete 
| 168|0x00000000aa800000, 0x00000000aa900000, 0x00000000aa900000|100%| O|  |TAMS 0x00000000aa900000, 0x00000000aa800000| Complete 
| 169|0x00000000aa900000, 0x00000000aaa00000, 0x00000000aaa00000|100%| O|  |TAMS 0x00000000aaa00000, 0x00000000aa900000| Untracked 
| 170|0x00000000aaa00000, 0x00000000aab00000, 0x00000000aab00000|100%| O|  |TAMS 0x00000000aab00000, 0x00000000aaa00000| Untracked 
| 171|0x00000000aab00000, 0x00000000aac00000, 0x00000000aac00000|100%| O|  |TAMS 0x00000000aac00000, 0x00000000aab00000| Untracked 
| 172|0x00000000aac00000, 0x00000000aad00000, 0x00000000aad00000|100%| O|  |TAMS 0x00000000aad00000, 0x00000000aac00000| Untracked 
| 173|0x00000000aad00000, 0x00000000aae00000, 0x00000000aae00000|100%| O|  |TAMS 0x00000000aae00000, 0x00000000aad00000| Untracked 
| 174|0x00000000aae00000, 0x00000000aaf00000, 0x00000000aaf00000|100%| O|  |TAMS 0x00000000aaf00000, 0x00000000aae00000| Untracked 
| 175|0x00000000aaf00000, 0x00000000ab000000, 0x00000000ab000000|100%| O|  |TAMS 0x00000000ab000000, 0x00000000aaf00000| Untracked 
| 176|0x00000000ab000000, 0x00000000ab100000, 0x00000000ab100000|100%| O|  |TAMS 0x00000000ab100000, 0x00000000ab000000| Untracked 
| 177|0x00000000ab100000, 0x00000000ab200000, 0x00000000ab200000|100%| O|  |TAMS 0x00000000ab200000, 0x00000000ab100000| Untracked 
| 178|0x00000000ab200000, 0x00000000ab300000, 0x00000000ab300000|100%| O|  |TAMS 0x00000000ab300000, 0x00000000ab200000| Untracked 
| 179|0x00000000ab300000, 0x00000000ab400000, 0x00000000ab400000|100%| O|  |TAMS 0x00000000ab400000, 0x00000000ab300000| Untracked 
| 180|0x00000000ab400000, 0x00000000ab500000, 0x00000000ab500000|100%| O|  |TAMS 0x00000000ab500000, 0x00000000ab400000| Complete 
| 181|0x00000000ab500000, 0x00000000ab5aa000, 0x00000000ab600000| 66%| O|  |TAMS 0x00000000ab5aa000, 0x00000000ab500000| Untracked 
| 182|0x00000000ab600000, 0x00000000ab600000, 0x00000000ab700000|  0%| F|  |TAMS 0x00000000ab600000, 0x00000000ab600000| Untracked 
| 183|0x00000000ab700000, 0x00000000ab700000, 0x00000000ab800000|  0%| F|  |TAMS 0x00000000ab700000, 0x00000000ab700000| Untracked 
| 184|0x00000000ab800000, 0x00000000ab800000, 0x00000000ab900000|  0%| F|  |TAMS 0x00000000ab800000, 0x00000000ab800000| Untracked 
| 185|0x00000000ab900000, 0x00000000ab900000, 0x00000000aba00000|  0%| F|  |TAMS 0x00000000ab900000, 0x00000000ab900000| Untracked 
| 186|0x00000000aba00000, 0x00000000aba00000, 0x00000000abb00000|  0%| F|  |TAMS 0x00000000aba00000, 0x00000000aba00000| Untracked 
| 187|0x00000000abb00000, 0x00000000abb00000, 0x00000000abc00000|  0%| F|  |TAMS 0x00000000abb00000, 0x00000000abb00000| Untracked 
| 188|0x00000000abc00000, 0x00000000abc00000, 0x00000000abd00000|  0%| F|  |TAMS 0x00000000abc00000, 0x00000000abc00000| Untracked 
| 189|0x00000000abd00000, 0x00000000abd00000, 0x00000000abe00000|  0%| F|  |TAMS 0x00000000abd00000, 0x00000000abd00000| Untracked 
| 190|0x00000000abe00000, 0x00000000abe00000, 0x00000000abf00000|  0%| F|  |TAMS 0x00000000abe00000, 0x00000000abe00000| Untracked 
| 191|0x00000000abf00000, 0x00000000abf00000, 0x00000000ac000000|  0%| F|  |TAMS 0x00000000abf00000, 0x00000000abf00000| Untracked 
| 192|0x00000000ac000000, 0x00000000ac000000, 0x00000000ac100000|  0%| F|  |TAMS 0x00000000ac000000, 0x00000000ac000000| Untracked 
| 193|0x00000000ac100000, 0x00000000ac100000, 0x00000000ac200000|  0%| F|  |TAMS 0x00000000ac100000, 0x00000000ac100000| Untracked 
| 194|0x00000000ac200000, 0x00000000ac200000, 0x00000000ac300000|  0%| F|  |TAMS 0x00000000ac200000, 0x00000000ac200000| Untracked 
| 195|0x00000000ac300000, 0x00000000ac300000, 0x00000000ac400000|  0%| F|  |TAMS 0x00000000ac300000, 0x00000000ac300000| Untracked 
| 196|0x00000000ac400000, 0x00000000ac400000, 0x00000000ac500000|  0%| F|  |TAMS 0x00000000ac400000, 0x00000000ac400000| Untracked 
| 197|0x00000000ac500000, 0x00000000ac500000, 0x00000000ac600000|  0%| F|  |TAMS 0x00000000ac500000, 0x00000000ac500000| Untracked 
| 198|0x00000000ac600000, 0x00000000ac600000, 0x00000000ac700000|  0%| F|  |TAMS 0x00000000ac600000, 0x00000000ac600000| Untracked 
| 199|0x00000000ac700000, 0x00000000ac700000, 0x00000000ac800000|  0%| F|  |TAMS 0x00000000ac700000, 0x00000000ac700000| Untracked 
| 200|0x00000000ac800000, 0x00000000ac800000, 0x00000000ac900000|  0%| F|  |TAMS 0x00000000ac800000, 0x00000000ac800000| Untracked 
| 201|0x00000000ac900000, 0x00000000ac900000, 0x00000000aca00000|  0%| F|  |TAMS 0x00000000ac900000, 0x00000000ac900000| Untracked 
| 202|0x00000000aca00000, 0x00000000aca00000, 0x00000000acb00000|  0%| F|  |TAMS 0x00000000aca00000, 0x00000000aca00000| Untracked 
| 203|0x00000000acb00000, 0x00000000acb00000, 0x00000000acc00000|  0%| F|  |TAMS 0x00000000acb00000, 0x00000000acb00000| Untracked 
| 204|0x00000000acc00000, 0x00000000acc00000, 0x00000000acd00000|  0%| F|  |TAMS 0x00000000acc00000, 0x00000000acc00000| Untracked 
| 205|0x00000000acd00000, 0x00000000acd00000, 0x00000000ace00000|  0%| F|  |TAMS 0x00000000acd00000, 0x00000000acd00000| Untracked 
| 206|0x00000000ace00000, 0x00000000ace00000, 0x00000000acf00000|  0%| F|  |TAMS 0x00000000ace00000, 0x00000000ace00000| Untracked 
| 207|0x00000000acf00000, 0x00000000acf00000, 0x00000000ad000000|  0%| F|  |TAMS 0x00000000acf00000, 0x00000000acf00000| Untracked 
| 208|0x00000000ad000000, 0x00000000ad000000, 0x00000000ad100000|  0%| F|  |TAMS 0x00000000ad000000, 0x00000000ad000000| Untracked 
| 209|0x00000000ad100000, 0x00000000ad100000, 0x00000000ad200000|  0%| F|  |TAMS 0x00000000ad100000, 0x00000000ad100000| Untracked 
| 210|0x00000000ad200000, 0x00000000ad200000, 0x00000000ad300000|  0%| F|  |TAMS 0x00000000ad200000, 0x00000000ad200000| Untracked 
| 211|0x00000000ad300000, 0x00000000ad300000, 0x00000000ad400000|  0%| F|  |TAMS 0x00000000ad300000, 0x00000000ad300000| Untracked 
| 212|0x00000000ad400000, 0x00000000ad400000, 0x00000000ad500000|  0%| F|  |TAMS 0x00000000ad400000, 0x00000000ad400000| Untracked 
| 213|0x00000000ad500000, 0x00000000ad500000, 0x00000000ad600000|  0%| F|  |TAMS 0x00000000ad500000, 0x00000000ad500000| Untracked 
| 214|0x00000000ad600000, 0x00000000ad600000, 0x00000000ad700000|  0%| F|  |TAMS 0x00000000ad600000, 0x00000000ad600000| Untracked 
| 215|0x00000000ad700000, 0x00000000ad700000, 0x00000000ad800000|  0%| F|  |TAMS 0x00000000ad700000, 0x00000000ad700000| Untracked 
| 216|0x00000000ad800000, 0x00000000ad800000, 0x00000000ad900000|  0%| F|  |TAMS 0x00000000ad800000, 0x00000000ad800000| Untracked 
| 217|0x00000000ad900000, 0x00000000ad900000, 0x00000000ada00000|  0%| F|  |TAMS 0x00000000ad900000, 0x00000000ad900000| Untracked 
| 218|0x00000000ada00000, 0x00000000ada00000, 0x00000000adb00000|  0%| F|  |TAMS 0x00000000ada00000, 0x00000000ada00000| Untracked 
| 219|0x00000000adb00000, 0x00000000adb00000, 0x00000000adc00000|  0%| F|  |TAMS 0x00000000adb00000, 0x00000000adb00000| Untracked 
| 220|0x00000000adc00000, 0x00000000adc00000, 0x00000000add00000|  0%| F|  |TAMS 0x00000000adc00000, 0x00000000adc00000| Untracked 
| 221|0x00000000add00000, 0x00000000add00000, 0x00000000ade00000|  0%| F|  |TAMS 0x00000000add00000, 0x00000000add00000| Untracked 
| 222|0x00000000ade00000, 0x00000000ade00000, 0x00000000adf00000|  0%| F|  |TAMS 0x00000000ade00000, 0x00000000ade00000| Untracked 
| 223|0x00000000adf00000, 0x00000000adf00000, 0x00000000ae000000|  0%| F|  |TAMS 0x00000000adf00000, 0x00000000adf00000| Untracked 
| 224|0x00000000ae000000, 0x00000000ae000000, 0x00000000ae100000|  0%| F|  |TAMS 0x00000000ae000000, 0x00000000ae000000| Untracked 
| 225|0x00000000ae100000, 0x00000000ae100000, 0x00000000ae200000|  0%| F|  |TAMS 0x00000000ae100000, 0x00000000ae100000| Untracked 
| 226|0x00000000ae200000, 0x00000000ae200000, 0x00000000ae300000|  0%| F|  |TAMS 0x00000000ae200000, 0x00000000ae200000| Untracked 
| 227|0x00000000ae300000, 0x00000000ae300000, 0x00000000ae400000|  0%| F|  |TAMS 0x00000000ae300000, 0x00000000ae300000| Untracked 
| 228|0x00000000ae400000, 0x00000000ae400000, 0x00000000ae500000|  0%| F|  |TAMS 0x00000000ae400000, 0x00000000ae400000| Untracked 
| 229|0x00000000ae500000, 0x00000000ae500000, 0x00000000ae600000|  0%| F|  |TAMS 0x00000000ae500000, 0x00000000ae500000| Untracked 
| 230|0x00000000ae600000, 0x00000000ae600000, 0x00000000ae700000|  0%| F|  |TAMS 0x00000000ae600000, 0x00000000ae600000| Untracked 
| 231|0x00000000ae700000, 0x00000000ae700000, 0x00000000ae800000|  0%| F|  |TAMS 0x00000000ae700000, 0x00000000ae700000| Untracked 
| 232|0x00000000ae800000, 0x00000000ae800000, 0x00000000ae900000|  0%| F|  |TAMS 0x00000000ae800000, 0x00000000ae800000| Untracked 
| 233|0x00000000ae900000, 0x00000000ae900000, 0x00000000aea00000|  0%| F|  |TAMS 0x00000000ae900000, 0x00000000ae900000| Untracked 
| 234|0x00000000aea00000, 0x00000000aea00000, 0x00000000aeb00000|  0%| F|  |TAMS 0x00000000aea00000, 0x00000000aea00000| Untracked 
| 235|0x00000000aeb00000, 0x00000000aeb00000, 0x00000000aec00000|  0%| F|  |TAMS 0x00000000aeb00000, 0x00000000aeb00000| Untracked 
| 236|0x00000000aec00000, 0x00000000aed00000, 0x00000000aed00000|100%| S|CS|TAMS 0x00000000aec00000, 0x00000000aec00000| Complete 
| 237|0x00000000aed00000, 0x00000000aee00000, 0x00000000aee00000|100%| S|CS|TAMS 0x00000000aed00000, 0x00000000aed00000| Complete 
| 238|0x00000000aee00000, 0x00000000aef00000, 0x00000000aef00000|100%| S|CS|TAMS 0x00000000aee00000, 0x00000000aee00000| Complete 
| 239|0x00000000aef00000, 0x00000000af000000, 0x00000000af000000|100%| S|CS|TAMS 0x00000000aef00000, 0x00000000aef00000| Complete 
| 240|0x00000000af000000, 0x00000000af000000, 0x00000000af100000|  0%| F|  |TAMS 0x00000000af000000, 0x00000000af000000| Untracked 
| 241|0x00000000af100000, 0x00000000af100000, 0x00000000af200000|  0%| F|  |TAMS 0x00000000af100000, 0x00000000af100000| Untracked 
| 242|0x00000000af200000, 0x00000000af200000, 0x00000000af300000|  0%| F|  |TAMS 0x00000000af200000, 0x00000000af200000| Untracked 
| 243|0x00000000af300000, 0x00000000af300000, 0x00000000af400000|  0%| F|  |TAMS 0x00000000af300000, 0x00000000af300000| Untracked 
| 244|0x00000000af400000, 0x00000000af400000, 0x00000000af500000|  0%| F|  |TAMS 0x00000000af400000, 0x00000000af400000| Untracked 
| 245|0x00000000af500000, 0x00000000af500000, 0x00000000af600000|  0%| F|  |TAMS 0x00000000af500000, 0x00000000af500000| Untracked 
| 246|0x00000000af600000, 0x00000000af600000, 0x00000000af700000|  0%| F|  |TAMS 0x00000000af600000, 0x00000000af600000| Untracked 
| 247|0x00000000af700000, 0x00000000af700000, 0x00000000af800000|  0%| F|  |TAMS 0x00000000af700000, 0x00000000af700000| Untracked 
| 248|0x00000000af800000, 0x00000000af900000, 0x00000000af900000|100%| S|CS|TAMS 0x00000000af800000, 0x00000000af800000| Complete 
| 249|0x00000000af900000, 0x00000000afa00000, 0x00000000afa00000|100%| S|CS|TAMS 0x00000000af900000, 0x00000000af900000| Complete 
| 250|0x00000000afa00000, 0x00000000afb00000, 0x00000000afb00000|100%| S|CS|TAMS 0x00000000afa00000, 0x00000000afa00000| Complete 
| 251|0x00000000afb00000, 0x00000000afc00000, 0x00000000afc00000|100%| S|CS|TAMS 0x00000000afb00000, 0x00000000afb00000| Complete 
| 252|0x00000000afc00000, 0x00000000afc00000, 0x00000000afd00000|  0%| F|  |TAMS 0x00000000afc00000, 0x00000000afc00000| Untracked 
| 253|0x00000000afd00000, 0x00000000afd00000, 0x00000000afe00000|  0%| F|  |TAMS 0x00000000afd00000, 0x00000000afd00000| Untracked 
| 254|0x00000000afe00000, 0x00000000afe00000, 0x00000000aff00000|  0%| F|  |TAMS 0x00000000afe00000, 0x00000000afe00000| Untracked 
| 255|0x00000000aff00000, 0x00000000aff00000, 0x00000000b0000000|  0%| F|  |TAMS 0x00000000aff00000, 0x00000000aff00000| Untracked 
| 256|0x00000000b0000000, 0x00000000b0000000, 0x00000000b0100000|  0%| F|  |TAMS 0x00000000b0000000, 0x00000000b0000000| Untracked 
| 257|0x00000000b0100000, 0x00000000b0100000, 0x00000000b0200000|  0%| F|  |TAMS 0x00000000b0100000, 0x00000000b0100000| Untracked 
| 258|0x00000000b0200000, 0x00000000b0200000, 0x00000000b0300000|  0%| F|  |TAMS 0x00000000b0200000, 0x00000000b0200000| Untracked 
| 259|0x00000000b0300000, 0x00000000b0300000, 0x00000000b0400000|  0%| F|  |TAMS 0x00000000b0300000, 0x00000000b0300000| Untracked 
| 260|0x00000000b0400000, 0x00000000b0400000, 0x00000000b0500000|  0%| F|  |TAMS 0x00000000b0400000, 0x00000000b0400000| Untracked 
| 261|0x00000000b0500000, 0x00000000b0500000, 0x00000000b0600000|  0%| F|  |TAMS 0x00000000b0500000, 0x00000000b0500000| Untracked 
| 262|0x00000000b0600000, 0x00000000b0600000, 0x00000000b0700000|  0%| F|  |TAMS 0x00000000b0600000, 0x00000000b0600000| Untracked 
| 263|0x00000000b0700000, 0x00000000b0700000, 0x00000000b0800000|  0%| F|  |TAMS 0x00000000b0700000, 0x00000000b0700000| Untracked 
| 264|0x00000000b0800000, 0x00000000b0800000, 0x00000000b0900000|  0%| F|  |TAMS 0x00000000b0800000, 0x00000000b0800000| Untracked 
| 265|0x00000000b0900000, 0x00000000b096ff78, 0x00000000b0a00000| 43%| E|  |TAMS 0x00000000b0900000, 0x00000000b0900000| Complete 
| 266|0x00000000b0a00000, 0x00000000b0b00000, 0x00000000b0b00000|100%| E|CS|TAMS 0x00000000b0a00000, 0x00000000b0a00000| Complete 
| 267|0x00000000b0b00000, 0x00000000b0c00000, 0x00000000b0c00000|100%| E|CS|TAMS 0x00000000b0b00000, 0x00000000b0b00000| Complete 
| 268|0x00000000b0c00000, 0x00000000b0d00000, 0x00000000b0d00000|100%| E|CS|TAMS 0x00000000b0c00000, 0x00000000b0c00000| Complete 
| 269|0x00000000b0d00000, 0x00000000b0e00000, 0x00000000b0e00000|100%| E|CS|TAMS 0x00000000b0d00000, 0x00000000b0d00000| Complete 
| 270|0x00000000b0e00000, 0x00000000b0f00000, 0x00000000b0f00000|100%| E|CS|TAMS 0x00000000b0e00000, 0x00000000b0e00000| Complete 
| 271|0x00000000b0f00000, 0x00000000b1000000, 0x00000000b1000000|100%| E|CS|TAMS 0x00000000b0f00000, 0x00000000b0f00000| Complete 
| 272|0x00000000b1000000, 0x00000000b1100000, 0x00000000b1100000|100%| E|CS|TAMS 0x00000000b1000000, 0x00000000b1000000| Complete 
| 273|0x00000000b1100000, 0x00000000b1200000, 0x00000000b1200000|100%| E|CS|TAMS 0x00000000b1100000, 0x00000000b1100000| Complete 
| 274|0x00000000b1200000, 0x00000000b1300000, 0x00000000b1300000|100%| E|CS|TAMS 0x00000000b1200000, 0x00000000b1200000| Complete 
| 275|0x00000000b1300000, 0x00000000b1400000, 0x00000000b1400000|100%| E|CS|TAMS 0x00000000b1300000, 0x00000000b1300000| Complete 
| 276|0x00000000b1400000, 0x00000000b1500000, 0x00000000b1500000|100%| E|CS|TAMS 0x00000000b1400000, 0x00000000b1400000| Complete 
| 277|0x00000000b1500000, 0x00000000b1600000, 0x00000000b1600000|100%| E|CS|TAMS 0x00000000b1500000, 0x00000000b1500000| Complete 
| 278|0x00000000b1600000, 0x00000000b1700000, 0x00000000b1700000|100%| E|CS|TAMS 0x00000000b1600000, 0x00000000b1600000| Complete 
| 279|0x00000000b1700000, 0x00000000b1800000, 0x00000000b1800000|100%| E|CS|TAMS 0x00000000b1700000, 0x00000000b1700000| Complete 
| 280|0x00000000b1800000, 0x00000000b1900000, 0x00000000b1900000|100%| E|CS|TAMS 0x00000000b1800000, 0x00000000b1800000| Complete 
| 281|0x00000000b1900000, 0x00000000b1a00000, 0x00000000b1a00000|100%| E|CS|TAMS 0x00000000b1900000, 0x00000000b1900000| Complete 
| 282|0x00000000b1a00000, 0x00000000b1b00000, 0x00000000b1b00000|100%| E|CS|TAMS 0x00000000b1a00000, 0x00000000b1a00000| Complete 
| 283|0x00000000b1b00000, 0x00000000b1c00000, 0x00000000b1c00000|100%| E|CS|TAMS 0x00000000b1b00000, 0x00000000b1b00000| Complete 
| 284|0x00000000b1c00000, 0x00000000b1d00000, 0x00000000b1d00000|100%| E|CS|TAMS 0x00000000b1c00000, 0x00000000b1c00000| Complete 
| 285|0x00000000b1d00000, 0x00000000b1e00000, 0x00000000b1e00000|100%| E|CS|TAMS 0x00000000b1d00000, 0x00000000b1d00000| Complete 
| 286|0x00000000b1e00000, 0x00000000b1f00000, 0x00000000b1f00000|100%| E|CS|TAMS 0x00000000b1e00000, 0x00000000b1e00000| Complete 
| 287|0x00000000b1f00000, 0x00000000b2000000, 0x00000000b2000000|100%| E|CS|TAMS 0x00000000b1f00000, 0x00000000b1f00000| Complete 
| 288|0x00000000b2000000, 0x00000000b2100000, 0x00000000b2100000|100%| E|CS|TAMS 0x00000000b2000000, 0x00000000b2000000| Complete 
| 289|0x00000000b2100000, 0x00000000b2200000, 0x00000000b2200000|100%| E|CS|TAMS 0x00000000b2100000, 0x00000000b2100000| Complete 
| 290|0x00000000b2200000, 0x00000000b2300000, 0x00000000b2300000|100%| E|CS|TAMS 0x00000000b2200000, 0x00000000b2200000| Complete 
| 291|0x00000000b2300000, 0x00000000b2400000, 0x00000000b2400000|100%| E|CS|TAMS 0x00000000b2300000, 0x00000000b2300000| Complete 
| 292|0x00000000b2400000, 0x00000000b2500000, 0x00000000b2500000|100%| E|CS|TAMS 0x00000000b2400000, 0x00000000b2400000| Complete 
| 293|0x00000000b2500000, 0x00000000b2600000, 0x00000000b2600000|100%| E|CS|TAMS 0x00000000b2500000, 0x00000000b2500000| Complete 
| 294|0x00000000b2600000, 0x00000000b2700000, 0x00000000b2700000|100%| E|CS|TAMS 0x00000000b2600000, 0x00000000b2600000| Complete 
| 295|0x00000000b2700000, 0x00000000b2800000, 0x00000000b2800000|100%| E|CS|TAMS 0x00000000b2700000, 0x00000000b2700000| Complete 
| 296|0x00000000b2800000, 0x00000000b2900000, 0x00000000b2900000|100%| E|CS|TAMS 0x00000000b2800000, 0x00000000b2800000| Complete 
| 297|0x00000000b2900000, 0x00000000b2a00000, 0x00000000b2a00000|100%| E|CS|TAMS 0x00000000b2900000, 0x00000000b2900000| Complete 
| 298|0x00000000b2a00000, 0x00000000b2b00000, 0x00000000b2b00000|100%| E|CS|TAMS 0x00000000b2a00000, 0x00000000b2a00000| Complete 
| 299|0x00000000b2b00000, 0x00000000b2c00000, 0x00000000b2c00000|100%| E|CS|TAMS 0x00000000b2b00000, 0x00000000b2b00000| Complete 
| 300|0x00000000b2c00000, 0x00000000b2d00000, 0x00000000b2d00000|100%| E|CS|TAMS 0x00000000b2c00000, 0x00000000b2c00000| Complete 
| 301|0x00000000b2d00000, 0x00000000b2e00000, 0x00000000b2e00000|100%| E|CS|TAMS 0x00000000b2d00000, 0x00000000b2d00000| Complete 
| 302|0x00000000b2e00000, 0x00000000b2f00000, 0x00000000b2f00000|100%| E|CS|TAMS 0x00000000b2e00000, 0x00000000b2e00000| Complete 
| 303|0x00000000b2f00000, 0x00000000b3000000, 0x00000000b3000000|100%| E|CS|TAMS 0x00000000b2f00000, 0x00000000b2f00000| Complete 
| 304|0x00000000b3000000, 0x00000000b3100000, 0x00000000b3100000|100%| E|CS|TAMS 0x00000000b3000000, 0x00000000b3000000| Complete 
| 305|0x00000000b3100000, 0x00000000b3200000, 0x00000000b3200000|100%| E|CS|TAMS 0x00000000b3100000, 0x00000000b3100000| Complete 
| 306|0x00000000b3200000, 0x00000000b3300000, 0x00000000b3300000|100%| E|CS|TAMS 0x00000000b3200000, 0x00000000b3200000| Complete 

Card table byte_map: [0x0000011f49830000,0x0000011f49b30000] _byte_map_base: 0x0000011f49330000

Marking Bits (Prev, Next): (CMBitMap*) 0x0000011f3670d708, (CMBitMap*) 0x0000011f3670d740
 Prev Bits: [0x0000011f49e30000, 0x0000011f4b630000)
 Next Bits: [0x0000011f4b630000, 0x0000011f4ce30000)

Polling page: 0x0000011f35eb0000

Metaspace:

Usage:
  Non-class:     90.54 MB capacity,    87.15 MB ( 96%) used,     3.01 MB (  3%) free+waste,   384.56 KB ( <1%) overhead. 
      Class:     14.59 MB capacity,    13.05 MB ( 89%) used,     1.36 MB (  9%) free+waste,   179.25 KB (  1%) overhead. 
       Both:    105.12 MB capacity,   100.20 MB ( 95%) used,     4.37 MB (  4%) free+waste,   563.81 KB ( <1%) overhead. 

Virtual space:
  Non-class space:       92.00 MB reserved,      90.76 MB ( 99%) committed 
      Class space:        1.00 GB reserved,      14.62 MB (  1%) committed 
             Both:        1.09 GB reserved,     105.38 MB (  9%) committed 

Chunk freelists:
   Non-Class:  32.00 KB
       Class:  0 bytes
        Both:  32.00 KB

MaxMetaspaceSize: 17179869184.00 GB
CompressedClassSpaceSize: 1.00 GB
Initial GC threshold: 20.80 MB
Current GC threshold: 175.22 MB
CDS: off

CodeHeap 'non-profiled nmethods': size=120000Kb used=12692Kb max_used=12692Kb free=107307Kb
 bounds [0x0000011f41cd0000, 0x0000011f42940000, 0x0000011f49200000]
CodeHeap 'profiled nmethods': size=120000Kb used=35619Kb max_used=35619Kb free=84380Kb
 bounds [0x0000011f3a7a0000, 0x0000011f3ca70000, 0x0000011f41cd0000]
CodeHeap 'non-nmethods': size=5760Kb used=2396Kb max_used=2476Kb free=3363Kb
 bounds [0x0000011f3a200000, 0x0000011f3a480000, 0x0000011f3a7a0000]
 total_blobs=16963 nmethods=16047 adapters=827
 compilation: enabled
              stopped_count=0, restarted_count=0
 full_count=0

Compilation events (20 events):
Event: 385.719 Thread 0x0000011f50139800 16239       3       java.net.InetAddress$InetAddressHolder::<init> (5 bytes)
Event: 385.719 Thread 0x0000011f50139800 nmethod 16239 0x0000011f3ca60e10 code [0x0000011f3ca60fc0, 0x0000011f3ca61118]
Event: 385.719 Thread 0x0000011f50136000 nmethod 16240 0x0000011f42933b90 code [0x0000011f42933d40, 0x0000011f42933de8]
Event: 387.201 Thread 0x0000011f50139800 16241       3       java.util.concurrent.LinkedBlockingDeque::unlinkFirst (74 bytes)
Event: 387.201 Thread 0x0000011f50139800 nmethod 16241 0x0000011f3ca61210 code [0x0000011f3ca61420, 0x0000011f3ca61a08]
Event: 387.414 Thread 0x0000011f50139800 16242       3       java.lang.String::getBytes (12 bytes)
Event: 387.415 Thread 0x0000011f50139800 nmethod 16242 0x0000011f3ca61c10 code [0x0000011f3ca61de0, 0x0000011f3ca61fa8]
Event: 387.415 Thread 0x0000011f50139800 16243       3       java.lang.StringCoding::encode (102 bytes)
Event: 387.415 Thread 0x0000011f50136000 16246       4       org.gradle.internal.dispatch.ProxyDispatchAdapter$DispatchingInvocationHandler::invoke (184 bytes)
Event: 387.416 Thread 0x0000011f50139800 nmethod 16243 0x0000011f3ca62090 code [0x0000011f3ca62380, 0x0000011f3ca63338]
Event: 387.416 Thread 0x0000011f50139800 16245       3       org.gradle.internal.logging.sink.OutputEventRenderer$3::onOutput (114 bytes)
Event: 387.416 Thread 0x0000011f50139800 nmethod 16245 0x0000011f3ca63890 code [0x0000011f3ca63b20, 0x0000011f3ca648f8]
Event: 387.416 Thread 0x0000011f50139800 16249       3       java.nio.Buffer::flip (20 bytes)
Event: 387.416 Thread 0x0000011f50139800 nmethod 16249 0x0000011f3ca64c10 code [0x0000011f3ca64dc0, 0x0000011f3ca64ed8]
Event: 387.416 Thread 0x0000011f50139800 16247       3       org.gradle.internal.logging.sink.ProgressLogEventGenerator::doOutput (52 bytes)
Event: 387.416 Thread 0x0000011f50139800 nmethod 16247 0x0000011f3ca64f90 code [0x0000011f3ca651c0, 0x0000011f3ca65878]
Event: 387.416 Thread 0x0000011f50139800 16244   !   3       java.lang.StringCoding$StringEncoder::encode (252 bytes)
Event: 387.419 Thread 0x0000011f50139800 nmethod 16244 0x0000011f3ca65a90 code [0x0000011f3ca65ec0, 0x0000011f3ca68168]
Event: 387.426 Thread 0x0000011f50136000 nmethod 16246 0x0000011f42933e90 code [0x0000011f429340a0, 0x0000011f42934a58]
Event: 387.426 Thread 0x0000011f50136000 16248       4       sun.nio.cs.SingleByte$Decoder::decodeArrayLoop (154 bytes)

GC Heap History (20 events):
Event: 284.781 GC heap before
{Heap before GC invocations=50 (full 0):
 garbage-first heap   total 196608K, used 154955K [0x00000000a0000000, 0x0000000100000000)
  region size 1024K, 9 young (9216K), 2 survivors (2048K)
 Metaspace       used 100797K, capacity 105508K, committed 105608K, reserved 1140736K
  class space    used 13208K, capacity 14660K, committed 14720K, reserved 1048576K
}
Event: 284.789 GC heap after
{Heap after GC invocations=51 (full 0):
 garbage-first heap   total 196608K, used 134920K [0x00000000a0000000, 0x0000000100000000)
  region size 1024K, 2 young (2048K), 2 survivors (2048K)
 Metaspace       used 100797K, capacity 105508K, committed 105608K, reserved 1140736K
  class space    used 13208K, capacity 14660K, committed 14720K, reserved 1048576K
}
Event: 284.868 GC heap before
{Heap before GC invocations=51 (full 0):
 garbage-first heap   total 196608K, used 141064K [0x00000000a0000000, 0x0000000100000000)
  region size 1024K, 9 young (9216K), 2 survivors (2048K)
 Metaspace       used 100830K, capacity 105660K, committed 105864K, reserved 1140736K
  class space    used 13211K, capacity 14664K, committed 14720K, reserved 1048576K
}
Event: 284.877 GC heap after
{Heap after GC invocations=52 (full 0):
 garbage-first heap   total 196608K, used 129785K [0x00000000a0000000, 0x0000000100000000)
  region size 1024K, 2 young (2048K), 2 survivors (2048K)
 Metaspace       used 100830K, capacity 105660K, committed 105864K, reserved 1140736K
  class space    used 13211K, capacity 14664K, committed 14720K, reserved 1048576K
}
Event: 285.120 GC heap before
{Heap before GC invocations=52 (full 0):
 garbage-first heap   total 196608K, used 155385K [0x00000000a0000000, 0x0000000100000000)
  region size 1024K, 27 young (27648K), 2 survivors (2048K)
 Metaspace       used 101002K, capacity 105770K, committed 105864K, reserved 1140736K
  class space    used 13222K, capacity 14686K, committed 14720K, reserved 1048576K
}
Event: 285.130 GC heap after
{Heap after GC invocations=53 (full 0):
 garbage-first heap   total 196608K, used 135168K [0x00000000a0000000, 0x0000000100000000)
  region size 1024K, 4 young (4096K), 4 survivors (4096K)
 Metaspace       used 101002K, capacity 105770K, committed 105864K, reserved 1140736K
  class space    used 13222K, capacity 14686K, committed 14720K, reserved 1048576K
}
Event: 285.396 GC heap before
{Heap before GC invocations=54 (full 0):
 garbage-first heap   total 196608K, used 158720K [0x00000000a0000000, 0x0000000100000000)
  region size 1024K, 27 young (27648K), 4 survivors (4096K)
 Metaspace       used 101064K, capacity 105784K, committed 105864K, reserved 1140736K
  class space    used 13225K, capacity 14690K, committed 14720K, reserved 1048576K
}
Event: 285.406 GC heap after
{Heap after GC invocations=55 (full 0):
 garbage-first heap   total 196608K, used 139201K [0x00000000a0000000, 0x0000000100000000)
  region size 1024K, 4 young (4096K), 4 survivors (4096K)
 Metaspace       used 101064K, capacity 105784K, committed 105864K, reserved 1140736K
  class space    used 13225K, capacity 14690K, committed 14720K, reserved 1048576K
}
Event: 285.443 GC heap before
{Heap before GC invocations=55 (full 0):
 garbage-first heap   total 196608K, used 143297K [0x00000000a0000000, 0x0000000100000000)
  region size 1024K, 9 young (9216K), 4 survivors (4096K)
 Metaspace       used 101089K, capacity 105854K, committed 106120K, reserved 1140736K
  class space    used 13226K, capacity 14692K, committed 14720K, reserved 1048576K
}
Event: 285.450 GC heap after
{Heap after GC invocations=56 (full 0):
 garbage-first heap   total 196608K, used 138865K [0x00000000a0000000, 0x0000000100000000)
  region size 1024K, 2 young (2048K), 2 survivors (2048K)
 Metaspace       used 101089K, capacity 105854K, committed 106120K, reserved 1140736K
  class space    used 13226K, capacity 14692K, committed 14720K, reserved 1048576K
}
Event: 285.803 GC heap before
{Heap before GC invocations=56 (full 0):
 garbage-first heap   total 196608K, used 160369K [0x00000000a0000000, 0x0000000100000000)
  region size 1024K, 23 young (23552K), 2 survivors (2048K)
 Metaspace       used 101177K, capacity 105929K, committed 106120K, reserved 1140736K
  class space    used 13227K, capacity 14694K, committed 14720K, reserved 1048576K
}
Event: 285.826 GC heap after
{Heap after GC invocations=57 (full 0):
 garbage-first heap   total 314368K, used 146081K [0x00000000a0000000, 0x0000000100000000)
  region size 1024K, 3 young (3072K), 3 survivors (3072K)
 Metaspace       used 101177K, capacity 105929K, committed 106120K, reserved 1140736K
  class space    used 13227K, capacity 14694K, committed 14720K, reserved 1048576K
}
Event: 365.568 GC heap before
{Heap before GC invocations=58 (full 0):
 garbage-first heap   total 314368K, used 205473K [0x00000000a0000000, 0x0000000100000000)
  region size 1024K, 62 young (63488K), 3 survivors (3072K)
 Metaspace       used 101830K, capacity 106845K, committed 107016K, reserved 1142784K
  class space    used 13312K, capacity 14844K, committed 14848K, reserved 1048576K
}
Event: 365.590 GC heap after
{Heap after GC invocations=59 (full 0):
 garbage-first heap   total 314368K, used 162041K [0x00000000a0000000, 0x0000000100000000)
  region size 1024K, 8 young (8192K), 8 survivors (8192K)
 Metaspace       used 101830K, capacity 106845K, committed 107016K, reserved 1142784K
  class space    used 13312K, capacity 14844K, committed 14848K, reserved 1048576K
}
Event: 366.537 GC heap before
{Heap before GC invocations=59 (full 0):
 garbage-first heap   total 314368K, used 219385K [0x00000000a0000000, 0x0000000100000000)
  region size 1024K, 64 young (65536K), 8 survivors (8192K)
 Metaspace       used 102158K, capacity 107232K, committed 107400K, reserved 1142784K
  class space    used 13354K, capacity 14922K, committed 14976K, reserved 1048576K
}
Event: 366.575 GC heap after
{Heap after GC invocations=60 (full 0):
 garbage-first heap   total 314368K, used 170665K [0x00000000a0000000, 0x0000000100000000)
  region size 1024K, 8 young (8192K), 8 survivors (8192K)
 Metaspace       used 102158K, capacity 107232K, committed 107400K, reserved 1142784K
  class space    used 13354K, capacity 14922K, committed 14976K, reserved 1048576K
}
Event: 367.217 GC heap before
{Heap before GC invocations=61 (full 0):
 garbage-first heap   total 314368K, used 226985K [0x00000000a0000000, 0x0000000100000000)
  region size 1024K, 64 young (65536K), 8 survivors (8192K)
 Metaspace       used 102317K, capacity 107347K, committed 107400K, reserved 1142784K
  class space    used 13358K, capacity 14930K, committed 14976K, reserved 1048576K
}
Event: 367.236 GC heap after
{Heap after GC invocations=62 (full 0):
 garbage-first heap   total 314368K, used 180433K [0x00000000a0000000, 0x0000000100000000)
  region size 1024K, 8 young (8192K), 8 survivors (8192K)
 Metaspace       used 102317K, capacity 107347K, committed 107400K, reserved 1142784K
  class space    used 13358K, capacity 14930K, committed 14976K, reserved 1048576K
}
Event: 367.852 GC heap before
{Heap before GC invocations=62 (full 0):
 garbage-first heap   total 314368K, used 236753K [0x00000000a0000000, 0x0000000100000000)
  region size 1024K, 63 young (64512K), 8 survivors (8192K)
 Metaspace       used 102489K, capacity 107572K, committed 107656K, reserved 1142784K
  class space    used 13361K, capacity 14934K, committed 14976K, reserved 1048576K
}
Event: 367.910 GC heap after
{Heap after GC invocations=63 (full 0):
 garbage-first heap   total 314368K, used 194216K [0x00000000a0000000, 0x0000000100000000)
  region size 1024K, 8 young (8192K), 8 survivors (8192K)
 Metaspace       used 102489K, capacity 107572K, committed 107656K, reserved 1142784K
  class space    used 13361K, capacity 14934K, committed 14976K, reserved 1048576K
}

Deoptimization events (20 events):
Event: 367.689 Thread 0x0000011f5019a000 DEOPT PACKING pc=0x0000011f3c6eab89 sp=0x0000001f0b2f8a10
Event: 367.689 Thread 0x0000011f5019a000 DEOPT UNPACKING pc=0x0000011f3a24a95e sp=0x0000001f0b2f7ea8 mode 0
Event: 368.107 Thread 0x0000011f5019a000 Uncommon trap: trap_request=0xffffffbe fr.pc=0x0000011f428389c8 relative=0x00000000000067e8
Event: 368.107 Thread 0x0000011f5019a000 Uncommon trap: reason=profile_predicate action=maybe_recompile pc=0x0000011f428389c8 method=org.gradle.api.internal.artifacts.ivyservice.resolveengine.ComponentResolversChain$DependencyToComponentIdResolverChain.resolve(Lorg/gradle/internal/component/mode
Event: 368.107 Thread 0x0000011f5019a000 DEOPT PACKING pc=0x0000011f428389c8 sp=0x0000001f0b2fa210
Event: 368.107 Thread 0x0000011f5019a000 DEOPT UNPACKING pc=0x0000011f3a24a1af sp=0x0000001f0b2f9e20 mode 2
Event: 368.121 Thread 0x0000011f5019a000 Uncommon trap: trap_request=0xffffffbe fr.pc=0x0000011f428389c8 relative=0x00000000000067e8
Event: 368.121 Thread 0x0000011f5019a000 Uncommon trap: reason=profile_predicate action=maybe_recompile pc=0x0000011f428389c8 method=org.gradle.api.internal.artifacts.ivyservice.resolveengine.ComponentResolversChain$DependencyToComponentIdResolverChain.resolve(Lorg/gradle/internal/component/mode
Event: 368.121 Thread 0x0000011f5019a000 DEOPT PACKING pc=0x0000011f428389c8 sp=0x0000001f0b2fa210
Event: 368.121 Thread 0x0000011f5019a000 DEOPT UNPACKING pc=0x0000011f3a24a1af sp=0x0000001f0b2f9e20 mode 2
Event: 368.172 Thread 0x0000011f5019a000 Uncommon trap: trap_request=0xffffffbe fr.pc=0x0000011f428389c8 relative=0x00000000000067e8
Event: 368.172 Thread 0x0000011f5019a000 Uncommon trap: reason=profile_predicate action=maybe_recompile pc=0x0000011f428389c8 method=org.gradle.api.internal.artifacts.ivyservice.resolveengine.ComponentResolversChain$DependencyToComponentIdResolverChain.resolve(Lorg/gradle/internal/component/mode
Event: 368.172 Thread 0x0000011f5019a000 DEOPT PACKING pc=0x0000011f428389c8 sp=0x0000001f0b2fa230
Event: 368.172 Thread 0x0000011f5019a000 DEOPT UNPACKING pc=0x0000011f3a24a1af sp=0x0000001f0b2f9e40 mode 2
Event: 368.197 Thread 0x0000011f5019a000 Uncommon trap: trap_request=0xffffffbe fr.pc=0x0000011f428389c8 relative=0x00000000000067e8
Event: 368.197 Thread 0x0000011f5019a000 Uncommon trap: reason=profile_predicate action=maybe_recompile pc=0x0000011f428389c8 method=org.gradle.api.internal.artifacts.ivyservice.resolveengine.ComponentResolversChain$DependencyToComponentIdResolverChain.resolve(Lorg/gradle/internal/component/mode
Event: 368.197 Thread 0x0000011f5019a000 DEOPT PACKING pc=0x0000011f428389c8 sp=0x0000001f0b2fa200
Event: 368.197 Thread 0x0000011f5019a000 DEOPT UNPACKING pc=0x0000011f3a24a1af sp=0x0000001f0b2f9e10 mode 2
Event: 387.415 Thread 0x0000011f5e5ec800 DEOPT PACKING pc=0x0000011f3b3aae47 sp=0x0000001f12ffe530
Event: 387.415 Thread 0x0000011f5e5ec800 DEOPT UNPACKING pc=0x0000011f3a24a95e sp=0x0000001f12ffdaa8 mode 0

Classes redefined (0 events):
No events

Internal exceptions (20 events):
Event: 85.717 Thread 0x0000011f523e9000 Implicit null exception at 0x0000011f41d06377 to 0x0000011f41d068f0
Event: 85.718 Thread 0x0000011f523e9000 Implicit null exception at 0x0000011f421319f4 to 0x0000011f4213201c
Event: 283.835 Thread 0x0000011f5019a000 Exception <a 'sun/nio/fs/WindowsException'{0x00000000aba85200}> (0x00000000aba85200) thrown at [src/hotspot/share/prims/jni.cpp, line 617]
Event: 283.914 Thread 0x0000011f5019a000 Implicit null exception at 0x0000011f4251cafe to 0x0000011f4251cc10
Event: 285.549 Thread 0x0000011f5019a000 Exception <a 'sun/nio/fs/WindowsException'{0x00000000ab519ae8}> (0x00000000ab519ae8) thrown at [src/hotspot/share/prims/jni.cpp, line 617]
Event: 285.565 Thread 0x0000011f5019a000 Exception <a 'sun/nio/fs/WindowsException'{0x00000000ab5bcf58}> (0x00000000ab5bcf58) thrown at [src/hotspot/share/prims/jni.cpp, line 617]
Event: 285.565 Thread 0x0000011f5019a000 Exception <a 'sun/nio/fs/WindowsException'{0x00000000ab5be2e0}> (0x00000000ab5be2e0) thrown at [src/hotspot/share/prims/jni.cpp, line 617]
Event: 285.565 Thread 0x0000011f5019a000 Exception <a 'sun/nio/fs/WindowsException'{0x00000000ab5bf6b8}> (0x00000000ab5bf6b8) thrown at [src/hotspot/share/prims/jni.cpp, line 617]
Event: 285.565 Thread 0x0000011f5019a000 Exception <a 'sun/nio/fs/WindowsException'{0x00000000ab5c0a90}> (0x00000000ab5c0a90) thrown at [src/hotspot/share/prims/jni.cpp, line 617]
Event: 307.339 Thread 0x0000011f5655f800 Exception <a 'java/lang/reflect/InvocationTargetException'{0x00000000b013ba20}> (0x00000000b013ba20) thrown at [src/hotspot/share/runtime/reflection.cpp, line 1247]
Event: 365.945 Thread 0x0000011f5019a000 Exception <a 'sun/nio/fs/WindowsException'{0x00000000b1dc4fb0}> (0x00000000b1dc4fb0) thrown at [src/hotspot/share/prims/jni.cpp, line 617]
Event: 367.608 Thread 0x0000011f5019a000 Exception <a 'sun/nio/fs/WindowsException'{0x00000000b0ea1218}> (0x00000000b0ea1218) thrown at [src/hotspot/share/prims/jni.cpp, line 617]
Event: 367.621 Thread 0x0000011f5019a000 Exception <a 'sun/nio/fs/WindowsException'{0x00000000b0d3f648}> (0x00000000b0d3f648) thrown at [src/hotspot/share/prims/jni.cpp, line 617]
Event: 367.621 Thread 0x0000011f5019a000 Exception <a 'sun/nio/fs/WindowsException'{0x00000000b0d409d0}> (0x00000000b0d409d0) thrown at [src/hotspot/share/prims/jni.cpp, line 617]
Event: 367.621 Thread 0x0000011f5019a000 Exception <a 'sun/nio/fs/WindowsException'{0x00000000b0d41da8}> (0x00000000b0d41da8) thrown at [src/hotspot/share/prims/jni.cpp, line 617]
Event: 367.621 Thread 0x0000011f5019a000 Exception <a 'sun/nio/fs/WindowsException'{0x00000000b0d43180}> (0x00000000b0d43180) thrown at [src/hotspot/share/prims/jni.cpp, line 617]
Event: 368.106 Thread 0x0000011f5019a000 Implicit null exception at 0x0000011f42832afd to 0x0000011f42838900
Event: 368.121 Thread 0x0000011f5019a000 Implicit null exception at 0x0000011f42832afd to 0x0000011f42838900
Event: 368.172 Thread 0x0000011f5019a000 Implicit null exception at 0x0000011f42832afd to 0x0000011f42838900
Event: 368.197 Thread 0x0000011f5019a000 Implicit null exception at 0x0000011f42832afd to 0x0000011f42838900

Events (20 events):
Event: 368.605 Executing VM operation: RevokeBias done
Event: 368.605 Executing VM operation: RevokeBias
Event: 368.605 Executing VM operation: RevokeBias done
Event: 368.605 Executing VM operation: RevokeBias
Event: 368.606 Executing VM operation: RevokeBias done
Event: 368.606 Executing VM operation: RevokeBias
Event: 368.606 Executing VM operation: RevokeBias done
Event: 368.606 Executing VM operation: RevokeBias
Event: 368.607 Executing VM operation: RevokeBias done
Event: 368.607 Executing VM operation: RevokeBias
Event: 368.607 Executing VM operation: RevokeBias done
Event: 368.608 Executing VM operation: RevokeBias
Event: 368.608 Executing VM operation: RevokeBias done
Event: 368.608 Executing VM operation: RevokeBias
Event: 368.608 Executing VM operation: RevokeBias done
Event: 368.608 Thread 0x0000011f5e5ee000 Thread added: 0x0000011f5e5ee000
Event: 368.619 Thread 0x0000011f5e5ec800 Thread added: 0x0000011f5e5ec800
Event: 368.619 Thread 0x0000011f5e5ed000 Thread added: 0x0000011f5e5ed000
Event: 376.509 Thread 0x0000011f51538800 Thread exited: 0x0000011f51538800
Event: 381.516 Thread 0x0000011f51537800 Thread exited: 0x0000011f51537800


Dynamic libraries:
0x00007ff732410000 - 0x00007ff73241a000 	C:\Program Files\Android\Android Studio\jbr\bin\java.exe
0x00007ffc64b50000 - 0x00007ffc64d47000 	C:\Windows\SYSTEM32\ntdll.dll
0x00007ffc62e30000 - 0x00007ffc62eed000 	C:\Windows\System32\KERNEL32.DLL
0x00007ffc627b0000 - 0x00007ffc62aa6000 	C:\Windows\System32\KERNELBASE.dll
0x00007ffc62ab0000 - 0x00007ffc62bb0000 	C:\Windows\System32\ucrtbase.dll
0x00007ffc41df0000 - 0x00007ffc41e0b000 	C:\Program Files\Android\Android Studio\jbr\bin\VCRUNTIME140.dll
0x00007ffc42370000 - 0x00007ffc42387000 	C:\Program Files\Android\Android Studio\jbr\bin\jli.dll
0x00007ffc64150000 - 0x00007ffc642ee000 	C:\Windows\System32\USER32.dll
0x00007ffc49f70000 - 0x00007ffc4a20a000 	C:\Windows\WinSxS\amd64_microsoft.windows.common-controls_6595b64144ccf1df_6.0.19041.3570_none_60bb2a3971f3e41a\COMCTL32.dll
0x00007ffc62780000 - 0x00007ffc627a2000 	C:\Windows\System32\win32u.dll
0x00007ffc635e0000 - 0x00007ffc6367e000 	C:\Windows\System32\msvcrt.dll
0x00007ffc642f0000 - 0x00007ffc6431c000 	C:\Windows\System32\GDI32.dll
0x00007ffc622a0000 - 0x00007ffc623ba000 	C:\Windows\System32\gdi32full.dll
0x00007ffc62690000 - 0x00007ffc6272d000 	C:\Windows\System32\msvcp_win.dll
0x00007ffc62ce0000 - 0x00007ffc62d10000 	C:\Windows\System32\IMM32.DLL
0x00007ffc443e0000 - 0x00007ffc443ec000 	C:\Program Files\Android\Android Studio\jbr\bin\vcruntime140_1.dll
0x00007ffc2a250000 - 0x00007ffc2a2dd000 	C:\Program Files\Android\Android Studio\jbr\bin\msvcp140.dll
0x00007ffc190d0000 - 0x00007ffc19c8c000 	C:\Program Files\Android\Android Studio\jbr\bin\server\jvm.dll
0x00007ffc62c30000 - 0x00007ffc62cde000 	C:\Windows\System32\ADVAPI32.dll
0x00007ffc64380000 - 0x00007ffc6441c000 	C:\Windows\System32\sechost.dll
0x00007ffc62f00000 - 0x00007ffc63026000 	C:\Windows\System32\RPCRT4.dll
0x00007ffc64140000 - 0x00007ffc64148000 	C:\Windows\System32\PSAPI.DLL
0x00007ffc5fa80000 - 0x00007ffc5fa89000 	C:\Windows\SYSTEM32\WSOCK32.dll
0x00007ffc636e0000 - 0x00007ffc6374b000 	C:\Windows\System32\WS2_32.dll
0x00007ffc513e0000 - 0x00007ffc51407000 	C:\Windows\SYSTEM32\WINMM.dll
0x00007ffc5c9c0000 - 0x00007ffc5c9ca000 	C:\Windows\SYSTEM32\VERSION.dll
0x00007ffc600f0000 - 0x00007ffc60102000 	C:\Windows\SYSTEM32\kernel.appcore.dll
0x00007ffc5eb60000 - 0x00007ffc5eb70000 	C:\Program Files\Android\Android Studio\jbr\bin\verify.dll
0x00007ffc4caf0000 - 0x00007ffc4ccd4000 	C:\Windows\SYSTEM32\DBGHELP.DLL
0x00007ffc4a600000 - 0x00007ffc4a634000 	C:\Windows\SYSTEM32\dbgcore.DLL
0x00007ffc623c0000 - 0x00007ffc62442000 	C:\Windows\System32\bcryptPrimitives.dll
0x00007ffc50d30000 - 0x00007ffc50d58000 	C:\Program Files\Android\Android Studio\jbr\bin\java.dll
0x00007ffc5eb50000 - 0x00007ffc5eb5a000 	C:\Program Files\Android\Android Studio\jbr\bin\jimage.dll
0x00007ffc5a7b0000 - 0x00007ffc5a7c8000 	C:\Program Files\Android\Android Studio\jbr\bin\zip.dll
0x00007ffc63750000 - 0x00007ffc63e94000 	C:\Windows\System32\SHELL32.dll
0x00007ffc602f0000 - 0x00007ffc60a8b000 	C:\Windows\SYSTEM32\windows.storage.dll
0x00007ffc644d0000 - 0x00007ffc64824000 	C:\Windows\System32\combase.dll
0x00007ffc61c70000 - 0x00007ffc61c9d000 	C:\Windows\SYSTEM32\Wldp.dll
0x00007ffc64420000 - 0x00007ffc644cd000 	C:\Windows\System32\SHCORE.dll
0x00007ffc63680000 - 0x00007ffc636d5000 	C:\Windows\System32\shlwapi.dll
0x00007ffc62160000 - 0x00007ffc62185000 	C:\Windows\SYSTEM32\profapi.dll
0x00007ffc59ba0000 - 0x00007ffc59bb9000 	C:\Program Files\Android\Android Studio\jbr\bin\net.dll
0x00007ffc5b760000 - 0x00007ffc5b86a000 	C:\Windows\SYSTEM32\WINHTTP.dll
0x00007ffc61960000 - 0x00007ffc619ca000 	C:\Windows\system32\mswsock.dll
0x00007ffc50ce0000 - 0x00007ffc50cf3000 	C:\Program Files\Android\Android Studio\jbr\bin\nio.dll
0x00007ffc40690000 - 0x00007ffc406b7000 	C:\Users\Muzaffar\.gradle\native\e1d6ef7f7dcc3fd88c89a11ec53ec762bb8ba0a96d01ffa2cd45eb1d1d8dd5c5\windows-amd64\native-platform.dll
0x00007ffc19f10000 - 0x00007ffc1a054000 	C:\Users\Muzaffar\.gradle\native\0d407fdbe67a94daf76414ababcb853783967236a71b16ec16e742cd7a986fd3\windows-amd64\native-platform-file-events.dll
0x00007ffc5eb40000 - 0x00007ffc5eb4a000 	C:\Program Files\Android\Android Studio\jbr\bin\management.dll
0x00007ffc5d790000 - 0x00007ffc5d79b000 	C:\Program Files\Android\Android Studio\jbr\bin\management_ext.dll
0x00007ffc61b50000 - 0x00007ffc61b68000 	C:\Windows\SYSTEM32\CRYPTSP.dll
0x00007ffc61210000 - 0x00007ffc61244000 	C:\Windows\system32\rsaenh.dll
0x00007ffc62660000 - 0x00007ffc62687000 	C:\Windows\System32\bcrypt.dll
0x00007ffc62120000 - 0x00007ffc6214e000 	C:\Windows\SYSTEM32\USERENV.dll
0x00007ffc61b70000 - 0x00007ffc61b7c000 	C:\Windows\SYSTEM32\CRYPTBASE.dll
0x00007ffc615f0000 - 0x00007ffc6162b000 	C:\Windows\SYSTEM32\IPHLPAPI.DLL
0x00007ffc63030000 - 0x00007ffc63038000 	C:\Windows\System32\NSI.dll
0x00007ffc5bdb0000 - 0x00007ffc5bdc7000 	C:\Windows\SYSTEM32\dhcpcsvc6.DLL
0x00007ffc5c1e0000 - 0x00007ffc5c1fd000 	C:\Windows\SYSTEM32\dhcpcsvc.DLL
0x00007ffc61630000 - 0x00007ffc616fa000 	C:\Windows\SYSTEM32\DNSAPI.dll
0x00007ffc37cd0000 - 0x00007ffc37ce7000 	C:\Windows\system32\napinsp.dll
0x00007ffc37610000 - 0x00007ffc3762b000 	C:\Windows\system32\pnrpnsp.dll
0x00007ffc433c0000 - 0x00007ffc433d5000 	C:\Windows\system32\wshbth.dll
0x00007ffc5dd10000 - 0x00007ffc5dd2d000 	C:\Windows\system32\NLAapi.dll
0x00007ffc375f0000 - 0x00007ffc37602000 	C:\Windows\System32\winrnr.dll
0x00007ffc4f950000 - 0x00007ffc4f95a000 	C:\Windows\System32\rasadhlp.dll
0x00007ffc50750000 - 0x00007ffc507d2000 	C:\Windows\System32\fwpuclnt.dll

dbghelp: loaded successfully - version: 4.0.5 - missing functions: none
symbol engine: initialized successfully - sym options: 0x614 - pdb path: .;C:\Program Files\Android\Android Studio\jbr\bin;C:\Windows\SYSTEM32;C:\Windows\WinSxS\amd64_microsoft.windows.common-controls_6595b64144ccf1df_6.0.19041.3570_none_60bb2a3971f3e41a;C:\Program Files\Android\Android Studio\jbr\bin\server;C:\Users\Muzaffar\.gradle\native\e1d6ef7f7dcc3fd88c89a11ec53ec762bb8ba0a96d01ffa2cd45eb1d1d8dd5c5\windows-amd64;C:\Users\Muzaffar\.gradle\native\0d407fdbe67a94daf76414ababcb853783967236a71b16ec16e742cd7a986fd3\windows-amd64

VM Arguments:
jvm_args: --add-opens=java.base/java.util=ALL-UNNAMED --add-opens=java.base/java.lang=ALL-UNNAMED --add-opens=java.base/java.lang.invoke=ALL-UNNAMED --add-opens=java.base/java.util=ALL-UNNAMED --add-opens=java.prefs/java.util.prefs=ALL-UNNAMED --add-opens=java.prefs/java.util.prefs=ALL-UNNAMED --add-opens=java.base/java.nio.charset=ALL-UNNAMED --add-opens=java.base/java.net=ALL-UNNAMED --add-opens=java.base/java.util.concurrent.atomic=ALL-UNNAMED -Xmx1536M -Dfile.encoding=windows-1252 -Duser.country=US -Duser.language=en -Duser.variant 
java_command: org.gradle.launcher.daemon.bootstrap.GradleDaemon 7.5
java_class_path (initial): C:\Users\Muzaffar\.gradle\wrapper\dists\gradle-7.5-all\6qsw290k5lz422uaf8jf6m7co\gradle-7.5\lib\gradle-launcher-7.5.jar
Launcher Type: SUN_STANDARD

[Global flags]
     intx CICompilerCount                          = 4                                         {product} {ergonomic}
     uint ConcGCThreads                            = 2                                         {product} {ergonomic}
     uint G1ConcRefinementThreads                  = 8                                         {product} {ergonomic}
   size_t G1HeapRegionSize                         = 1048576                                   {product} {ergonomic}
    uintx GCDrainStackTargetSize                   = 64                                        {product} {ergonomic}
   size_t InitialHeapSize                          = 201326592                                 {product} {ergonomic}
   size_t MarkStackSize                            = 4194304                                   {product} {ergonomic}
   size_t MaxHeapSize                              = 1610612736                                {product} {command line}
   size_t MaxNewSize                               = 965738496                                 {product} {ergonomic}
   size_t MinHeapDeltaBytes                        = 1048576                                   {product} {ergonomic}
    uintx NonNMethodCodeHeapSize                   = 5836300                                {pd product} {ergonomic}
    uintx NonProfiledCodeHeapSize                  = 122910970                              {pd product} {ergonomic}
    uintx ProfiledCodeHeapSize                     = 122910970                              {pd product} {ergonomic}
    uintx ReservedCodeCacheSize                    = 251658240                              {pd product} {ergonomic}
     bool SegmentedCodeCache                       = true                                      {product} {ergonomic}
     bool UseCompressedClassPointers               = true                                 {lp64_product} {ergonomic}
     bool UseCompressedOops                        = true                                 {lp64_product} {ergonomic}
     bool UseG1GC                                  = true                                      {product} {ergonomic}
     bool UseLargePagesIndividualAllocation        = false                                  {pd product} {ergonomic}

Logging:
Log output configuration:
 #0: stdout all=warning uptime,level,tags
 #1: stderr all=off uptime,level,tags

Environment Variables:
JAVA_HOME=C:\Program Files\Android\Android Studio\jbr
CLASSPATH=F:\Abubakar Work\ENGAPP\android\\gradle\wrapper\gradle-wrapper.jar
PATH=C:\Program Files\Android\Android Studio\jbr\bin;C:\Python311\Scripts\;C:\Python311\;C:\Program Files (x86)\Common Files\Intel\Shared Libraries\redist\intel64\compiler;C:\Windows\system32;C:\Windows;C:\Windows\System32\Wbem;C:\Windows\System32\WindowsPowerShell\v1.0\;C:\Windows\System32\OpenSSH\;C:\Program Files (x86)\NVIDIA Corporation\PhysX\Common;C:\Program Files\NVIDIA Corporation\NVIDIA NvDLISR;C:\Program Files\dotnet\;C:\Program Files (x86)\QuickTime\QTSystem\;C:\Program Files\Git\cmd;C:\Program Files\nodejs\;C:\ProgramData\chocolatey\bin;C:\Program Files\Go\bin;C:\Users\Muzaffar\AppData\Local\Microsoft\WindowsApps;C:\Users\Muzaffar\AppData\Local\Programs\Microsoft VS Code\bin;C:\Users\Muzaffar\AppData\Roaming\npm;C:\Users\Muzaffar\go\bin;F:\flutter_windows_3.13.8-stable\flutter\bin;;F:\flutter_windows_3.13.8-stable\flutter\bin\mingit\cmd
USERNAME=Muzaffar
OS=Windows_NT
PROCESSOR_IDENTIFIER=Intel64 Family 6 Model 42 Stepping 7, GenuineIntel



---------------  S Y S T E M  ---------------

OS: Windows 10 , 64 bit Build 19041 (10.0.19041.3570)
OS uptime: 0 days 23:06 hours

CPU:total 8 (initial active 8) (4 cores per cpu, 2 threads per core) family 6 model 42 stepping 7 microcode 0x2f, cmov, cx8, fxsr, mmx, sse, sse2, sse3, ssse3, sse4.1, sse4.2, popcnt, avx, aes, clmul, ht, tsc, tscinvbit

Memory: 4k page, system-wide physical 12244M (522M free)
TotalPageFile size 16340M (AvailPageFile size 2M)
current process WorkingSet (physical memory assigned to process): 556M, peak: 619M
current process commit charge ("private bytes"): 647M, peak: 711M

vm_info: OpenJDK 64-Bit Server VM (11.0.15+0-b2043.56-9505619) for windows-amd64 JRE (11.0.15+0-b2043.56-9505619), built on Jan 19 2023 02:48:00 by "builduser" with unknown MS VC++:1929

END.
