#
# There is insufficient memory for the Java Runtime Environment to continue.
# Native memory allocation (malloc) failed to allocate 171376 bytes for Chunk::new
# Possible reasons:
#   The system is out of physical RAM or swap space
#   The process is running with CompressedOops enabled, and the Java Heap may be blocking the growth of the native heap
# Possible solutions:
#   Reduce memory load on the system
#   Increase physical memory or swap space
#   Check if swap backing store is full
#   Decrease Java heap size (-Xmx/-Xms)
#   Decrease number of Java threads
#   Decrease Java thread stack sizes (-Xss)
#   Set larger code cache with -XX:ReservedCodeCacheSize=
#   JVM is running with Zero Based Compressed Oops mode in which the Java heap is
#     placed in the first 32GB address space. The Java Heap base address is the
#     maximum limit for the native heap growth. Please use -XX:HeapBaseMinAddress
#     to set the Java Heap base and to place the Java Heap above 32GB virtual address.
# This output file may be truncated or incomplete.
#
#  Out of Memory Error (src/hotspot/share/memory/arena.cpp:197), pid=4352, tid=4544
#
# JRE version: OpenJDK Runtime Environment (11.0.15) (build 11.0.15+0-b2043.56-9505619)
# Java VM: OpenJDK 64-Bit Server VM (11.0.15+0-b2043.56-9505619, mixed mode, tiered, compressed oops, g1 gc, windows-amd64)
# No core dump will be written. Minidumps are not enabled by default on client versions of Windows
#

---------------  S U M M A R Y ------------

Command Line: -Dorg.gradle.appname=gradlew org.gradle.wrapper.GradleWrapperMain -q -Ptarget-platform=android-x64 -Ptarget=F:\Abubakar Work\ENGAPP\lib\main.dart -Pbase-application-name=android.app.Application -Pdart-defines=Zmx1dHRlci5pbnNwZWN0b3Iuc3RydWN0dXJlZEVycm9ycz10cnVl,RkxVVFRFUl9XRUJfQVVUT19ERVRFQ1Q9dHJ1ZQ==,RkxVVFRFUl9XRUJfQ0FOVkFTS0lUX1VSTD1odHRwczovL3d3dy5nc3RhdGljLmNvbS9mbHV0dGVyLWNhbnZhc2tpdC83NjdkOGM3NWU4OTgwOTFiOTI1NTE5ODAzODMwZmMyNzIxNjU4ZDA3Lw== -Pdart-obfuscation=false -Ptrack-widget-creation=true -Ptree-shake-icons=false -Pfilesystem-scheme=org-dartlang-root assembleDebug

Host: Intel(R) Core(TM) i7-2600 CPU @ 3.40GHz, 8 cores, 11G,  Windows 10 , 64 bit Build 19041 (10.0.19041.3570)
Time: Thu Oct 26 01:07:28 2023 Pakistan Standard Time elapsed time: 23.711165 seconds (0d 0h 0m 23s)

---------------  T H R E A D  ---------------

Current thread (0x000001e15c951800):  JavaThread "C2 CompilerThread0" daemon [_thread_in_native, id=4544, stack(0x0000002560f00000,0x0000002561000000)]


Current CompileTask:
C2:  23711 1186 % !   4       java.io.BufferedReader::readLine @ 131 (304 bytes)

Stack: [0x0000002560f00000,0x0000002561000000]
Native frames: (J=compiled Java code, j=interpreted, Vv=VM code, C=native code)
V  [jvm.dll+0x64135a]
V  [jvm.dll+0x7d39f9]
V  [jvm.dll+0x7d51b9]
V  [jvm.dll+0x7d58a3]
V  [jvm.dll+0x2691c5]
V  [jvm.dll+0xc1a5c]
V  [jvm.dll+0xc200c]
V  [jvm.dll+0x2da2c2]
V  [jvm.dll+0x54cad9]
V  [jvm.dll+0x22a011]
V  [jvm.dll+0x223809]
V  [jvm.dll+0x220384]
V  [jvm.dll+0x19e851]
V  [jvm.dll+0x230479]
V  [jvm.dll+0x22e5ef]
V  [jvm.dll+0x794de1]
V  [jvm.dll+0x78dc24]
V  [jvm.dll+0x6400f6]
C  [ucrtbase.dll+0x21bb2]
C  [KERNEL32.DLL+0x17344]
C  [ntdll.dll+0x526b1]


---------------  P R O C E S S  ---------------

Threads class SMR info:
_java_thread_list=0x000001e15d543de0, length=13, elements={
0x000001e13f664000, 0x000001e15c911800, 0x000001e15c912800, 0x000001e15c94b000,
0x000001e15c94e000, 0x000001e15c94f000, 0x000001e15c951800, 0x000001e15c953800,
0x000001e15c9a5800, 0x000001e15cb16000, 0x000001e15d7ab800, 0x000001e15d716800,
0x000001e15da47800
}

Java Threads: ( => current thread )
  0x000001e13f664000 JavaThread "main" [_thread_blocked, id=17120, stack(0x0000002560300000,0x0000002560400000)]
  0x000001e15c911800 JavaThread "Reference Handler" daemon [_thread_blocked, id=15124, stack(0x0000002560a00000,0x0000002560b00000)]
  0x000001e15c912800 JavaThread "Finalizer" daemon [_thread_blocked, id=1208, stack(0x0000002560b00000,0x0000002560c00000)]
  0x000001e15c94b000 JavaThread "Signal Dispatcher" daemon [_thread_blocked, id=15912, stack(0x0000002560c00000,0x0000002560d00000)]
  0x000001e15c94e000 JavaThread "Attach Listener" daemon [_thread_blocked, id=1328, stack(0x0000002560d00000,0x0000002560e00000)]
  0x000001e15c94f000 JavaThread "Service Thread" daemon [_thread_blocked, id=17328, stack(0x0000002560e00000,0x0000002560f00000)]
=>0x000001e15c951800 JavaThread "C2 CompilerThread0" daemon [_thread_in_native, id=4544, stack(0x0000002560f00000,0x0000002561000000)]
  0x000001e15c953800 JavaThread "C1 CompilerThread0" daemon [_thread_blocked, id=10660, stack(0x0000002561000000,0x0000002561100000)]
  0x000001e15c9a5800 JavaThread "Sweeper thread" daemon [_thread_blocked, id=5524, stack(0x0000002561100000,0x0000002561200000)]
  0x000001e15cb16000 JavaThread "Common-Cleaner" daemon [_thread_blocked, id=3408, stack(0x0000002561300000,0x0000002561400000)]
  0x000001e15d7ab800 JavaThread "pool-1-thread-1" [_thread_in_native, id=9820, stack(0x0000002561800000,0x0000002561900000)]
  0x000001e15d716800 JavaThread "DisconnectableInputStream source reader" daemon [_thread_in_native, id=7176, stack(0x0000002561900000,0x0000002561a00000)]
  0x000001e15da47800 JavaThread "Forward input" [_thread_blocked, id=10852, stack(0x0000002561a00000,0x0000002561b00000)]

Other Threads:
  0x000001e15c90f800 VMThread "VM Thread" [stack: 0x0000002560900000,0x0000002560a00000] [id=4380]
  0x000001e15cb0d000 WatcherThread [stack: 0x0000002561200000,0x0000002561300000] [id=16900]
  0x000001e13f67a000 GCTaskThread "GC Thread#0" [stack: 0x0000002560400000,0x0000002560500000] [id=11840]
  0x000001e15cee3000 GCTaskThread "GC Thread#1" [stack: 0x0000002561500000,0x0000002561600000] [id=1104]
  0x000001e15d755000 GCTaskThread "GC Thread#2" [stack: 0x0000002561600000,0x0000002561700000] [id=4572]
  0x000001e15d98e800 GCTaskThread "GC Thread#3" [stack: 0x0000002561700000,0x0000002561800000] [id=14500]
  0x000001e13f6c4800 ConcurrentGCThread "G1 Main Marker" [stack: 0x0000002560500000,0x0000002560600000] [id=10912]
  0x000001e13f6c6000 ConcurrentGCThread "G1 Conc#0" [stack: 0x0000002560600000,0x0000002560700000] [id=14508]
  0x000001e13f72e000 ConcurrentGCThread "G1 Refine#0" [stack: 0x0000002560700000,0x0000002560800000] [id=14288]
  0x000001e15bf7b800 ConcurrentGCThread "G1 Young RemSet Sampling" [stack: 0x0000002560800000,0x0000002560900000] [id=4628]

Threads with active compile tasks:
C2 CompilerThread0    23737 1186 % !   4       java.io.BufferedReader::readLine @ 131 (304 bytes)

VM state:not at safepoint (normal execution)

VM Mutex/Monitor currently owned by a thread: None

Heap address: 0x0000000740a00000, size: 3062 MB, Compressed Oops mode: Zero based, Oop shift amount: 3
Narrow klass base: 0x0000000800000000, Narrow klass shift: 0
Compressed class space size: 1073741824 Address: 0x0000000800000000

Heap:
 garbage-first heap   total 196608K, used 27693K [0x0000000740a00000, 0x0000000800000000)
  region size 1024K, 22 young (22528K), 3 survivors (3072K)
 Metaspace       used 15044K, capacity 15336K, committed 15488K, reserved 1062912K
  class space    used 1724K, capacity 1839K, committed 1920K, reserved 1048576K
Heap Regions: E=young(eden), S=young(survivor), O=old, HS=humongous(starts), HC=humongous(continues), CS=collection set, F=free, A=archive, TAMS=top-at-mark-start (previous, next)
|   0|0x0000000740a00000, 0x0000000740a00000, 0x0000000740b00000|  0%| F|  |TAMS 0x0000000740a00000, 0x0000000740a00000| Untracked 
|   1|0x0000000740b00000, 0x0000000740b00000, 0x0000000740c00000|  0%| F|  |TAMS 0x0000000740b00000, 0x0000000740b00000| Untracked 
|   2|0x0000000740c00000, 0x0000000740c00000, 0x0000000740d00000|  0%| F|  |TAMS 0x0000000740c00000, 0x0000000740c00000| Untracked 
|   3|0x0000000740d00000, 0x0000000740e00000, 0x0000000740e00000|100%|HS|  |TAMS 0x0000000740d00000, 0x0000000740d00000| Complete 
|   4|0x0000000740e00000, 0x0000000740f00000, 0x0000000740f00000|100%|HC|  |TAMS 0x0000000740e00000, 0x0000000740e00000| Complete 
|   5|0x0000000740f00000, 0x0000000741000000, 0x0000000741000000|100%|HC|  |TAMS 0x0000000740f00000, 0x0000000740f00000| Complete 
|   6|0x0000000741000000, 0x0000000741100000, 0x0000000741100000|100%| O|  |TAMS 0x0000000741000000, 0x0000000741000000| Untracked 
|   7|0x0000000741100000, 0x0000000741200000, 0x0000000741200000|100%| O|  |TAMS 0x0000000741100000, 0x0000000741100000| Untracked 
|   8|0x0000000741200000, 0x0000000741300000, 0x0000000741300000|100%| O|  |TAMS 0x0000000741200000, 0x0000000741200000| Untracked 
|   9|0x0000000741300000, 0x000000074130b600, 0x0000000741400000|  4%| O|  |TAMS 0x0000000741300000, 0x0000000741300000| Untracked 
|  10|0x0000000741400000, 0x0000000741400000, 0x0000000741500000|  0%| F|  |TAMS 0x0000000741400000, 0x0000000741400000| Untracked 
|  11|0x0000000741500000, 0x0000000741500000, 0x0000000741600000|  0%| F|  |TAMS 0x0000000741500000, 0x0000000741500000| Untracked 
|  12|0x0000000741600000, 0x0000000741600000, 0x0000000741700000|  0%| F|  |TAMS 0x0000000741600000, 0x0000000741600000| Untracked 
|  13|0x0000000741700000, 0x0000000741700000, 0x0000000741800000|  0%| F|  |TAMS 0x0000000741700000, 0x0000000741700000| Untracked 
|  14|0x0000000741800000, 0x0000000741800000, 0x0000000741900000|  0%| F|  |TAMS 0x0000000741800000, 0x0000000741800000| Untracked 
|  15|0x0000000741900000, 0x0000000741900000, 0x0000000741a00000|  0%| F|  |TAMS 0x0000000741900000, 0x0000000741900000| Untracked 
|  16|0x0000000741a00000, 0x0000000741a00000, 0x0000000741b00000|  0%| F|  |TAMS 0x0000000741a00000, 0x0000000741a00000| Untracked 
|  17|0x0000000741b00000, 0x0000000741b00000, 0x0000000741c00000|  0%| F|  |TAMS 0x0000000741b00000, 0x0000000741b00000| Untracked 
|  18|0x0000000741c00000, 0x0000000741c00000, 0x0000000741d00000|  0%| F|  |TAMS 0x0000000741c00000, 0x0000000741c00000| Untracked 
|  19|0x0000000741d00000, 0x0000000741d00000, 0x0000000741e00000|  0%| F|  |TAMS 0x0000000741d00000, 0x0000000741d00000| Untracked 
|  20|0x0000000741e00000, 0x0000000741e00000, 0x0000000741f00000|  0%| F|  |TAMS 0x0000000741e00000, 0x0000000741e00000| Untracked 
|  21|0x0000000741f00000, 0x0000000741f00000, 0x0000000742000000|  0%| F|  |TAMS 0x0000000741f00000, 0x0000000741f00000| Untracked 
|  22|0x0000000742000000, 0x0000000742000000, 0x0000000742100000|  0%| F|  |TAMS 0x0000000742000000, 0x0000000742000000| Untracked 
|  23|0x0000000742100000, 0x0000000742100000, 0x0000000742200000|  0%| F|  |TAMS 0x0000000742100000, 0x0000000742100000| Untracked 
|  24|0x0000000742200000, 0x0000000742200000, 0x0000000742300000|  0%| F|  |TAMS 0x0000000742200000, 0x0000000742200000| Untracked 
|  25|0x0000000742300000, 0x0000000742300000, 0x0000000742400000|  0%| F|  |TAMS 0x0000000742300000, 0x0000000742300000| Untracked 
|  26|0x0000000742400000, 0x0000000742400000, 0x0000000742500000|  0%| F|  |TAMS 0x0000000742400000, 0x0000000742400000| Untracked 
|  27|0x0000000742500000, 0x0000000742500000, 0x0000000742600000|  0%| F|  |TAMS 0x0000000742500000, 0x0000000742500000| Untracked 
|  28|0x0000000742600000, 0x0000000742600000, 0x0000000742700000|  0%| F|  |TAMS 0x0000000742600000, 0x0000000742600000| Untracked 
|  29|0x0000000742700000, 0x0000000742700000, 0x0000000742800000|  0%| F|  |TAMS 0x0000000742700000, 0x0000000742700000| Untracked 
|  30|0x0000000742800000, 0x0000000742800000, 0x0000000742900000|  0%| F|  |TAMS 0x0000000742800000, 0x0000000742800000| Untracked 
|  31|0x0000000742900000, 0x0000000742900000, 0x0000000742a00000|  0%| F|  |TAMS 0x0000000742900000, 0x0000000742900000| Untracked 
|  32|0x0000000742a00000, 0x0000000742a00000, 0x0000000742b00000|  0%| F|  |TAMS 0x0000000742a00000, 0x0000000742a00000| Untracked 
|  33|0x0000000742b00000, 0x0000000742b00000, 0x0000000742c00000|  0%| F|  |TAMS 0x0000000742b00000, 0x0000000742b00000| Untracked 
|  34|0x0000000742c00000, 0x0000000742c00000, 0x0000000742d00000|  0%| F|  |TAMS 0x0000000742c00000, 0x0000000742c00000| Untracked 
|  35|0x0000000742d00000, 0x0000000742d00000, 0x0000000742e00000|  0%| F|  |TAMS 0x0000000742d00000, 0x0000000742d00000| Untracked 
|  36|0x0000000742e00000, 0x0000000742e00000, 0x0000000742f00000|  0%| F|  |TAMS 0x0000000742e00000, 0x0000000742e00000| Untracked 
|  37|0x0000000742f00000, 0x0000000742f00000, 0x0000000743000000|  0%| F|  |TAMS 0x0000000742f00000, 0x0000000742f00000| Untracked 
|  38|0x0000000743000000, 0x0000000743000000, 0x0000000743100000|  0%| F|  |TAMS 0x0000000743000000, 0x0000000743000000| Untracked 
|  39|0x0000000743100000, 0x0000000743100000, 0x0000000743200000|  0%| F|  |TAMS 0x0000000743100000, 0x0000000743100000| Untracked 
|  40|0x0000000743200000, 0x0000000743200000, 0x0000000743300000|  0%| F|  |TAMS 0x0000000743200000, 0x0000000743200000| Untracked 
|  41|0x0000000743300000, 0x0000000743300000, 0x0000000743400000|  0%| F|  |TAMS 0x0000000743300000, 0x0000000743300000| Untracked 
|  42|0x0000000743400000, 0x0000000743400000, 0x0000000743500000|  0%| F|  |TAMS 0x0000000743400000, 0x0000000743400000| Untracked 
|  43|0x0000000743500000, 0x0000000743500000, 0x0000000743600000|  0%| F|  |TAMS 0x0000000743500000, 0x0000000743500000| Untracked 
|  44|0x0000000743600000, 0x0000000743600000, 0x0000000743700000|  0%| F|  |TAMS 0x0000000743600000, 0x0000000743600000| Untracked 
|  45|0x0000000743700000, 0x0000000743700000, 0x0000000743800000|  0%| F|  |TAMS 0x0000000743700000, 0x0000000743700000| Untracked 
|  46|0x0000000743800000, 0x0000000743800000, 0x0000000743900000|  0%| F|  |TAMS 0x0000000743800000, 0x0000000743800000| Untracked 
|  47|0x0000000743900000, 0x0000000743900000, 0x0000000743a00000|  0%| F|  |TAMS 0x0000000743900000, 0x0000000743900000| Untracked 
|  48|0x0000000743a00000, 0x0000000743a00000, 0x0000000743b00000|  0%| F|  |TAMS 0x0000000743a00000, 0x0000000743a00000| Untracked 
|  49|0x0000000743b00000, 0x0000000743b00000, 0x0000000743c00000|  0%| F|  |TAMS 0x0000000743b00000, 0x0000000743b00000| Untracked 
|  50|0x0000000743c00000, 0x0000000743c00000, 0x0000000743d00000|  0%| F|  |TAMS 0x0000000743c00000, 0x0000000743c00000| Untracked 
|  51|0x0000000743d00000, 0x0000000743d00000, 0x0000000743e00000|  0%| F|  |TAMS 0x0000000743d00000, 0x0000000743d00000| Untracked 
|  52|0x0000000743e00000, 0x0000000743e00000, 0x0000000743f00000|  0%| F|  |TAMS 0x0000000743e00000, 0x0000000743e00000| Untracked 
|  53|0x0000000743f00000, 0x0000000743f00000, 0x0000000744000000|  0%| F|  |TAMS 0x0000000743f00000, 0x0000000743f00000| Untracked 
|  54|0x0000000744000000, 0x0000000744000000, 0x0000000744100000|  0%| F|  |TAMS 0x0000000744000000, 0x0000000744000000| Untracked 
|  55|0x0000000744100000, 0x0000000744100000, 0x0000000744200000|  0%| F|  |TAMS 0x0000000744100000, 0x0000000744100000| Untracked 
|  56|0x0000000744200000, 0x0000000744200000, 0x0000000744300000|  0%| F|  |TAMS 0x0000000744200000, 0x0000000744200000| Untracked 
|  57|0x0000000744300000, 0x0000000744300000, 0x0000000744400000|  0%| F|  |TAMS 0x0000000744300000, 0x0000000744300000| Untracked 
|  58|0x0000000744400000, 0x0000000744400000, 0x0000000744500000|  0%| F|  |TAMS 0x0000000744400000, 0x0000000744400000| Untracked 
|  59|0x0000000744500000, 0x0000000744500000, 0x0000000744600000|  0%| F|  |TAMS 0x0000000744500000, 0x0000000744500000| Untracked 
|  60|0x0000000744600000, 0x0000000744600000, 0x0000000744700000|  0%| F|  |TAMS 0x0000000744600000, 0x0000000744600000| Untracked 
|  61|0x0000000744700000, 0x0000000744700000, 0x0000000744800000|  0%| F|  |TAMS 0x0000000744700000, 0x0000000744700000| Untracked 
|  62|0x0000000744800000, 0x0000000744800000, 0x0000000744900000|  0%| F|  |TAMS 0x0000000744800000, 0x0000000744800000| Untracked 
|  63|0x0000000744900000, 0x0000000744900000, 0x0000000744a00000|  0%| F|  |TAMS 0x0000000744900000, 0x0000000744900000| Untracked 
|  64|0x0000000744a00000, 0x0000000744a00000, 0x0000000744b00000|  0%| F|  |TAMS 0x0000000744a00000, 0x0000000744a00000| Untracked 
|  65|0x0000000744b00000, 0x0000000744b00000, 0x0000000744c00000|  0%| F|  |TAMS 0x0000000744b00000, 0x0000000744b00000| Untracked 
|  66|0x0000000744c00000, 0x0000000744c00000, 0x0000000744d00000|  0%| F|  |TAMS 0x0000000744c00000, 0x0000000744c00000| Untracked 
|  67|0x0000000744d00000, 0x0000000744d00000, 0x0000000744e00000|  0%| F|  |TAMS 0x0000000744d00000, 0x0000000744d00000| Untracked 
|  68|0x0000000744e00000, 0x0000000744e00000, 0x0000000744f00000|  0%| F|  |TAMS 0x0000000744e00000, 0x0000000744e00000| Untracked 
|  69|0x0000000744f00000, 0x0000000744f00000, 0x0000000745000000|  0%| F|  |TAMS 0x0000000744f00000, 0x0000000744f00000| Untracked 
|  70|0x0000000745000000, 0x0000000745000000, 0x0000000745100000|  0%| F|  |TAMS 0x0000000745000000, 0x0000000745000000| Untracked 
|  71|0x0000000745100000, 0x0000000745100000, 0x0000000745200000|  0%| F|  |TAMS 0x0000000745100000, 0x0000000745100000| Untracked 
|  72|0x0000000745200000, 0x0000000745200000, 0x0000000745300000|  0%| F|  |TAMS 0x0000000745200000, 0x0000000745200000| Untracked 
|  73|0x0000000745300000, 0x0000000745300000, 0x0000000745400000|  0%| F|  |TAMS 0x0000000745300000, 0x0000000745300000| Untracked 
|  74|0x0000000745400000, 0x0000000745400000, 0x0000000745500000|  0%| F|  |TAMS 0x0000000745400000, 0x0000000745400000| Untracked 
|  75|0x0000000745500000, 0x0000000745500000, 0x0000000745600000|  0%| F|  |TAMS 0x0000000745500000, 0x0000000745500000| Untracked 
|  76|0x0000000745600000, 0x0000000745600000, 0x0000000745700000|  0%| F|  |TAMS 0x0000000745600000, 0x0000000745600000| Untracked 
|  77|0x0000000745700000, 0x0000000745700000, 0x0000000745800000|  0%| F|  |TAMS 0x0000000745700000, 0x0000000745700000| Untracked 
|  78|0x0000000745800000, 0x0000000745800000, 0x0000000745900000|  0%| F|  |TAMS 0x0000000745800000, 0x0000000745800000| Untracked 
|  79|0x0000000745900000, 0x0000000745900000, 0x0000000745a00000|  0%| F|  |TAMS 0x0000000745900000, 0x0000000745900000| Untracked 
|  80|0x0000000745a00000, 0x0000000745a00000, 0x0000000745b00000|  0%| F|  |TAMS 0x0000000745a00000, 0x0000000745a00000| Untracked 
|  81|0x0000000745b00000, 0x0000000745b00000, 0x0000000745c00000|  0%| F|  |TAMS 0x0000000745b00000, 0x0000000745b00000| Untracked 
|  82|0x0000000745c00000, 0x0000000745c00000, 0x0000000745d00000|  0%| F|  |TAMS 0x0000000745c00000, 0x0000000745c00000| Untracked 
|  83|0x0000000745d00000, 0x0000000745d00000, 0x0000000745e00000|  0%| F|  |TAMS 0x0000000745d00000, 0x0000000745d00000| Untracked 
|  84|0x0000000745e00000, 0x0000000745e00000, 0x0000000745f00000|  0%| F|  |TAMS 0x0000000745e00000, 0x0000000745e00000| Untracked 
|  85|0x0000000745f00000, 0x0000000745f00000, 0x0000000746000000|  0%| F|  |TAMS 0x0000000745f00000, 0x0000000745f00000| Untracked 
|  86|0x0000000746000000, 0x0000000746000000, 0x0000000746100000|  0%| F|  |TAMS 0x0000000746000000, 0x0000000746000000| Untracked 
|  87|0x0000000746100000, 0x0000000746100000, 0x0000000746200000|  0%| F|  |TAMS 0x0000000746100000, 0x0000000746100000| Untracked 
|  88|0x0000000746200000, 0x0000000746200000, 0x0000000746300000|  0%| F|  |TAMS 0x0000000746200000, 0x0000000746200000| Untracked 
|  89|0x0000000746300000, 0x0000000746300000, 0x0000000746400000|  0%| F|  |TAMS 0x0000000746300000, 0x0000000746300000| Untracked 
|  90|0x0000000746400000, 0x0000000746400000, 0x0000000746500000|  0%| F|  |TAMS 0x0000000746400000, 0x0000000746400000| Untracked 
|  91|0x0000000746500000, 0x0000000746500000, 0x0000000746600000|  0%| F|  |TAMS 0x0000000746500000, 0x0000000746500000| Untracked 
|  92|0x0000000746600000, 0x0000000746600000, 0x0000000746700000|  0%| F|  |TAMS 0x0000000746600000, 0x0000000746600000| Untracked 
|  93|0x0000000746700000, 0x0000000746700000, 0x0000000746800000|  0%| F|  |TAMS 0x0000000746700000, 0x0000000746700000| Untracked 
|  94|0x0000000746800000, 0x0000000746800000, 0x0000000746900000|  0%| F|  |TAMS 0x0000000746800000, 0x0000000746800000| Untracked 
|  95|0x0000000746900000, 0x0000000746900000, 0x0000000746a00000|  0%| F|  |TAMS 0x0000000746900000, 0x0000000746900000| Untracked 
|  96|0x0000000746a00000, 0x0000000746a00000, 0x0000000746b00000|  0%| F|  |TAMS 0x0000000746a00000, 0x0000000746a00000| Untracked 
|  97|0x0000000746b00000, 0x0000000746b00000, 0x0000000746c00000|  0%| F|  |TAMS 0x0000000746b00000, 0x0000000746b00000| Untracked 
|  98|0x0000000746c00000, 0x0000000746c00000, 0x0000000746d00000|  0%| F|  |TAMS 0x0000000746c00000, 0x0000000746c00000| Untracked 
|  99|0x0000000746d00000, 0x0000000746d00000, 0x0000000746e00000|  0%| F|  |TAMS 0x0000000746d00000, 0x0000000746d00000| Untracked 
| 100|0x0000000746e00000, 0x0000000746e00000, 0x0000000746f00000|  0%| F|  |TAMS 0x0000000746e00000, 0x0000000746e00000| Untracked 
| 101|0x0000000746f00000, 0x0000000746f00000, 0x0000000747000000|  0%| F|  |TAMS 0x0000000746f00000, 0x0000000746f00000| Untracked 
| 102|0x0000000747000000, 0x0000000747000000, 0x0000000747100000|  0%| F|  |TAMS 0x0000000747000000, 0x0000000747000000| Untracked 
| 103|0x0000000747100000, 0x0000000747100000, 0x0000000747200000|  0%| F|  |TAMS 0x0000000747100000, 0x0000000747100000| Untracked 
| 104|0x0000000747200000, 0x0000000747200000, 0x0000000747300000|  0%| F|  |TAMS 0x0000000747200000, 0x0000000747200000| Untracked 
| 105|0x0000000747300000, 0x0000000747300000, 0x0000000747400000|  0%| F|  |TAMS 0x0000000747300000, 0x0000000747300000| Untracked 
| 106|0x0000000747400000, 0x0000000747400000, 0x0000000747500000|  0%| F|  |TAMS 0x0000000747400000, 0x0000000747400000| Untracked 
| 107|0x0000000747500000, 0x0000000747500000, 0x0000000747600000|  0%| F|  |TAMS 0x0000000747500000, 0x0000000747500000| Untracked 
| 108|0x0000000747600000, 0x0000000747600000, 0x0000000747700000|  0%| F|  |TAMS 0x0000000747600000, 0x0000000747600000| Untracked 
| 109|0x0000000747700000, 0x0000000747700000, 0x0000000747800000|  0%| F|  |TAMS 0x0000000747700000, 0x0000000747700000| Untracked 
| 110|0x0000000747800000, 0x0000000747800000, 0x0000000747900000|  0%| F|  |TAMS 0x0000000747800000, 0x0000000747800000| Untracked 
| 111|0x0000000747900000, 0x0000000747900000, 0x0000000747a00000|  0%| F|  |TAMS 0x0000000747900000, 0x0000000747900000| Untracked 
| 112|0x0000000747a00000, 0x0000000747a00000, 0x0000000747b00000|  0%| F|  |TAMS 0x0000000747a00000, 0x0000000747a00000| Untracked 
| 113|0x0000000747b00000, 0x0000000747b00000, 0x0000000747c00000|  0%| F|  |TAMS 0x0000000747b00000, 0x0000000747b00000| Untracked 
| 114|0x0000000747c00000, 0x0000000747c00000, 0x0000000747d00000|  0%| F|  |TAMS 0x0000000747c00000, 0x0000000747c00000| Untracked 
| 115|0x0000000747d00000, 0x0000000747d00000, 0x0000000747e00000|  0%| F|  |TAMS 0x0000000747d00000, 0x0000000747d00000| Untracked 
| 116|0x0000000747e00000, 0x0000000747e00000, 0x0000000747f00000|  0%| F|  |TAMS 0x0000000747e00000, 0x0000000747e00000| Untracked 
| 117|0x0000000747f00000, 0x0000000747f00000, 0x0000000748000000|  0%| F|  |TAMS 0x0000000747f00000, 0x0000000747f00000| Untracked 
| 118|0x0000000748000000, 0x0000000748000000, 0x0000000748100000|  0%| F|  |TAMS 0x0000000748000000, 0x0000000748000000| Untracked 
| 119|0x0000000748100000, 0x0000000748100000, 0x0000000748200000|  0%| F|  |TAMS 0x0000000748100000, 0x0000000748100000| Untracked 
| 120|0x0000000748200000, 0x0000000748200000, 0x0000000748300000|  0%| F|  |TAMS 0x0000000748200000, 0x0000000748200000| Untracked 
| 121|0x0000000748300000, 0x0000000748300000, 0x0000000748400000|  0%| F|  |TAMS 0x0000000748300000, 0x0000000748300000| Untracked 
| 122|0x0000000748400000, 0x0000000748400000, 0x0000000748500000|  0%| F|  |TAMS 0x0000000748400000, 0x0000000748400000| Untracked 
| 123|0x0000000748500000, 0x0000000748500000, 0x0000000748600000|  0%| F|  |TAMS 0x0000000748500000, 0x0000000748500000| Untracked 
| 124|0x0000000748600000, 0x0000000748600000, 0x0000000748700000|  0%| F|  |TAMS 0x0000000748600000, 0x0000000748600000| Untracked 
| 125|0x0000000748700000, 0x0000000748700000, 0x0000000748800000|  0%| F|  |TAMS 0x0000000748700000, 0x0000000748700000| Untracked 
| 126|0x0000000748800000, 0x0000000748800000, 0x0000000748900000|  0%| F|  |TAMS 0x0000000748800000, 0x0000000748800000| Untracked 
| 127|0x0000000748900000, 0x0000000748900000, 0x0000000748a00000|  0%| F|  |TAMS 0x0000000748900000, 0x0000000748900000| Untracked 
| 128|0x0000000748a00000, 0x0000000748a00000, 0x0000000748b00000|  0%| F|  |TAMS 0x0000000748a00000, 0x0000000748a00000| Untracked 
| 129|0x0000000748b00000, 0x0000000748b00000, 0x0000000748c00000|  0%| F|  |TAMS 0x0000000748b00000, 0x0000000748b00000| Untracked 
| 130|0x0000000748c00000, 0x0000000748c00000, 0x0000000748d00000|  0%| F|  |TAMS 0x0000000748c00000, 0x0000000748c00000| Untracked 
| 131|0x0000000748d00000, 0x0000000748d00000, 0x0000000748e00000|  0%| F|  |TAMS 0x0000000748d00000, 0x0000000748d00000| Untracked 
| 132|0x0000000748e00000, 0x0000000748e00000, 0x0000000748f00000|  0%| F|  |TAMS 0x0000000748e00000, 0x0000000748e00000| Untracked 
| 133|0x0000000748f00000, 0x0000000748f00000, 0x0000000749000000|  0%| F|  |TAMS 0x0000000748f00000, 0x0000000748f00000| Untracked 
| 134|0x0000000749000000, 0x0000000749000000, 0x0000000749100000|  0%| F|  |TAMS 0x0000000749000000, 0x0000000749000000| Untracked 
| 135|0x0000000749100000, 0x0000000749100000, 0x0000000749200000|  0%| F|  |TAMS 0x0000000749100000, 0x0000000749100000| Untracked 
| 136|0x0000000749200000, 0x0000000749200000, 0x0000000749300000|  0%| F|  |TAMS 0x0000000749200000, 0x0000000749200000| Untracked 
| 137|0x0000000749300000, 0x0000000749300000, 0x0000000749400000|  0%| F|  |TAMS 0x0000000749300000, 0x0000000749300000| Untracked 
| 138|0x0000000749400000, 0x0000000749400000, 0x0000000749500000|  0%| F|  |TAMS 0x0000000749400000, 0x0000000749400000| Untracked 
| 139|0x0000000749500000, 0x0000000749500000, 0x0000000749600000|  0%| F|  |TAMS 0x0000000749500000, 0x0000000749500000| Untracked 
| 140|0x0000000749600000, 0x0000000749600000, 0x0000000749700000|  0%| F|  |TAMS 0x0000000749600000, 0x0000000749600000| Untracked 
| 141|0x0000000749700000, 0x0000000749700000, 0x0000000749800000|  0%| F|  |TAMS 0x0000000749700000, 0x0000000749700000| Untracked 
| 142|0x0000000749800000, 0x0000000749800000, 0x0000000749900000|  0%| F|  |TAMS 0x0000000749800000, 0x0000000749800000| Untracked 
| 143|0x0000000749900000, 0x0000000749900000, 0x0000000749a00000|  0%| F|  |TAMS 0x0000000749900000, 0x0000000749900000| Untracked 
| 144|0x0000000749a00000, 0x0000000749a00000, 0x0000000749b00000|  0%| F|  |TAMS 0x0000000749a00000, 0x0000000749a00000| Untracked 
| 145|0x0000000749b00000, 0x0000000749b00000, 0x0000000749c00000|  0%| F|  |TAMS 0x0000000749b00000, 0x0000000749b00000| Untracked 
| 146|0x0000000749c00000, 0x0000000749c00000, 0x0000000749d00000|  0%| F|  |TAMS 0x0000000749c00000, 0x0000000749c00000| Untracked 
| 147|0x0000000749d00000, 0x0000000749d00000, 0x0000000749e00000|  0%| F|  |TAMS 0x0000000749d00000, 0x0000000749d00000| Untracked 
| 148|0x0000000749e00000, 0x0000000749e00000, 0x0000000749f00000|  0%| F|  |TAMS 0x0000000749e00000, 0x0000000749e00000| Untracked 
| 149|0x0000000749f00000, 0x0000000749f00000, 0x000000074a000000|  0%| F|  |TAMS 0x0000000749f00000, 0x0000000749f00000| Untracked 
| 150|0x000000074a000000, 0x000000074a000000, 0x000000074a100000|  0%| F|  |TAMS 0x000000074a000000, 0x000000074a000000| Untracked 
| 151|0x000000074a100000, 0x000000074a100000, 0x000000074a200000|  0%| F|  |TAMS 0x000000074a100000, 0x000000074a100000| Untracked 
| 152|0x000000074a200000, 0x000000074a200000, 0x000000074a300000|  0%| F|  |TAMS 0x000000074a200000, 0x000000074a200000| Untracked 
| 153|0x000000074a300000, 0x000000074a300000, 0x000000074a400000|  0%| F|  |TAMS 0x000000074a300000, 0x000000074a300000| Untracked 
| 154|0x000000074a400000, 0x000000074a400000, 0x000000074a500000|  0%| F|  |TAMS 0x000000074a400000, 0x000000074a400000| Untracked 
| 155|0x000000074a500000, 0x000000074a500000, 0x000000074a600000|  0%| F|  |TAMS 0x000000074a500000, 0x000000074a500000| Untracked 
| 156|0x000000074a600000, 0x000000074a600000, 0x000000074a700000|  0%| F|  |TAMS 0x000000074a600000, 0x000000074a600000| Untracked 
| 157|0x000000074a700000, 0x000000074a700000, 0x000000074a800000|  0%| F|  |TAMS 0x000000074a700000, 0x000000074a700000| Untracked 
| 158|0x000000074a800000, 0x000000074a800000, 0x000000074a900000|  0%| F|  |TAMS 0x000000074a800000, 0x000000074a800000| Untracked 
| 159|0x000000074a900000, 0x000000074a900000, 0x000000074aa00000|  0%| F|  |TAMS 0x000000074a900000, 0x000000074a900000| Untracked 
| 160|0x000000074aa00000, 0x000000074aa00000, 0x000000074ab00000|  0%| F|  |TAMS 0x000000074aa00000, 0x000000074aa00000| Untracked 
| 161|0x000000074ab00000, 0x000000074ab00000, 0x000000074ac00000|  0%| F|  |TAMS 0x000000074ab00000, 0x000000074ab00000| Untracked 
| 162|0x000000074ac00000, 0x000000074ac00000, 0x000000074ad00000|  0%| F|  |TAMS 0x000000074ac00000, 0x000000074ac00000| Untracked 
| 163|0x000000074ad00000, 0x000000074ad00000, 0x000000074ae00000|  0%| F|  |TAMS 0x000000074ad00000, 0x000000074ad00000| Untracked 
| 164|0x000000074ae00000, 0x000000074ae00000, 0x000000074af00000|  0%| F|  |TAMS 0x000000074ae00000, 0x000000074ae00000| Untracked 
| 165|0x000000074af00000, 0x000000074b000000, 0x000000074b000000|100%| S|CS|TAMS 0x000000074af00000, 0x000000074af00000| Complete 
| 166|0x000000074b000000, 0x000000074b100000, 0x000000074b100000|100%| S|CS|TAMS 0x000000074b000000, 0x000000074b000000| Complete 
| 167|0x000000074b100000, 0x000000074b200000, 0x000000074b200000|100%| S|CS|TAMS 0x000000074b100000, 0x000000074b100000| Complete 
| 168|0x000000074b200000, 0x000000074b200000, 0x000000074b300000|  0%| F|  |TAMS 0x000000074b200000, 0x000000074b200000| Untracked 
| 169|0x000000074b300000, 0x000000074b300000, 0x000000074b400000|  0%| F|  |TAMS 0x000000074b300000, 0x000000074b300000| Untracked 
| 170|0x000000074b400000, 0x000000074b400000, 0x000000074b500000|  0%| F|  |TAMS 0x000000074b400000, 0x000000074b400000| Untracked 
| 171|0x000000074b500000, 0x000000074b500000, 0x000000074b600000|  0%| F|  |TAMS 0x000000074b500000, 0x000000074b500000| Untracked 
| 172|0x000000074b600000, 0x000000074b600000, 0x000000074b700000|  0%| F|  |TAMS 0x000000074b600000, 0x000000074b600000| Untracked 
| 173|0x000000074b700000, 0x000000074b780800, 0x000000074b800000| 50%| E|  |TAMS 0x000000074b700000, 0x000000074b700000| Complete 
| 174|0x000000074b800000, 0x000000074b900000, 0x000000074b900000|100%| E|CS|TAMS 0x000000074b800000, 0x000000074b800000| Complete 
| 175|0x000000074b900000, 0x000000074ba00000, 0x000000074ba00000|100%| E|CS|TAMS 0x000000074b900000, 0x000000074b900000| Complete 
| 176|0x000000074ba00000, 0x000000074bb00000, 0x000000074bb00000|100%| E|CS|TAMS 0x000000074ba00000, 0x000000074ba00000| Complete 
| 177|0x000000074bb00000, 0x000000074bc00000, 0x000000074bc00000|100%| E|CS|TAMS 0x000000074bb00000, 0x000000074bb00000| Complete 
| 178|0x000000074bc00000, 0x000000074bd00000, 0x000000074bd00000|100%| E|CS|TAMS 0x000000074bc00000, 0x000000074bc00000| Complete 
| 179|0x000000074bd00000, 0x000000074be00000, 0x000000074be00000|100%| E|CS|TAMS 0x000000074bd00000, 0x000000074bd00000| Complete 
| 180|0x000000074be00000, 0x000000074bf00000, 0x000000074bf00000|100%| E|CS|TAMS 0x000000074be00000, 0x000000074be00000| Complete 
| 181|0x000000074bf00000, 0x000000074c000000, 0x000000074c000000|100%| E|CS|TAMS 0x000000074bf00000, 0x000000074bf00000| Complete 
| 182|0x000000074c000000, 0x000000074c100000, 0x000000074c100000|100%| E|CS|TAMS 0x000000074c000000, 0x000000074c000000| Complete 
| 183|0x000000074c100000, 0x000000074c200000, 0x000000074c200000|100%| E|CS|TAMS 0x000000074c100000, 0x000000074c100000| Complete 
| 184|0x000000074c200000, 0x000000074c300000, 0x000000074c300000|100%| E|CS|TAMS 0x000000074c200000, 0x000000074c200000| Complete 
| 185|0x000000074c300000, 0x000000074c400000, 0x000000074c400000|100%| E|CS|TAMS 0x000000074c300000, 0x000000074c300000| Complete 
| 186|0x000000074c400000, 0x000000074c500000, 0x000000074c500000|100%| E|CS|TAMS 0x000000074c400000, 0x000000074c400000| Complete 
| 187|0x000000074c500000, 0x000000074c600000, 0x000000074c600000|100%| E|CS|TAMS 0x000000074c500000, 0x000000074c500000| Complete 
| 188|0x000000074c600000, 0x000000074c700000, 0x000000074c700000|100%| E|CS|TAMS 0x000000074c600000, 0x000000074c600000| Complete 
| 189|0x000000074c700000, 0x000000074c800000, 0x000000074c800000|100%| E|CS|TAMS 0x000000074c700000, 0x000000074c700000| Complete 
| 190|0x000000074c800000, 0x000000074c900000, 0x000000074c900000|100%| E|CS|TAMS 0x000000074c800000, 0x000000074c800000| Complete 
| 191|0x000000074c900000, 0x000000074ca00000, 0x000000074ca00000|100%| E|CS|TAMS 0x000000074c900000, 0x000000074c900000| Complete 

Card table byte_map: [0x000001e152ab0000,0x000001e1530b0000] _byte_map_base: 0x000001e14f0ab000

Marking Bits (Prev, Next): (CMBitMap*) 0x000001e13f6b6f68, (CMBitMap*) 0x000001e13f6b6fa0
 Prev Bits: [0x000001e1536b0000, 0x000001e156688000)
 Next Bits: [0x000001e156690000, 0x000001e159668000)

Polling page: 0x000001e13d610000

Metaspace:

Usage:
  Non-class:     13.25 MB capacity,    13.03 MB ( 98%) used,   200.00 KB (  1%) free+waste,    21.62 KB ( <1%) overhead. 
      Class:      1.80 MB capacity,     1.69 MB ( 94%) used,   102.06 KB (  6%) free+waste,    10.62 KB ( <1%) overhead. 
       Both:     15.04 MB capacity,    14.72 MB ( 98%) used,   302.06 KB (  2%) free+waste,    32.25 KB ( <1%) overhead. 

Virtual space:
  Non-class space:       14.00 MB reserved,      13.25 MB ( 95%) committed 
      Class space:        1.00 GB reserved,       1.88 MB ( <1%) committed 
             Both:        1.01 GB reserved,      15.12 MB (  1%) committed 

Chunk freelists:
   Non-Class:  4.00 KB
       Class:  16.00 KB
        Both:  20.00 KB

MaxMetaspaceSize: 17179869184.00 GB
CompressedClassSpaceSize: 1.00 GB
Initial GC threshold: 20.80 MB
Current GC threshold: 20.80 MB
CDS: off

CodeHeap 'non-profiled nmethods': size=120000Kb used=455Kb max_used=455Kb free=119544Kb
 bounds [0x000001e14ac50000, 0x000001e14aec0000, 0x000001e152180000]
CodeHeap 'profiled nmethods': size=120000Kb used=2227Kb max_used=2227Kb free=117772Kb
 bounds [0x000001e143720000, 0x000001e143990000, 0x000001e14ac50000]
CodeHeap 'non-nmethods': size=5760Kb used=1159Kb max_used=1170Kb free=4600Kb
 bounds [0x000001e143180000, 0x000001e1433f0000, 0x000001e143720000]
 total_blobs=1634 nmethods=1214 adapters=333
 compilation: enabled
              stopped_count=0, restarted_count=0
 full_count=0

Compilation events (20 events):
Event: 23.700 Thread 0x000001e15c953800 nmethod 1184 0x000001e14393c190 code [0x000001e14393c400, 0x000001e14393cb48]
Event: 23.700 Thread 0x000001e15c953800 1185       3       java.util.LinkedList::isPositionIndex (18 bytes)
Event: 23.700 Thread 0x000001e15c953800 nmethod 1185 0x000001e14393ce90 code [0x000001e14393d040, 0x000001e14393d1d8]
Event: 23.700 Thread 0x000001e15c951800 1186 % !   4       java.io.BufferedReader::readLine @ 131 (304 bytes)
Event: 23.701 Thread 0x000001e15c953800 1187       3       java.util.LinkedList::node (65 bytes)
Event: 23.701 Thread 0x000001e15c953800 nmethod 1187 0x000001e14393d290 code [0x000001e14393d460, 0x000001e14393d738]
Event: 23.701 Thread 0x000001e15c953800 1188       3       org.gradle.util.internal.LimitedDescription::append (33 bytes)
Event: 23.702 Thread 0x000001e15c953800 nmethod 1188 0x000001e14393d890 code [0x000001e14393db00, 0x000001e14393e2a8]
Event: 23.702 Thread 0x000001e15c953800 1189       3       java.util.LinkedList::add (32 bytes)
Event: 23.702 Thread 0x000001e15c953800 nmethod 1189 0x000001e14393e590 code [0x000001e14393e7a0, 0x000001e14393ec88]
Event: 23.703 Thread 0x000001e15c953800 1190       3       java.nio.CharBuffer::arrayOffset (35 bytes)
Event: 23.703 Thread 0x000001e15c953800 nmethod 1190 0x000001e14393ee90 code [0x000001e14393f060, 0x000001e14393f338]
Event: 23.703 Thread 0x000001e15c953800 1191 %     3       sun.nio.cs.SingleByte$Decoder::decodeArrayLoop @ 88 (154 bytes)
Event: 23.705 Thread 0x000001e15c953800 nmethod 1191% 0x000001e14393f490 code [0x000001e14393f880, 0x000001e143941308]
Event: 23.705 Thread 0x000001e15c953800 1192       3       java.util.LinkedList::linkBefore (63 bytes)
Event: 23.706 Thread 0x000001e15c953800 nmethod 1192 0x000001e143941d90 code [0x000001e143941f80, 0x000001e143942478]
Event: 23.706 Thread 0x000001e15c953800 1194       3       sun.nio.cs.SingleByte$Decoder::decodeArrayLoop (154 bytes)
Event: 23.708 Thread 0x000001e15c953800 nmethod 1194 0x000001e143942610 code [0x000001e143942a00, 0x000001e143944488]
Event: 23.708 Thread 0x000001e15c953800 1193       3       java.util.LinkedList::unlinkLast (64 bytes)
Event: 23.708 Thread 0x000001e15c953800 nmethod 1193 0x000001e143944f10 code [0x000001e1439450e0, 0x000001e143945398]

GC Heap History (2 events):
Event: 0.930 GC heap before
{Heap before GC invocations=0 (full 0):
 garbage-first heap   total 196608K, used 29696K [0x0000000740a00000, 0x0000000800000000)
  region size 1024K, 24 young (24576K), 0 survivors (0K)
 Metaspace       used 10298K, capacity 10541K, committed 10624K, reserved 1058816K
  class space    used 1049K, capacity 1129K, committed 1152K, reserved 1048576K
}
Event: 0.936 GC heap after
{Heap after GC invocations=1 (full 0):
 garbage-first heap   total 196608K, used 9261K [0x0000000740a00000, 0x0000000800000000)
  region size 1024K, 3 young (3072K), 3 survivors (3072K)
 Metaspace       used 10298K, capacity 10541K, committed 10624K, reserved 1058816K
  class space    used 1049K, capacity 1129K, committed 1152K, reserved 1048576K
}

Deoptimization events (20 events):
Event: 1.224 Thread 0x000001e13f664000 Uncommon trap: trap_request=0xffffff4d fr.pc=0x000001e14aca8d08 relative=0x00000000000001c8
Event: 1.224 Thread 0x000001e13f664000 Uncommon trap: reason=unstable_if action=reinterpret pc=0x000001e14aca8d08 method=java.util.HashMap.getNode(ILjava/lang/Object;)Ljava/util/HashMap$Node; @ 129 c2
Event: 1.224 Thread 0x000001e13f664000 DEOPT PACKING pc=0x000001e14aca8d08 sp=0x00000025603fa690
Event: 1.224 Thread 0x000001e13f664000 DEOPT UNPACKING pc=0x000001e1431ca1af sp=0x00000025603fa590 mode 2
Event: 1.224 Thread 0x000001e13f664000 Uncommon trap: trap_request=0xffffffc6 fr.pc=0x000001e14ac8bcb0 relative=0x0000000000001010
Event: 1.224 Thread 0x000001e13f664000 Uncommon trap: reason=bimorphic_or_optimized_type_check action=maybe_recompile pc=0x000001e14ac8bcb0 method=java.util.HashMap.putVal(ILjava/lang/Object;Ljava/lang/Object;ZZ)Ljava/lang/Object; @ 203 c2
Event: 1.224 Thread 0x000001e13f664000 DEOPT PACKING pc=0x000001e14ac8bcb0 sp=0x00000025603fa5f0
Event: 1.224 Thread 0x000001e13f664000 DEOPT UNPACKING pc=0x000001e1431ca1af sp=0x00000025603fa590 mode 2
Event: 1.379 Thread 0x000001e13f664000 Uncommon trap: trap_request=0xffffff4d fr.pc=0x000001e14aca4bd8 relative=0x0000000000001c78
Event: 1.379 Thread 0x000001e13f664000 Uncommon trap: reason=unstable_if action=reinterpret pc=0x000001e14aca4bd8 method=java.io.WinNTFileSystem.normalize(Ljava/lang/String;)Ljava/lang/String; @ 128 c2
Event: 1.379 Thread 0x000001e13f664000 DEOPT PACKING pc=0x000001e14aca4bd8 sp=0x00000025603fa050
Event: 1.379 Thread 0x000001e13f664000 DEOPT UNPACKING pc=0x000001e1431ca1af sp=0x00000025603fa028 mode 2
Event: 1.584 Thread 0x000001e13f664000 Uncommon trap: trap_request=0xffffff4d fr.pc=0x000001e14ac82088 relative=0x00000000000005c8
Event: 1.584 Thread 0x000001e13f664000 Uncommon trap: reason=unstable_if action=reinterpret pc=0x000001e14ac82088 method=java.lang.AbstractStringBuilder.append(Ljava/lang/String;)Ljava/lang/AbstractStringBuilder; @ 1 c2
Event: 1.584 Thread 0x000001e13f664000 DEOPT PACKING pc=0x000001e14ac82088 sp=0x00000025603fc630
Event: 1.584 Thread 0x000001e13f664000 DEOPT UNPACKING pc=0x000001e1431ca1af sp=0x00000025603fc5b0 mode 2
Event: 1.584 Thread 0x000001e13f664000 Uncommon trap: trap_request=0xffffff4d fr.pc=0x000001e14ac932d8 relative=0x0000000000000598
Event: 1.584 Thread 0x000001e13f664000 Uncommon trap: reason=unstable_if action=reinterpret pc=0x000001e14ac932d8 method=java.lang.AbstractStringBuilder.append(Ljava/lang/String;)Ljava/lang/AbstractStringBuilder; @ 1 c2
Event: 1.584 Thread 0x000001e13f664000 DEOPT PACKING pc=0x000001e14ac932d8 sp=0x00000025603fc5d0
Event: 1.584 Thread 0x000001e13f664000 DEOPT UNPACKING pc=0x000001e1431ca1af sp=0x00000025603fc5b8 mode 2

Classes redefined (0 events):
No events

Internal exceptions (16 events):
Event: 0.214 Thread 0x000001e13f664000 Exception <a 'java/lang/NoSuchMethodError'{0x000000074c89e4c8}: 'int java.lang.invoke.DirectMethodHandle$Holder.invokeSpecialIFC(java.lang.Object, java.lang.Object, int)'> (0x000000074c89e4c8) thrown at [src/hotspot/share/interpreter/linkResolver.cpp, line 773]
Event: 0.313 Thread 0x000001e13f664000 Exception <a 'java/lang/NoSuchMethodError'{0x000000074c624df0}: 'int java.lang.invoke.DirectMethodHandle$Holder.invokeStaticInit(java.lang.Object, java.lang.Object)'> (0x000000074c624df0) thrown at [src/hotspot/share/interpreter/linkResolver.cpp, line 773]
Event: 0.356 Thread 0x000001e13f664000 Exception <a 'java/lang/NoSuchMethodError'{0x000000074c6f5120}: 'int java.lang.invoke.DirectMethodHandle$Holder.invokeSpecial(java.lang.Object, java.lang.Object, java.lang.Object, java.lang.Object)'> (0x000000074c6f5120) thrown at [src/hotspot/share/interpreter/linkResolver.cpp, line 773]
Event: 0.887 Thread 0x000001e13f664000 Implicit null exception at 0x000001e14ac93875 to 0x000001e14ac93a60
Event: 0.912 Thread 0x000001e13f664000 Exception <a 'java/lang/NoClassDefFoundError'{0x000000074b227b08}: org/slf4j/impl/StaticMarkerBinder> (0x000000074b227b08) thrown at [src/hotspot/share/classfile/systemDictionary.cpp, line 219]
Event: 0.944 Thread 0x000001e13f664000 Exception <a 'java/lang/NoSuchMethodError'{0x000000074c9253f8}: 'java.lang.Object java.lang.invoke.DirectMethodHandle$Holder.invokeVirtual(java.lang.Object, java.lang.Object, java.lang.Object, java.lang.Object, java.lang.Object, java.lang.Object, java.lang.Object)'> (0x000000074c9253f8) thrown at [src/hotspot/share/interpreter/linkResolver.cpp, line 773]
Event: 0.947 Thread 0x000001e13f664000 Exception <a 'java/lang/NoSuchMethodError'{0x000000074c9395a8}: 'java.lang.Object java.lang.invoke.Invokers$Holder.invoker(java.lang.Object, java.lang.Object, java.lang.Object)'> (0x000000074c9395a8) thrown at [src/hotspot/share/interpreter/linkResolver.cpp, line 773]
Event: 0.951 Thread 0x000001e13f664000 Exception <a 'java/lang/NoSuchMethodError'{0x000000074c94a228}: 'void java.lang.invoke.DelegatingMethodHandle$Holder.delegate(java.lang.Object, java.lang.Object, int, java.lang.Object)'> (0x000000074c94a228) thrown at [src/hotspot/share/interpreter/linkResolver.cpp, line 773]
Event: 1.056 Thread 0x000001e13f664000 Exception <a 'java/lang/NoSuchMethodError'{0x000000074c39f2c0}: 'java.lang.Object java.lang.invoke.DirectMethodHandle$Holder.invokeInterface(java.lang.Object, java.lang.Object, java.lang.Object)'> (0x000000074c39f2c0) thrown at [src/hotspot/share/interpreter/linkResolver.cpp, line 773]
Event: 1.117 Thread 0x000001e13f664000 Exception <a 'java/lang/NoSuchMethodError'{0x000000074c0482f0}: 'java.lang.Object java.lang.invoke.DirectMethodHandle$Holder.invokeStaticInit(java.lang.Object, java.lang.Object, java.lang.Object)'> (0x000000074c0482f0) thrown at [src/hotspot/share/interpreter/linkResolver.cpp, line 773]
Event: 1.244 Thread 0x000001e13f664000 Exception <a 'java/lang/NoSuchMethodError'{0x000000074bbb24f0}: 'java.lang.Object java.lang.invoke.DirectMethodHandle$Holder.invokeStaticInit(java.lang.Object, int, int, int, int)'> (0x000000074bbb24f0) thrown at [src/hotspot/share/interpreter/linkResolver.cpp, line 773]
Event: 1.387 Thread 0x000001e13f664000 Exception <a 'java/lang/NoSuchMethodError'{0x000000074bbfb710}: 'java.lang.Object java.lang.invoke.DirectMethodHandle$Holder.invokeStaticInit(java.lang.Object, java.lang.Object, int, int, int, int)'> (0x000000074bbfb710) thrown at [src/hotspot/share/interpreter/linkResolver.cpp, line 773]
Event: 1.584 Thread 0x000001e13f664000 Implicit null exception at 0x000001e14ac81af4 to 0x000001e14ac82074
Event: 1.584 Thread 0x000001e13f664000 Implicit null exception at 0x000001e14ac92d74 to 0x000001e14ac932c4
Event: 23.691 Thread 0x000001e13f664000 Exception <a 'java/io/IOException'{0x000000074b831808}> (0x000000074b831808) thrown at [src/hotspot/share/prims/jni.cpp, line 617]
Event: 23.709 Thread 0x000001e13f664000 Exception <a 'java/lang/NoSuchMethodError'{0x000000074b702b60}: 'int java.lang.invoke.DirectMethodHandle$Holder.invokeVirtual(java.lang.Object, java.lang.Object)'> (0x000000074b702b60) thrown at [src/hotspot/share/interpreter/linkResolver.cpp, line 773]

Events (20 events):
Event: 23.595 loading class org/gradle/internal/logging/events/operations/StyledTextBuildOperationProgressDetails$Span
Event: 23.595 loading class org/gradle/internal/logging/events/operations/StyledTextBuildOperationProgressDetails$Span done
Event: 23.595 loading class org/gradle/internal/operations/logging/StyledTextBuildOperationProgressDetails$Span
Event: 23.595 loading class org/gradle/internal/operations/logging/StyledTextBuildOperationProgressDetails$Span done
Event: 23.691 loading class com/google/common/base/Objects
Event: 23.691 loading class com/google/common/base/Objects done
Event: 23.691 loading class com/google/common/base/ExtraObjectsMethodsForWeb
Event: 23.691 loading class com/google/common/base/ExtraObjectsMethodsForWeb done
Event: 23.692 loading class org/slf4j/helpers/MessageFormatter
Event: 23.692 loading class org/slf4j/helpers/MessageFormatter done
Event: 23.693 loading class org/slf4j/helpers/FormattingTuple
Event: 23.693 loading class org/slf4j/helpers/FormattingTuple done
Event: 23.694 loading class org/gradle/util/internal/LimitedDescription
Event: 23.694 loading class org/gradle/util/internal/LimitedDescription done
Event: 23.706 loading class com/google/common/collect/Lists$ReverseList
Event: 23.706 loading class com/google/common/collect/Lists$ReverseList done
Event: 23.707 loading class com/google/common/collect/Lists$ReverseList$1
Event: 23.707 loading class com/google/common/collect/Lists$ReverseList$1 done
Event: 23.710 loading class org/gradle/internal/logging/text/AbstractLineChoppingStyledTextOutput$StateContext
Event: 23.710 loading class org/gradle/internal/logging/text/AbstractLineChoppingStyledTextOutput$StateContext done


Dynamic libraries:
0x00007ff732410000 - 0x00007ff73241a000 	C:\Program Files\Android\Android Studio\jbr\bin\java.exe
0x00007ffc64b50000 - 0x00007ffc64d47000 	C:\Windows\SYSTEM32\ntdll.dll
0x00007ffc62e30000 - 0x00007ffc62eed000 	C:\Windows\System32\KERNEL32.DLL
0x00007ffc627b0000 - 0x00007ffc62aa6000 	C:\Windows\System32\KERNELBASE.dll
0x00007ffc62ab0000 - 0x00007ffc62bb0000 	C:\Windows\System32\ucrtbase.dll
0x00007ffc41df0000 - 0x00007ffc41e0b000 	C:\Program Files\Android\Android Studio\jbr\bin\VCRUNTIME140.dll
0x00007ffc42370000 - 0x00007ffc42387000 	C:\Program Files\Android\Android Studio\jbr\bin\jli.dll
0x00007ffc64150000 - 0x00007ffc642ee000 	C:\Windows\System32\USER32.dll
0x00007ffc49f70000 - 0x00007ffc4a20a000 	C:\Windows\WinSxS\amd64_microsoft.windows.common-controls_6595b64144ccf1df_6.0.19041.3570_none_60bb2a3971f3e41a\COMCTL32.dll
0x00007ffc62780000 - 0x00007ffc627a2000 	C:\Windows\System32\win32u.dll
0x00007ffc635e0000 - 0x00007ffc6367e000 	C:\Windows\System32\msvcrt.dll
0x00007ffc642f0000 - 0x00007ffc6431c000 	C:\Windows\System32\GDI32.dll
0x00007ffc622a0000 - 0x00007ffc623ba000 	C:\Windows\System32\gdi32full.dll
0x00007ffc62690000 - 0x00007ffc6272d000 	C:\Windows\System32\msvcp_win.dll
0x00007ffc62ce0000 - 0x00007ffc62d10000 	C:\Windows\System32\IMM32.DLL
0x00007ffc443e0000 - 0x00007ffc443ec000 	C:\Program Files\Android\Android Studio\jbr\bin\vcruntime140_1.dll
0x00007ffc2a250000 - 0x00007ffc2a2dd000 	C:\Program Files\Android\Android Studio\jbr\bin\msvcp140.dll
0x00007ffc190d0000 - 0x00007ffc19c8c000 	C:\Program Files\Android\Android Studio\jbr\bin\server\jvm.dll
0x00007ffc62c30000 - 0x00007ffc62cde000 	C:\Windows\System32\ADVAPI32.dll
0x00007ffc64380000 - 0x00007ffc6441c000 	C:\Windows\System32\sechost.dll
0x00007ffc62f00000 - 0x00007ffc63026000 	C:\Windows\System32\RPCRT4.dll
0x00007ffc64140000 - 0x00007ffc64148000 	C:\Windows\System32\PSAPI.DLL
0x00007ffc5fa80000 - 0x00007ffc5fa89000 	C:\Windows\SYSTEM32\WSOCK32.dll
0x00007ffc513e0000 - 0x00007ffc51407000 	C:\Windows\SYSTEM32\WINMM.dll
0x00007ffc636e0000 - 0x00007ffc6374b000 	C:\Windows\System32\WS2_32.dll
0x00007ffc5c9c0000 - 0x00007ffc5c9ca000 	C:\Windows\SYSTEM32\VERSION.dll
0x00007ffc600f0000 - 0x00007ffc60102000 	C:\Windows\SYSTEM32\kernel.appcore.dll
0x00007ffc5eb60000 - 0x00007ffc5eb70000 	C:\Program Files\Android\Android Studio\jbr\bin\verify.dll
0x00007ffc4caf0000 - 0x00007ffc4ccd4000 	C:\Windows\SYSTEM32\DBGHELP.DLL
0x00007ffc4a600000 - 0x00007ffc4a634000 	C:\Windows\SYSTEM32\dbgcore.DLL
0x00007ffc623c0000 - 0x00007ffc62442000 	C:\Windows\System32\bcryptPrimitives.dll
0x00007ffc50d30000 - 0x00007ffc50d58000 	C:\Program Files\Android\Android Studio\jbr\bin\java.dll
0x00007ffc5eb50000 - 0x00007ffc5eb5a000 	C:\Program Files\Android\Android Studio\jbr\bin\jimage.dll
0x00007ffc5a7b0000 - 0x00007ffc5a7c8000 	C:\Program Files\Android\Android Studio\jbr\bin\zip.dll
0x00007ffc63750000 - 0x00007ffc63e94000 	C:\Windows\System32\SHELL32.dll
0x00007ffc602f0000 - 0x00007ffc60a8b000 	C:\Windows\SYSTEM32\windows.storage.dll
0x00007ffc644d0000 - 0x00007ffc64824000 	C:\Windows\System32\combase.dll
0x00007ffc61c70000 - 0x00007ffc61c9d000 	C:\Windows\SYSTEM32\Wldp.dll
0x00007ffc64420000 - 0x00007ffc644cd000 	C:\Windows\System32\SHCORE.dll
0x00007ffc63680000 - 0x00007ffc636d5000 	C:\Windows\System32\shlwapi.dll
0x00007ffc62160000 - 0x00007ffc62185000 	C:\Windows\SYSTEM32\profapi.dll
0x00007ffc59ba0000 - 0x00007ffc59bb9000 	C:\Program Files\Android\Android Studio\jbr\bin\net.dll
0x00007ffc5b760000 - 0x00007ffc5b86a000 	C:\Windows\SYSTEM32\WINHTTP.dll
0x00007ffc61960000 - 0x00007ffc619ca000 	C:\Windows\system32\mswsock.dll
0x00007ffc50ce0000 - 0x00007ffc50cf3000 	C:\Program Files\Android\Android Studio\jbr\bin\nio.dll
0x00007ffc40690000 - 0x00007ffc406b7000 	C:\Users\Muzaffar\.gradle\native\e1d6ef7f7dcc3fd88c89a11ec53ec762bb8ba0a96d01ffa2cd45eb1d1d8dd5c5\windows-amd64\native-platform.dll
0x00007ffc5eb40000 - 0x00007ffc5eb4a000 	C:\Program Files\Android\Android Studio\jbr\bin\management.dll
0x00007ffc5d790000 - 0x00007ffc5d79b000 	C:\Program Files\Android\Android Studio\jbr\bin\management_ext.dll
0x00007ffc61b50000 - 0x00007ffc61b68000 	C:\Windows\SYSTEM32\CRYPTSP.dll
0x00007ffc61210000 - 0x00007ffc61244000 	C:\Windows\system32\rsaenh.dll
0x00007ffc62660000 - 0x00007ffc62687000 	C:\Windows\System32\bcrypt.dll
0x00007ffc62120000 - 0x00007ffc6214e000 	C:\Windows\SYSTEM32\USERENV.dll
0x00007ffc61b70000 - 0x00007ffc61b7c000 	C:\Windows\SYSTEM32\CRYPTBASE.dll
0x00007ffc615f0000 - 0x00007ffc6162b000 	C:\Windows\SYSTEM32\IPHLPAPI.DLL
0x00007ffc63030000 - 0x00007ffc63038000 	C:\Windows\System32\NSI.dll
0x00007ffc5bdb0000 - 0x00007ffc5bdc7000 	C:\Windows\SYSTEM32\dhcpcsvc6.DLL
0x00007ffc5c1e0000 - 0x00007ffc5c1fd000 	C:\Windows\SYSTEM32\dhcpcsvc.DLL
0x00007ffc61630000 - 0x00007ffc616fa000 	C:\Windows\SYSTEM32\DNSAPI.dll

dbghelp: loaded successfully - version: 4.0.5 - missing functions: none
symbol engine: initialized successfully - sym options: 0x614 - pdb path: .;C:\Program Files\Android\Android Studio\jbr\bin;C:\Windows\SYSTEM32;C:\Windows\WinSxS\amd64_microsoft.windows.common-controls_6595b64144ccf1df_6.0.19041.3570_none_60bb2a3971f3e41a;C:\Program Files\Android\Android Studio\jbr\bin\server;C:\Users\Muzaffar\.gradle\native\e1d6ef7f7dcc3fd88c89a11ec53ec762bb8ba0a96d01ffa2cd45eb1d1d8dd5c5\windows-amd64

VM Arguments:
jvm_args: -Dorg.gradle.appname=gradlew 
java_command: org.gradle.wrapper.GradleWrapperMain -q -Ptarget-platform=android-x64 -Ptarget=F:\Abubakar Work\ENGAPP\lib\main.dart -Pbase-application-name=android.app.Application -Pdart-defines=Zmx1dHRlci5pbnNwZWN0b3Iuc3RydWN0dXJlZEVycm9ycz10cnVl,RkxVVFRFUl9XRUJfQVVUT19ERVRFQ1Q9dHJ1ZQ==,RkxVVFRFUl9XRUJfQ0FOVkFTS0lUX1VSTD1odHRwczovL3d3dy5nc3RhdGljLmNvbS9mbHV0dGVyLWNhbnZhc2tpdC83NjdkOGM3NWU4OTgwOTFiOTI1NTE5ODAzODMwZmMyNzIxNjU4ZDA3Lw== -Pdart-obfuscation=false -Ptrack-widget-creation=true -Ptree-shake-icons=false -Pfilesystem-scheme=org-dartlang-root assembleDebug
java_class_path (initial): F:\Abubakar Work\ENGAPP\android\\gradle\wrapper\gradle-wrapper.jar
Launcher Type: SUN_STANDARD

[Global flags]
     intx CICompilerCount                          = 4                                         {product} {ergonomic}
     uint ConcGCThreads                            = 2                                         {product} {ergonomic}
     uint G1ConcRefinementThreads                  = 8                                         {product} {ergonomic}
   size_t G1HeapRegionSize                         = 1048576                                   {product} {ergonomic}
    uintx GCDrainStackTargetSize                   = 64                                        {product} {ergonomic}
   size_t InitialHeapSize                          = 201326592                                 {product} {ergonomic}
   size_t MarkStackSize                            = 4194304                                   {product} {ergonomic}
   size_t MaxHeapSize                              = 3210739712                                {product} {ergonomic}
   size_t MaxNewSize                               = 1926234112                                {product} {ergonomic}
   size_t MinHeapDeltaBytes                        = 1048576                                   {product} {ergonomic}
    uintx NonNMethodCodeHeapSize                   = 5836300                                {pd product} {ergonomic}
    uintx NonProfiledCodeHeapSize                  = 122910970                              {pd product} {ergonomic}
    uintx ProfiledCodeHeapSize                     = 122910970                              {pd product} {ergonomic}
    uintx ReservedCodeCacheSize                    = 251658240                              {pd product} {ergonomic}
     bool SegmentedCodeCache                       = true                                      {product} {ergonomic}
     bool UseCompressedClassPointers               = true                                 {lp64_product} {ergonomic}
     bool UseCompressedOops                        = true                                 {lp64_product} {ergonomic}
     bool UseG1GC                                  = true                                      {product} {ergonomic}
     bool UseLargePagesIndividualAllocation        = false                                  {pd product} {ergonomic}

Logging:
Log output configuration:
 #0: stdout all=warning uptime,level,tags
 #1: stderr all=off uptime,level,tags

Environment Variables:
JAVA_HOME=C:\Program Files\Android\Android Studio\jbr
CLASSPATH=F:\Abubakar Work\ENGAPP\android\\gradle\wrapper\gradle-wrapper.jar
PATH=C:\Program Files\Android\Android Studio\jbr\bin;C:\Python311\Scripts\;C:\Python311\;C:\Program Files (x86)\Common Files\Intel\Shared Libraries\redist\intel64\compiler;C:\Windows\system32;C:\Windows;C:\Windows\System32\Wbem;C:\Windows\System32\WindowsPowerShell\v1.0\;C:\Windows\System32\OpenSSH\;C:\Program Files (x86)\NVIDIA Corporation\PhysX\Common;C:\Program Files\NVIDIA Corporation\NVIDIA NvDLISR;C:\Program Files\dotnet\;C:\Program Files (x86)\QuickTime\QTSystem\;C:\Program Files\Git\cmd;C:\Program Files\nodejs\;C:\ProgramData\chocolatey\bin;C:\Program Files\Go\bin;C:\Users\Muzaffar\AppData\Local\Microsoft\WindowsApps;C:\Users\Muzaffar\AppData\Local\Programs\Microsoft VS Code\bin;C:\Users\Muzaffar\AppData\Roaming\npm;C:\Users\Muzaffar\go\bin;F:\flutter_windows_3.13.8-stable\flutter\bin;;F:\flutter_windows_3.13.8-stable\flutter\bin\mingit\cmd
USERNAME=Muzaffar
OS=Windows_NT
PROCESSOR_IDENTIFIER=Intel64 Family 6 Model 42 Stepping 7, GenuineIntel



---------------  S Y S T E M  ---------------

OS: Windows 10 , 64 bit Build 19041 (10.0.19041.3570)
OS uptime: 0 days 23:06 hours

CPU:total 8 (initial active 8) (4 cores per cpu, 2 threads per core) family 6 model 42 stepping 7 microcode 0x2f, cmov, cx8, fxsr, mmx, sse, sse2, sse3, ssse3, sse4.1, sse4.2, popcnt, avx, aes, clmul, ht, tsc, tscinvbit

Memory: 4k page, system-wide physical 12244M (837M free)
TotalPageFile size 16340M (AvailPageFile size 340M)
current process WorkingSet (physical memory assigned to process): 99M, peak: 101M
current process commit charge ("private bytes"): 294M, peak: 296M

vm_info: OpenJDK 64-Bit Server VM (11.0.15+0-b2043.56-9505619) for windows-amd64 JRE (11.0.15+0-b2043.56-9505619), built on Jan 19 2023 02:48:00 by "builduser" with unknown MS VC++:1929

END.
